[0.015s] Invoking command in '/home/rlagent/jay_ws/build/jaybot': AMENT_PREFIX_PATH=/home/rlagent/jay_ws/install/rl_custom_messages:${AMENT_PREFIX_PATH} CMAKE_PREFIX_PATH=/home/rlagent/jay_ws/install/rl_custom_messages:/opt/ros/humble LD_LIBRARY_PATH=/home/rlagent/jay_ws/install/rl_custom_messages/lib:${LD_LIBRARY_PATH} PYTHONPATH=/home/rlagent/jay_ws/install/rl_custom_messages/local/lib/python3.10/dist-packages:${PYTHONPATH} /usr/bin/cmake /home/rlagent/jay_ws/jaybot -DCMAKE_INSTALL_PREFIX=/home/rlagent/jay_ws/install/jaybot
[0.114s] -- The C compiler identification is GNU 11.3.0
[0.209s] -- The CXX compiler identification is GNU 11.3.0
[0.221s] -- Detecting C compiler ABI info
[0.346s] -- Detecting C compiler ABI info - done
[0.353s] -- Check for working C compiler: /usr/bin/cc - skipped
[0.354s] -- Detecting C compile features
[0.355s] -- Detecting C compile features - done
[0.359s] -- Detecting CXX compiler ABI info
[0.503s] -- Detecting CXX compiler ABI info - done
[0.510s] -- Check for working CXX compiler: /usr/bin/c++ - skipped
[0.511s] -- Detecting CXX compile features
[0.512s] -- Detecting CXX compile features - done
[0.515s] -- Found ament_cmake: 1.3.4 (/opt/ros/humble/share/ament_cmake/cmake)
[0.748s] -- Found Python3: /usr/bin/python3.10 (found version "3.10.6") found components: Interpreter 
[0.862s] -- Found rclcpp: 16.0.4 (/opt/ros/humble/share/rclcpp/cmake)
[0.917s] -- Found rosidl_generator_c: 3.1.4 (/opt/ros/humble/share/rosidl_generator_c/cmake)
[0.926s] -- Found rosidl_adapter: 3.1.4 (/opt/ros/humble/share/rosidl_adapter/cmake)
[0.938s] -- Found rosidl_generator_cpp: 3.1.4 (/opt/ros/humble/share/rosidl_generator_cpp/cmake)
[0.959s] -- Using all available rosidl_typesupport_c: rosidl_typesupport_fastrtps_c;rosidl_typesupport_introspection_c
[0.987s] -- Using all available rosidl_typesupport_cpp: rosidl_typesupport_fastrtps_cpp;rosidl_typesupport_introspection_cpp
[1.086s] -- Found rmw_implementation_cmake: 6.1.1 (/opt/ros/humble/share/rmw_implementation_cmake/cmake)
[1.090s] -- Found rmw_fastrtps_cpp: 6.2.2 (/opt/ros/humble/share/rmw_fastrtps_cpp/cmake)
[1.242s] -- Found OpenSSL: /usr/lib/x86_64-linux-gnu/libcrypto.so (found version "3.0.2")  
[1.274s] -- Found FastRTPS: /opt/ros/humble/include  
[1.333s] -- Using RMW implementation 'rmw_fastrtps_cpp' as default
[1.347s] -- Looking for pthread.h
[1.477s] -- Looking for pthread.h - found
[1.479s] -- Performing Test CMAKE_HAVE_LIBC_PTHREAD
[1.610s] -- Performing Test CMAKE_HAVE_LIBC_PTHREAD - Success
[1.610s] -- Found Threads: TRUE  
[1.842s] -- Found rl_custom_messages: 0.0.0 (/home/rlagent/jay_ws/install/rl_custom_messages/share/rl_custom_messages/cmake)
[1.946s] -- Configuring done
[1.970s] -- Generating done
[1.972s] -- Build files have been written to: /home/rlagent/jay_ws/build/jaybot
[1.986s] Invoked command in '/home/rlagent/jay_ws/build/jaybot' returned '0': AMENT_PREFIX_PATH=/home/rlagent/jay_ws/install/rl_custom_messages:${AMENT_PREFIX_PATH} CMAKE_PREFIX_PATH=/home/rlagent/jay_ws/install/rl_custom_messages:/opt/ros/humble LD_LIBRARY_PATH=/home/rlagent/jay_ws/install/rl_custom_messages/lib:${LD_LIBRARY_PATH} PYTHONPATH=/home/rlagent/jay_ws/install/rl_custom_messages/local/lib/python3.10/dist-packages:${PYTHONPATH} /usr/bin/cmake /home/rlagent/jay_ws/jaybot -DCMAKE_INSTALL_PREFIX=/home/rlagent/jay_ws/install/jaybot
[1.987s] Invoking command in '/home/rlagent/jay_ws/build/jaybot': AMENT_PREFIX_PATH=/home/rlagent/jay_ws/install/rl_custom_messages:${AMENT_PREFIX_PATH} CMAKE_PREFIX_PATH=/home/rlagent/jay_ws/install/rl_custom_messages:/opt/ros/humble LD_LIBRARY_PATH=/home/rlagent/jay_ws/install/rl_custom_messages/lib:${LD_LIBRARY_PATH} PYTHONPATH=/home/rlagent/jay_ws/install/rl_custom_messages/local/lib/python3.10/dist-packages:${PYTHONPATH} /usr/bin/cmake --build /home/rlagent/jay_ws/build/jaybot -- -j2 -l2
[2.079s] [ 25%] [32mBuilding CXX object CMakeFiles/range_publisher.dir/src/range_publisher.cpp.o[0m
[2.081s] [ 50%] [32mBuilding CXX object CMakeFiles/range_subscriber.dir/src/range_subscriber.cpp.o[0m
[5.410s] [01m[K/home/rlagent/jay_ws/jaybot/src/range_publisher.cpp:[m[K In constructor â€˜[01m[KRangePublisher::RangePublisher()[m[Kâ€™:
[5.411s] [01m[K/home/rlagent/jay_ws/jaybot/src/range_publisher.cpp:18:27:[m[K [01;31m[Kerror: [m[Kno matching function for call to â€˜[01m[KRangesensor::Rangesensor()[m[Kâ€™
[5.411s]    18 |   : Node("range_publisher"[01;31m[K)[m[K
[5.411s]       |                           [01;31m[K^[m[K
[5.412s] In file included from [01m[K/home/rlagent/jay_ws/jaybot/src/range_publisher.cpp:10[m[K:
[5.412s] [01m[K/home/rlagent/jay_ws/jaybot/include/jaybot/RangeSensor.h:37:1:[m[K [01;36m[Knote: [m[Kcandidate: â€˜[01m[KRangesensor::Rangesensor(int, int)[m[Kâ€™
[5.412s]    37 | [01;36m[KRangesensor[m[K::Rangesensor(int trigpin, int echopin)
[5.413s]       | [01;36m[K^~~~~~~~~~~[m[K
[5.413s] [01m[K/home/rlagent/jay_ws/jaybot/include/jaybot/RangeSensor.h:37:1:[m[K [01;36m[Knote: [m[K  candidate expects 2 arguments, 0 provided
[5.413s] [01m[K/home/rlagent/jay_ws/jaybot/include/jaybot/RangeSensor.h:15:7:[m[K [01;36m[Knote: [m[Kcandidate: â€˜[01m[KRangesensor::Rangesensor(const Rangesensor&)[m[Kâ€™
[5.414s]    15 | class [01;36m[KRangesensor[m[K
[5.414s]       |       [01;36m[K^~~~~~~~~~~[m[K
[5.415s] [01m[K/home/rlagent/jay_ws/jaybot/include/jaybot/RangeSensor.h:15:7:[m[K [01;36m[Knote: [m[K  candidate expects 1 argument, 0 provided
[5.415s] [01m[K/home/rlagent/jay_ws/jaybot/include/jaybot/RangeSensor.h:15:7:[m[K [01;36m[Knote: [m[Kcandidate: â€˜[01m[KRangesensor::Rangesensor(Rangesensor&&)[m[Kâ€™
[5.415s] [01m[K/home/rlagent/jay_ws/jaybot/include/jaybot/RangeSensor.h:15:7:[m[K [01;36m[Knote: [m[K  candidate expects 1 argument, 0 provided
[5.416s] [01m[K/home/rlagent/jay_ws/jaybot/src/range_publisher.cpp:18:27:[m[K [01;31m[Kerror: [m[Kno matching function for call to â€˜[01m[KRangesensor::Rangesensor()[m[Kâ€™
[5.416s]    18 |   : Node("range_publisher"[01;31m[K)[m[K
[5.417s]       |                           [01;31m[K^[m[K
[5.417s] In file included from [01m[K/home/rlagent/jay_ws/jaybot/src/range_publisher.cpp:10[m[K:
[5.417s] [01m[K/home/rlagent/jay_ws/jaybot/include/jaybot/RangeSensor.h:37:1:[m[K [01;36m[Knote: [m[Kcandidate: â€˜[01m[KRangesensor::Rangesensor(int, int)[m[Kâ€™
[5.418s]    37 | [01;36m[KRangesensor[m[K::Rangesensor(int trigpin, int echopin)
[5.418s]       | [01;36m[K^~~~~~~~~~~[m[K
[5.418s] [01m[K/home/rlagent/jay_ws/jaybot/include/jaybot/RangeSensor.h:37:1:[m[K [01;36m[Knote: [m[K  candidate expects 2 arguments, 0 provided
[5.419s] [01m[K/home/rlagent/jay_ws/jaybot/include/jaybot/RangeSensor.h:15:7:[m[K [01;36m[Knote: [m[Kcandidate: â€˜[01m[KRangesensor::Rangesensor(const Rangesensor&)[m[Kâ€™
[5.419s]    15 | class [01;36m[KRangesensor[m[K
[5.419s]       |       [01;36m[K^~~~~~~~~~~[m[K
[5.420s] [01m[K/home/rlagent/jay_ws/jaybot/include/jaybot/RangeSensor.h:15:7:[m[K [01;36m[Knote: [m[K  candidate expects 1 argument, 0 provided
[5.420s] [01m[K/home/rlagent/jay_ws/jaybot/include/jaybot/RangeSensor.h:15:7:[m[K [01;36m[Knote: [m[Kcandidate: â€˜[01m[KRangesensor::Rangesensor(Rangesensor&&)[m[Kâ€™
[5.420s] [01m[K/home/rlagent/jay_ws/jaybot/include/jaybot/RangeSensor.h:15:7:[m[K [01;36m[Knote: [m[K  candidate expects 1 argument, 0 provided
[5.421s] [01m[K/home/rlagent/jay_ws/jaybot/src/range_publisher.cpp:18:27:[m[K [01;31m[Kerror: [m[Kno matching function for call to â€˜[01m[KRangesensor::Rangesensor()[m[Kâ€™
[5.421s]    18 |   : Node("range_publisher"[01;31m[K)[m[K
[5.421s]       |                           [01;31m[K^[m[K
[5.422s] In file included from [01m[K/home/rlagent/jay_ws/jaybot/src/range_publisher.cpp:10[m[K:
[5.422s] [01m[K/home/rlagent/jay_ws/jaybot/include/jaybot/RangeSensor.h:37:1:[m[K [01;36m[Knote: [m[Kcandidate: â€˜[01m[KRangesensor::Rangesensor(int, int)[m[Kâ€™
[5.422s]    37 | [01;36m[KRangesensor[m[K::Rangesensor(int trigpin, int echopin)
[5.423s]       | [01;36m[K^~~~~~~~~~~[m[K
[5.423s] [01m[K/home/rlagent/jay_ws/jaybot/include/jaybot/RangeSensor.h:37:1:[m[K [01;36m[Knote: [m[K  candidate expects 2 arguments, 0 provided
[5.423s] [01m[K/home/rlagent/jay_ws/jaybot/include/jaybot/RangeSensor.h:15:7:[m[K [01;36m[Knote: [m[Kcandidate: â€˜[01m[KRangesensor::Rangesensor(const Rangesensor&)[m[Kâ€™
[5.424s]    15 | class [01;36m[KRangesensor[m[K
[5.424s]       |       [01;36m[K^~~~~~~~~~~[m[K
[5.424s] [01m[K/home/rlagent/jay_ws/jaybot/include/jaybot/RangeSensor.h:15:7:[m[K [01;36m[Knote: [m[K  candidate expects 1 argument, 0 provided
[5.427s] [01m[K/home/rlagent/jay_ws/jaybot/include/jaybot/RangeSensor.h:15:7:[m[K [01;36m[Knote: [m[Kcandidate: â€˜[01m[KRangesensor::Rangesensor(Rangesensor&&)[m[Kâ€™
[5.427s] [01m[K/home/rlagent/jay_ws/jaybot/include/jaybot/RangeSensor.h:15:7:[m[K [01;36m[Knote: [m[K  candidate expects 1 argument, 0 provided
[5.427s] [01m[K/home/rlagent/jay_ws/jaybot/src/range_publisher.cpp:18:27:[m[K [01;31m[Kerror: [m[Kno matching function for call to â€˜[01m[KRangesensor::Rangesensor()[m[Kâ€™
[5.427s]    18 |   : Node("range_publisher"[01;31m[K)[m[K
[5.427s]       |                           [01;31m[K^[m[K
[5.427s] In file included from [01m[K/home/rlagent/jay_ws/jaybot/src/range_publisher.cpp:10[m[K:
[5.427s] [01m[K/home/rlagent/jay_ws/jaybot/include/jaybot/RangeSensor.h:37:1:[m[K [01;36m[Knote: [m[Kcandidate: â€˜[01m[KRangesensor::Rangesensor(int, int)[m[Kâ€™
[5.428s]    37 | [01;36m[KRangesensor[m[K::Rangesensor(int trigpin, int echopin)
[5.428s]       | [01;36m[K^~~~~~~~~~~[m[K
[5.428s] [01m[K/home/rlagent/jay_ws/jaybot/include/jaybot/RangeSensor.h:37:1:[m[K [01;36m[Knote: [m[K  candidate expects 2 arguments, 0 provided
[5.428s] [01m[K/home/rlagent/jay_ws/jaybot/include/jaybot/RangeSensor.h:15:7:[m[K [01;36m[Knote: [m[Kcandidate: â€˜[01m[KRangesensor::Rangesensor(const Rangesensor&)[m[Kâ€™
[5.428s]    15 | class [01;36m[KRangesensor[m[K
[5.428s]       |       [01;36m[K^~~~~~~~~~~[m[K
[5.428s] [01m[K/home/rlagent/jay_ws/jaybot/include/jaybot/RangeSensor.h:15:7:[m[K [01;36m[Knote: [m[K  candidate expects 1 argument, 0 provided
[5.428s] [01m[K/home/rlagent/jay_ws/jaybot/include/jaybot/RangeSensor.h:15:7:[m[K [01;36m[Knote: [m[Kcandidate: â€˜[01m[KRangesensor::Rangesensor(Rangesensor&&)[m[Kâ€™
[5.438s] [01m[K/home/rlagent/jay_ws/jaybot/include/jaybot/RangeSensor.h:15:7:[m[K [01;36m[Knote: [m[K  candidate expects 1 argument, 0 provided
[6.491s] gmake[2]: *** [CMakeFiles/range_publisher.dir/build.make:76: CMakeFiles/range_publisher.dir/src/range_publisher.cpp.o] Error 1
[6.492s] gmake[1]: *** [CMakeFiles/Makefile2:139: CMakeFiles/range_publisher.dir/all] Error 2
[6.493s] gmake[1]: *** Waiting for unfinished jobs....
[12.284s] [ 75%] [32m[1mLinking CXX executable range_subscriber[0m
[12.831s] [ 75%] Built target range_subscriber
[12.832s] gmake: *** [Makefile:146: all] Error 2
[12.837s] Invoked command in '/home/rlagent/jay_ws/build/jaybot' returned '2': AMENT_PREFIX_PATH=/home/rlagent/jay_ws/install/rl_custom_messages:${AMENT_PREFIX_PATH} CMAKE_PREFIX_PATH=/home/rlagent/jay_ws/install/rl_custom_messages:/opt/ros/humble LD_LIBRARY_PATH=/home/rlagent/jay_ws/install/rl_custom_messages/lib:${LD_LIBRARY_PATH} PYTHONPATH=/home/rlagent/jay_ws/install/rl_custom_messages/local/lib/python3.10/dist-packages:${PYTHONPATH} /usr/bin/cmake --build /home/rlagent/jay_ws/build/jaybot -- -j2 -l2
