[0.011s] Invoking command in '/home/rlagent/jay_ws/build/jaybot': CMAKE_PREFIX_PATH=/opt/ros/humble /usr/bin/cmake --build /home/rlagent/jay_ws/build/jaybot -- -j2 -l2
[0.032s] -- Found ament_cmake: 1.3.4 (/opt/ros/humble/share/ament_cmake/cmake)
[0.143s] -- Found rclcpp: 16.0.4 (/opt/ros/humble/share/rclcpp/cmake)
[0.167s] -- Found rosidl_generator_c: 3.1.4 (/opt/ros/humble/share/rosidl_generator_c/cmake)
[0.169s] -- Found rosidl_adapter: 3.1.4 (/opt/ros/humble/share/rosidl_adapter/cmake)
[0.174s] -- Found rosidl_generator_cpp: 3.1.4 (/opt/ros/humble/share/rosidl_generator_cpp/cmake)
[0.183s] -- Using all available rosidl_typesupport_c: rosidl_typesupport_fastrtps_c;rosidl_typesupport_introspection_c
[0.196s] -- Using all available rosidl_typesupport_cpp: rosidl_typesupport_fastrtps_cpp;rosidl_typesupport_introspection_cpp
[0.253s] -- Found rmw_implementation_cmake: 6.1.1 (/opt/ros/humble/share/rmw_implementation_cmake/cmake)
[0.254s] -- Found rmw_fastrtps_cpp: 6.2.2 (/opt/ros/humble/share/rmw_fastrtps_cpp/cmake)
[0.349s] -- Using RMW implementation 'rmw_fastrtps_cpp' as default
[0.485s] -- Found rosidl_default_generators: 1.2.0 (/opt/ros/humble/share/rosidl_default_generators/cmake)
[0.680s] -- Found ament_cmake_ros: 0.10.0 (/opt/ros/humble/share/ament_cmake_ros/cmake)
[0.914s] -- Using all available rosidl_typesupport_c: rosidl_typesupport_fastrtps_c;rosidl_typesupport_introspection_c
[1.006s] -- Using all available rosidl_typesupport_cpp: rosidl_typesupport_fastrtps_cpp;rosidl_typesupport_introspection_cpp
[1.023s] -- Found python_cmake_module: 0.10.0 (/opt/ros/humble/share/python_cmake_module/cmake)
[1.042s] -- Using PYTHON_EXECUTABLE: /usr/bin/python3
[1.042s] -- Using PYTHON_INCLUDE_DIRS: /usr/include/python3.10
[1.042s] -- Using PYTHON_LIBRARIES: /usr/lib/x86_64-linux-gnu/libpython3.10.so
[1.079s] -- Configuring done
[1.133s] -- Generating done
[1.136s] -- Build files have been written to: /home/rlagent/jay_ws/build/jaybot
[1.162s] [  2%] [34m[1mGenerating C code for ROS interfaces[0m
[1.172s] [  5%] [34m[1mGenerating C++ code for ROS interfaces[0m
[1.409s] [  5%] Built target jaybot__cpp
[1.421s] [  8%] [32mBuilding C object CMakeFiles/jaybot__rosidl_generator_c.dir/rosidl_generator_c/jaybot/msg/detail/range_array__functions.c.o[0m
[1.436s] [  8%] Built target ament_cmake_python_copy_jaybot
[1.454s] [35m[1mConsolidate compiler generated dependencies of target range_publisher[0m
[1.497s] [ 11%] [32mBuilding CXX object CMakeFiles/range_publisher.dir/src/range_publisher.cpp.o[0m
[1.548s] [ 14%] [32m[1mLinking C shared library libjaybot__rosidl_generator_c.so[0m
[1.610s] [ 14%] Built target jaybot__rosidl_generator_c
[1.620s] [35m[1mConsolidate compiler generated dependencies of target range_subscriber[0m
[1.634s] [ 17%] [32mBuilding CXX object CMakeFiles/range_subscriber.dir/src/range_subscriber.cpp.o[0m
[1.923s] [01m[K/home/rlagent/jay_ws/jaybot/src/range_subscriber.cpp:5:10:[m[K [01;31m[Kfatal error: [m[Kjaybot/msg/range_array.hpp: No such file or directory
[1.923s]     5 | #include [01;31m[K"jaybot/msg/range_array.hpp"[m[K // replace "my_package" with your package name
[1.923s]       |          [01;31m[K^~~~~~~~~~~~~~~~~~~~~~~~~~~~[m[K
[1.923s] compilation terminated.
[1.923s] [01m[K/home/rlagent/jay_ws/jaybot/src/range_publisher.cpp:8:10:[m[K [01;31m[Kfatal error: [m[Kjaybot/msg/range_array.hpp: No such file or directory
[1.923s]     8 | #include [01;31m[K"jaybot/msg/range_array.hpp"[m[K // replace with your message type if not available
[1.924s]       |          [01;31m[K^~~~~~~~~~~~~~~~~~~~~~~~~~~~[m[K
[1.924s] compilation terminated.
[1.925s] gmake[2]: *** [CMakeFiles/range_subscriber.dir/build.make:76: CMakeFiles/range_subscriber.dir/src/range_subscriber.cpp.o] Error 1
[1.925s] gmake[1]: *** [CMakeFiles/Makefile2:620: CMakeFiles/range_subscriber.dir/all] Error 2
[1.925s] gmake[1]: *** Waiting for unfinished jobs....
[1.927s] gmake[2]: *** [CMakeFiles/range_publisher.dir/build.make:76: CMakeFiles/range_publisher.dir/src/range_publisher.cpp.o] Error 1
[1.927s] gmake[1]: *** [CMakeFiles/Makefile2:594: CMakeFiles/range_publisher.dir/all] Error 2
[1.927s] gmake: *** [Makefile:146: all] Error 2
[1.930s] Invoked command in '/home/rlagent/jay_ws/build/jaybot' returned '2': CMAKE_PREFIX_PATH=/opt/ros/humble /usr/bin/cmake --build /home/rlagent/jay_ws/build/jaybot -- -j2 -l2
