[0.105s] Invoking command in '/home/rlagent/jay_ws/build/jaybot': CMAKE_PREFIX_PATH=/home/rlagent/jay_ws/install/rl_custom_messages:/home/rlagent/jay_ws/install/jaybot:/opt/ros/humble /usr/bin/cmake --build /home/rlagent/jay_ws/build/jaybot -- -j4 -l4
[0.493s] [35m[1mConsolidate compiler generated dependencies of target range_publisher[0m
[0.710s] [ 50%] [32mBuilding CXX object CMakeFiles/range_publisher.dir/src/range_publisher.cpp.o[0m
[93.490s] [01m[K/home/rlagent/jay_ws/src/jaybot/src/range_publisher.cpp:[m[K In constructor â€˜[01m[KRangePublisher::RangePublisher()[m[Kâ€™:
[93.578s] [01m[K/home/rlagent/jay_ws/src/jaybot/src/range_publisher.cpp:26:3:[m[K [01;31m[Kerror: [m[Kexpected identifier before â€˜[01m[K{[m[Kâ€™ token
[93.580s]    26 |   [01;31m[K{[m[K
[93.581s]       |   [01;31m[K^[m[K
[93.583s] [01m[K/home/rlagent/jay_ws/src/jaybot/src/range_publisher.cpp:28:72:[m[K [01;31m[Kerror: [m[Kâ€˜[01m[Ktimer_callback[m[Kâ€™ is not a member of â€˜[01m[KRangePublisher[m[Kâ€™
[93.584s]    28 | = this->create_wall_timer(500ms, std::bind(&RangePublisher::[01;31m[Ktimer_callback[m[K, this));
[93.585s]       |                                                             [01;31m[K^~~~~~~~~~~~~~[m[K
[93.586s] 
[264.338s] gmake[2]: *** [CMakeFiles/range_publisher.dir/build.make:76: CMakeFiles/range_publisher.dir/src/range_publisher.cpp.o] Error 1
[264.396s] gmake[1]: *** [CMakeFiles/Makefile2:137: CMakeFiles/range_publisher.dir/all] Error 2
[264.397s] gmake: *** [Makefile:146: all] Error 2
[265.414s] Invoked command in '/home/rlagent/jay_ws/build/jaybot' returned '2': CMAKE_PREFIX_PATH=/home/rlagent/jay_ws/install/rl_custom_messages:/home/rlagent/jay_ws/install/jaybot:/opt/ros/humble /usr/bin/cmake --build /home/rlagent/jay_ws/build/jaybot -- -j4 -l4
