[01m[K/home/rlcontrol/jay_ws/jaybot/src/image_debugger.cpp:1:33:[m[K [01;31m[Kerror: [m[Kâ€˜[01m[Krclcpp[m[Kâ€™ has not been declared
    1 | class ImageDisplayNode : public [01;31m[Krclcpp[m[K::Node
      |                                 [01;31m[K^~~~~~[m[K
[01m[K/home/rlcontrol/jay_ws/jaybot/src/image_debugger.cpp:1:41:[m[K [01;31m[Kerror: [m[Kexpected â€˜[01m[K{[m[Kâ€™ before â€˜[01m[KNode[m[Kâ€™
    1 | class ImageDisplayNode : public rclcpp::[01;31m[KNode[m[K
      |                                         [01;31m[K^~~~[m[K
[01m[K/home/rlcontrol/jay_ws/jaybot/src/image_debugger.cpp:3:1:[m[K [01;31m[Kerror: [m[Kexpected primary-expression before â€˜[01m[Kpublic[m[Kâ€™
    3 | [01;31m[Kpublic[m[K:
      | [01;31m[K^~~~~~[m[K
[01m[K/home/rlcontrol/jay_ws/jaybot/src/image_debugger.cpp:3:1:[m[K [01;31m[Kerror: [m[Kexpected â€˜[01m[K}[m[Kâ€™ before â€˜[01m[Kpublic[m[Kâ€™
[01m[K/home/rlcontrol/jay_ws/jaybot/src/image_debugger.cpp:2:1:[m[K [01;36m[Knote: [m[Kto match this â€˜[01m[K{[m[Kâ€™
    2 | [01;36m[K{[m[K
      | [01;36m[K^[m[K
[01m[K/home/rlcontrol/jay_ws/jaybot/src/image_debugger.cpp:14:1:[m[K [01;31m[Kerror: [m[Kexpected unqualified-id before â€˜[01m[Kprivate[m[Kâ€™
   14 | [01;31m[Kprivate[m[K:
      | [01;31m[K^~~~~~~[m[K
[01m[K/home/rlcontrol/jay_ws/jaybot/src/image_debugger.cpp:[m[K In function â€˜[01m[Kvoid display_image()[m[Kâ€™:
[01m[K/home/rlcontrol/jay_ws/jaybot/src/image_debugger.cpp:31:16:[m[K [01;31m[Kerror: [m[Kâ€˜[01m[Krclcpp[m[Kâ€™ has not been declared
   31 |         while ([01;31m[Krclcpp[m[K::ok()) {
      |                [01;31m[K^~~~~~[m[K
[01m[K/home/rlcontrol/jay_ws/jaybot/src/image_debugger.cpp:32:18:[m[K [01;31m[Kerror: [m[Kâ€˜[01m[Klast_image_data_[m[Kâ€™ was not declared in this scope
   32 |             if (![01;31m[Klast_image_data_[m[K.empty()) {
      |                  [01;31m[K^~~~~~~~~~~~~~~~[m[K
[01m[K/home/rlcontrol/jay_ws/jaybot/src/image_debugger.cpp:33:17:[m[K [01;31m[Kerror: [m[Kâ€˜[01m[Kcv[m[Kâ€™ has not been declared
   33 |                 [01;31m[Kcv[m[K::imshow("Image Window", last_image_data_);
      |                 [01;31m[K^~[m[K
[01m[K/home/rlcontrol/jay_ws/jaybot/src/image_debugger.cpp:34:17:[m[K [01;31m[Kerror: [m[Kâ€˜[01m[Kcv[m[Kâ€™ has not been declared
   34 |                 [01;31m[Kcv[m[K::waitKey(1);
      |                 [01;31m[K^~[m[K
[01m[K/home/rlcontrol/jay_ws/jaybot/src/image_debugger.cpp:[m[K At global scope:
[01m[K/home/rlcontrol/jay_ws/jaybot/src/image_debugger.cpp:39:5:[m[K [01;31m[Kerror: [m[Kâ€˜[01m[Krclcpp[m[Kâ€™ does not name a type
   39 |     [01;31m[Krclcpp[m[K::Subscription<sensor_msgs::msg::Image>::SharedPtr subscription_;
      |     [01;31m[K^~~~~~[m[K
[01m[K/home/rlcontrol/jay_ws/jaybot/src/image_debugger.cpp:40:5:[m[K [01;31m[Kerror: [m[Kâ€˜[01m[Kcv[m[Kâ€™ does not name a type
   40 |     [01;31m[Kcv[m[K::Mat last_image_data_;
      |     [01;31m[K^~[m[K
[01m[K/home/rlcontrol/jay_ws/jaybot/src/image_debugger.cpp:41:10:[m[K [01;31m[Kerror: [m[Kâ€˜[01m[Kthread[m[Kâ€™ in namespace â€˜[01m[Kstd[m[Kâ€™ does not name a type
   41 |     std::[01;31m[Kthread[m[K display_thread_;
      |          [01;31m[K^~~~~~[m[K
[01m[K/home/rlcontrol/jay_ws/jaybot/src/image_debugger.cpp:1:1:[m[K [01;36m[Knote: [m[Kâ€˜[01m[Kstd::thread[m[Kâ€™ is defined in header â€˜[01m[K<thread>[m[Kâ€™; did you forget to â€˜[01m[K#include <thread>[m[Kâ€™?
  +++ |+[32m[K#include <thread>[m[K
    1 | class ImageDisplayNode : public rclcpp::Node
[01m[K/home/rlcontrol/jay_ws/jaybot/src/image_debugger.cpp:42:1:[m[K [01;31m[Kerror: [m[Kexpected declaration before â€˜[01m[K}[m[Kâ€™ token
   42 | [01;31m[K}[m[K;
      | [01;31m[K^[m[K
[01m[K/home/rlcontrol/jay_ws/jaybot/src/image_debugger.cpp:[m[K In function â€˜[01m[Kint main(int, char**)[m[Kâ€™:
[01m[K/home/rlcontrol/jay_ws/jaybot/src/image_debugger.cpp:46:5:[m[K [01;31m[Kerror: [m[Kâ€˜[01m[Krclcpp[m[Kâ€™ has not been declared
   46 |     [01;31m[Krclcpp[m[K::init(argc, argv);
      |     [01;31m[K^~~~~~[m[K
[01m[K/home/rlcontrol/jay_ws/jaybot/src/image_debugger.cpp:48:34:[m[K [01;31m[Kerror: [m[Kâ€˜[01m[Kmake_shared[m[Kâ€™ is not a member of â€˜[01m[Kstd[m[Kâ€™
   48 |     auto range_subscriber = std::[01;31m[Kmake_shared[m[K<RangeSubscriber>();
      |                                  [01;31m[K^~~~~~~~~~~[m[K
[01m[K/home/rlcontrol/jay_ws/jaybot/src/image_debugger.cpp:1:1:[m[K [01;36m[Knote: [m[Kâ€˜[01m[Kstd::make_shared[m[Kâ€™ is defined in header â€˜[01m[K<memory>[m[Kâ€™; did you forget to â€˜[01m[K#include <memory>[m[Kâ€™?
  +++ |+[32m[K#include <memory>[m[K
    1 | class ImageDisplayNode : public rclcpp::Node
[01m[K/home/rlcontrol/jay_ws/jaybot/src/image_debugger.cpp:48:46:[m[K [01;31m[Kerror: [m[Kâ€˜[01m[KRangeSubscriber[m[Kâ€™ was not declared in this scope; did you mean â€˜[01m[Krange_subscriber[m[Kâ€™?
   48 |     auto range_subscriber = std::make_shared<[01;31m[KRangeSubscriber[m[K>();
      |                                              [01;31m[K^~~~~~~~~~~~~~~[m[K
      |                                              [32m[Krange_subscriber[m[K
[01m[K/home/rlcontrol/jay_ws/jaybot/src/image_debugger.cpp:48:63:[m[K [01;31m[Kerror: [m[Kexpected primary-expression before â€˜[01m[K)[m[Kâ€™ token
   48 |     auto range_subscriber = std::make_shared<RangeSubscriber>([01;31m[K)[m[K;
      |                                                               [01;31m[K^[m[K
[01m[K/home/rlcontrol/jay_ws/jaybot/src/image_debugger.cpp:49:30:[m[K [01;31m[Kerror: [m[Kâ€˜[01m[Kmake_shared[m[Kâ€™ is not a member of â€˜[01m[Kstd[m[Kâ€™
   49 |     auto image_server = std::[01;31m[Kmake_shared[m[K<ImageServer>();
      |                              [01;31m[K^~~~~~~~~~~[m[K
[01m[K/home/rlcontrol/jay_ws/jaybot/src/image_debugger.cpp:49:30:[m[K [01;36m[Knote: [m[Kâ€˜[01m[Kstd::make_shared[m[Kâ€™ is defined in header â€˜[01m[K<memory>[m[Kâ€™; did you forget to â€˜[01m[K#include <memory>[m[Kâ€™?
[01m[K/home/rlcontrol/jay_ws/jaybot/src/image_debugger.cpp:49:42:[m[K [01;31m[Kerror: [m[Kâ€˜[01m[KImageServer[m[Kâ€™ was not declared in this scope; did you mean â€˜[01m[Kimage_server[m[Kâ€™?
   49 |     auto image_server = std::make_shared<[01;31m[KImageServer[m[K>();
      |                                          [01;31m[K^~~~~~~~~~~[m[K
      |                                          [32m[Kimage_server[m[K
[01m[K/home/rlcontrol/jay_ws/jaybot/src/image_debugger.cpp:49:55:[m[K [01;31m[Kerror: [m[Kexpected primary-expression before â€˜[01m[K)[m[Kâ€™ token
   49 |     auto image_server = std::make_shared<ImageServer>([01;31m[K)[m[K;
      |                                                       [01;31m[K^[m[K
[01m[K/home/rlcontrol/jay_ws/jaybot/src/image_debugger.cpp:50:36:[m[K [01;31m[Kerror: [m[Kâ€˜[01m[Kmake_shared[m[Kâ€™ is not a member of â€˜[01m[Kstd[m[Kâ€™
   50 |     auto image_display_node = std::[01;31m[Kmake_shared[m[K<ImageDisplayNode>();
      |                                    [01;31m[K^~~~~~~~~~~[m[K
[01m[K/home/rlcontrol/jay_ws/jaybot/src/image_debugger.cpp:50:36:[m[K [01;36m[Knote: [m[Kâ€˜[01m[Kstd::make_shared[m[Kâ€™ is defined in header â€˜[01m[K<memory>[m[Kâ€™; did you forget to â€˜[01m[K#include <memory>[m[Kâ€™?
[01m[K/home/rlcontrol/jay_ws/jaybot/src/image_debugger.cpp:50:64:[m[K [01;31m[Kerror: [m[Kexpected primary-expression before â€˜[01m[K>[m[Kâ€™ token
   50 |     auto image_display_node = std::make_shared<ImageDisplayNode[01;31m[K>[m[K();
      |                                                                [01;31m[K^[m[K
[01m[K/home/rlcontrol/jay_ws/jaybot/src/image_debugger.cpp:50:66:[m[K [01;31m[Kerror: [m[Kexpected primary-expression before â€˜[01m[K)[m[Kâ€™ token
   50 |     auto image_display_node = std::make_shared<ImageDisplayNode>([01;31m[K)[m[K;
      |                                                                  [01;31m[K^[m[K
[01m[K/home/rlcontrol/jay_ws/jaybot/src/image_debugger.cpp:52:5:[m[K [01;31m[Kerror: [m[Kâ€˜[01m[Krclcpp[m[Kâ€™ has not been declared
   52 |     [01;31m[Krclcpp[m[K::executors::MultiThreadedExecutor executor;
      |     [01;31m[K^~~~~~[m[K
[01m[K/home/rlcontrol/jay_ws/jaybot/src/image_debugger.cpp:54:5:[m[K [01;31m[Kerror: [m[Kâ€˜[01m[Kexecutor[m[Kâ€™ was not declared in this scope
   54 |     [01;31m[Kexecutor[m[K.add_node(range_subscriber);
      |     [01;31m[K^~~~~~~~[m[K
[01m[K/home/rlcontrol/jay_ws/jaybot/src/image_debugger.cpp:60:5:[m[K [01;31m[Kerror: [m[Kâ€˜[01m[Krclcpp[m[Kâ€™ has not been declared
   60 |     [01;31m[Krclcpp[m[K::shutdown();
      |     [01;31m[K^~~~~~[m[K
gmake[2]: *** [CMakeFiles/image_debugger.dir/build.make:76: CMakeFiles/image_debugger.dir/src/image_debugger.cpp.o] Error 1
gmake[1]: *** [CMakeFiles/Makefile2:252: CMakeFiles/image_debugger.dir/all] Error 2
gmake[1]: *** Waiting for unfinished jobs....
gmake: *** [Makefile:146: all] Error 2
