[0.016s] Invoking command in '/home/rlcontrol/jay_ws/build/jaybot': CMAKE_PREFIX_PATH=/home/rlcontrol/jay_ws/install/rl_custom_messages:/home/rlcontrol/jay_ws/install/vision_opencv:/home/rlcontrol/jay_ws/install/jaybot:/home/rlcontrol/jay_ws/install/image_geometry:/home/rlcontrol/jay_ws/install/cv_bridge:/home/rlcontrol/jay_ws/install/opencv_tests:/opt/ros/humble /home/rlcontrol/.local/bin/cmake --build /home/rlcontrol/jay_ws/build/jaybot -- -j6 -l6
[0.092s] -- Found ament_cmake: 1.3.4 (/opt/ros/humble/share/ament_cmake/cmake)
[0.247s] -- Override CMake install command with custom implementation using symlinks instead of copying resources
[0.285s] -- Found rclcpp: 16.0.4 (/opt/ros/humble/share/rclcpp/cmake)
[0.355s] -- Found rosidl_generator_c: 3.1.4 (/opt/ros/humble/share/rosidl_generator_c/cmake)
[0.364s] -- Found rosidl_adapter: 3.1.4 (/opt/ros/humble/share/rosidl_adapter/cmake)
[0.380s] -- Found rosidl_generator_cpp: 3.1.4 (/opt/ros/humble/share/rosidl_generator_cpp/cmake)
[0.404s] -- Using all available rosidl_typesupport_c: rosidl_typesupport_fastrtps_c;rosidl_typesupport_introspection_c
[0.436s] -- Using all available rosidl_typesupport_cpp: rosidl_typesupport_fastrtps_cpp;rosidl_typesupport_introspection_cpp
[0.550s] -- Found rmw_implementation_cmake: 6.1.1 (/opt/ros/humble/share/rmw_implementation_cmake/cmake)
[0.555s] -- Found rmw_fastrtps_cpp: 6.2.2 (/opt/ros/humble/share/rmw_fastrtps_cpp/cmake)
[0.739s] -- Using RMW implementation 'rmw_fastrtps_cpp' as default
[0.996s] -- Found rclpy: 3.3.8 (/opt/ros/humble/share/rclpy/cmake)
[0.997s] -- Found rl_custom_messages: 0.0.0 (/home/rlcontrol/jay_ws/install/rl_custom_messages/share/rl_custom_messages/cmake)
[1.026s] -- Found sensor_msgs: 4.2.3 (/opt/ros/humble/share/sensor_msgs/cmake)
[1.253s] -- Found cv_bridge: 3.2.1 (/opt/ros/humble/share/cv_bridge/cmake)
[1.455s] -- Configuring done (1.4s)
[1.527s] -- Generating done (0.1s)
[1.532s] -- Build files have been written to: /home/rlcontrol/jay_ws/build/jaybot
[1.578s] [ 10%] [32mBuilding CXX object CMakeFiles/image_debugger.dir/src/image_debugger.cpp.o[0m
[1.585s] [ 10%] Built target ament_cmake_python_symlink_jaybot
[1.596s] [ 30%] Built target range_publisher
[1.596s] [ 50%] Built target motor_controller
[1.598s] [01m[K/home/rlcontrol/jay_ws/jaybot/src/image_debugger.cpp:1:33:[m[K [01;31m[Kerror: [m[Kâ€˜[01m[Krclcpp[m[Kâ€™ has not been declared
[1.598s]     1 | class ImageDisplayNode : public [01;31m[Krclcpp[m[K::Node
[1.598s]       |                                 [01;31m[K^~~~~~[m[K
[1.598s] [01m[K/home/rlcontrol/jay_ws/jaybot/src/image_debugger.cpp:1:41:[m[K [01;31m[Kerror: [m[Kexpected â€˜[01m[K{[m[Kâ€™ before â€˜[01m[KNode[m[Kâ€™
[1.599s]     1 | class ImageDisplayNode : public rclcpp::[01;31m[KNode[m[K
[1.599s]       |                                         [01;31m[K^~~~[m[K
[1.599s] [01m[K/home/rlcontrol/jay_ws/jaybot/src/image_debugger.cpp:3:1:[m[K [01;31m[Kerror: [m[Kexpected primary-expression before â€˜[01m[Kpublic[m[Kâ€™
[1.599s]     3 | [01;31m[Kpublic[m[K:
[1.600s]       | [01;31m[K^~~~~~[m[K
[1.600s] [01m[K/home/rlcontrol/jay_ws/jaybot/src/image_debugger.cpp:3:1:[m[K [01;31m[Kerror: [m[Kexpected â€˜[01m[K}[m[Kâ€™ before â€˜[01m[Kpublic[m[Kâ€™
[1.600s] [01m[K/home/rlcontrol/jay_ws/jaybot/src/image_debugger.cpp:2:1:[m[K [01;36m[Knote: [m[Kto match this â€˜[01m[K{[m[Kâ€™
[1.600s]     2 | [01;36m[K{[m[K
[1.600s]       | [01;36m[K^[m[K
[1.601s] [01m[K/home/rlcontrol/jay_ws/jaybot/src/image_debugger.cpp:14:1:[m[K [01;31m[Kerror: [m[Kexpected unqualified-id before â€˜[01m[Kprivate[m[Kâ€™
[1.601s]    14 | [01;31m[Kprivate[m[K:
[1.601s]       | [01;31m[K^~~~~~~[m[K
[1.601s] [01m[K/home/rlcontrol/jay_ws/jaybot/src/image_debugger.cpp:[m[K In function â€˜[01m[Kvoid display_image()[m[Kâ€™:
[1.601s] [01m[K/home/rlcontrol/jay_ws/jaybot/src/image_debugger.cpp:31:16:[m[K [01;31m[Kerror: [m[Kâ€˜[01m[Krclcpp[m[Kâ€™ has not been declared
[1.601s]    31 |         while ([01;31m[Krclcpp[m[K::ok()) {
[1.602s]       |                [01;31m[K^~~~~~[m[K
[1.602s] [ 70%] Built target camera_publisher
[1.602s] [01m[K/home/rlcontrol/jay_ws/jaybot/src/image_debugger.cpp:32:18:[m[K [01;31m[Kerror: [m[Kâ€˜[01m[Klast_image_data_[m[Kâ€™ was not declared in this scope
[1.602s]    32 |             if (![01;31m[Klast_image_data_[m[K.empty()) {
[1.602s] [ 90%] Built target rl_server
[1.603s]       |                  [01;31m[K^~~~~~~~~~~~~~~~[m[K
[1.603s] [01m[K/home/rlcontrol/jay_ws/jaybot/src/image_debugger.cpp:33:17:[m[K [01;31m[Kerror: [m[Kâ€˜[01m[Kcv[m[Kâ€™ has not been declared
[1.603s]    33 |                 [01;31m[Kcv[m[K::imshow("Image Window", last_image_data_);
[1.603s]       |                 [01;31m[K^~[m[K
[1.603s] [01m[K/home/rlcontrol/jay_ws/jaybot/src/image_debugger.cpp:34:17:[m[K [01;31m[Kerror: [m[Kâ€˜[01m[Kcv[m[Kâ€™ has not been declared
[1.604s]    34 |                 [01;31m[Kcv[m[K::waitKey(1);
[1.604s]       |                 [01;31m[K^~[m[K
[1.604s] [01m[K/home/rlcontrol/jay_ws/jaybot/src/image_debugger.cpp:[m[K At global scope:
[1.604s] [01m[K/home/rlcontrol/jay_ws/jaybot/src/image_debugger.cpp:39:5:[m[K [01;31m[Kerror: [m[Kâ€˜[01m[Krclcpp[m[Kâ€™ does not name a type
[1.605s]    39 |     [01;31m[Krclcpp[m[K::Subscription<sensor_msgs::msg::Image>::SharedPtr subscription_;
[1.605s]       |     [01;31m[K^~~~~~[m[K
[1.605s] [01m[K/home/rlcontrol/jay_ws/jaybot/src/image_debugger.cpp:40:5:[m[K [01;31m[Kerror: [m[Kâ€˜[01m[Kcv[m[Kâ€™ does not name a type
[1.606s]    40 |     [01;31m[Kcv[m[K::Mat last_image_data_;
[1.606s]       |     [01;31m[K^~[m[K
[1.606s] [01m[K/home/rlcontrol/jay_ws/jaybot/src/image_debugger.cpp:41:10:[m[K [01;31m[Kerror: [m[Kâ€˜[01m[Kthread[m[Kâ€™ in namespace â€˜[01m[Kstd[m[Kâ€™ does not name a type
[1.606s]    41 |     std::[01;31m[Kthread[m[K display_thread_;
[1.607s]       |          [01;31m[K^~~~~~[m[K
[1.608s] [01m[K/home/rlcontrol/jay_ws/jaybot/src/image_debugger.cpp:1:1:[m[K [01;36m[Knote: [m[Kâ€˜[01m[Kstd::thread[m[Kâ€™ is defined in header â€˜[01m[K<thread>[m[Kâ€™; did you forget to â€˜[01m[K#include <thread>[m[Kâ€™?
[1.608s]   +++ |+[32m[K#include <thread>[m[K
[1.608s]     1 | class ImageDisplayNode : public rclcpp::Node
[1.608s] [01m[K/home/rlcontrol/jay_ws/jaybot/src/image_debugger.cpp:42:1:[m[K [01;31m[Kerror: [m[Kexpected declaration before â€˜[01m[K}[m[Kâ€™ token
[1.608s]    42 | [01;31m[K}[m[K;
[1.608s]       | [01;31m[K^[m[K
[1.608s] [01m[K/home/rlcontrol/jay_ws/jaybot/src/image_debugger.cpp:[m[K In function â€˜[01m[Kint main(int, char**)[m[Kâ€™:
[1.608s] [01m[K/home/rlcontrol/jay_ws/jaybot/src/image_debugger.cpp:46:5:[m[K [01;31m[Kerror: [m[Kâ€˜[01m[Krclcpp[m[Kâ€™ has not been declared
[1.609s]    46 |     [01;31m[Krclcpp[m[K::init(argc, argv);
[1.609s]       |     [01;31m[K^~~~~~[m[K
[1.609s] [01m[K/home/rlcontrol/jay_ws/jaybot/src/image_debugger.cpp:48:34:[m[K [01;31m[Kerror: [m[Kâ€˜[01m[Kmake_shared[m[Kâ€™ is not a member of â€˜[01m[Kstd[m[Kâ€™
[1.609s]    48 |     auto range_subscriber = std::[01;31m[Kmake_shared[m[K<RangeSubscriber>();
[1.609s]       |                                  [01;31m[K^~~~~~~~~~~[m[K
[1.609s] [01m[K/home/rlcontrol/jay_ws/jaybot/src/image_debugger.cpp:1:1:[m[K [01;36m[Knote: [m[Kâ€˜[01m[Kstd::make_shared[m[Kâ€™ is defined in header â€˜[01m[K<memory>[m[Kâ€™; did you forget to â€˜[01m[K#include <memory>[m[Kâ€™?
[1.609s]   +++ |+[32m[K#include <memory>[m[K
[1.609s]     1 | class ImageDisplayNode : public rclcpp::Node
[1.609s] [01m[K/home/rlcontrol/jay_ws/jaybot/src/image_debugger.cpp:48:46:[m[K [01;31m[Kerror: [m[Kâ€˜[01m[KRangeSubscriber[m[Kâ€™ was not declared in this scope; did you mean â€˜[01m[Krange_subscriber[m[Kâ€™?
[1.609s]    48 |     auto range_subscriber = std::make_shared<[01;31m[KRangeSubscriber[m[K>();
[1.610s]       |                                              [01;31m[K^~~~~~~~~~~~~~~[m[K
[1.610s]       |                                              [32m[Krange_subscriber[m[K
[1.610s] [01m[K/home/rlcontrol/jay_ws/jaybot/src/image_debugger.cpp:48:63:[m[K [01;31m[Kerror: [m[Kexpected primary-expression before â€˜[01m[K)[m[Kâ€™ token
[1.610s]    48 |     auto range_subscriber = std::make_shared<RangeSubscriber>([01;31m[K)[m[K;
[1.610s]       |                                                               [01;31m[K^[m[K
[1.610s] [01m[K/home/rlcontrol/jay_ws/jaybot/src/image_debugger.cpp:49:30:[m[K [01;31m[Kerror: [m[Kâ€˜[01m[Kmake_shared[m[Kâ€™ is not a member of â€˜[01m[Kstd[m[Kâ€™
[1.610s]    49 |     auto image_server = std::[01;31m[Kmake_shared[m[K<ImageServer>();
[1.610s]       |                              [01;31m[K^~~~~~~~~~~[m[K
[1.610s] [01m[K/home/rlcontrol/jay_ws/jaybot/src/image_debugger.cpp:49:30:[m[K [01;36m[Knote: [m[Kâ€˜[01m[Kstd::make_shared[m[Kâ€™ is defined in header â€˜[01m[K<memory>[m[Kâ€™; did you forget to â€˜[01m[K#include <memory>[m[Kâ€™?
[1.610s] [01m[K/home/rlcontrol/jay_ws/jaybot/src/image_debugger.cpp:49:42:[m[K [01;31m[Kerror: [m[Kâ€˜[01m[KImageServer[m[Kâ€™ was not declared in this scope; did you mean â€˜[01m[Kimage_server[m[Kâ€™?
[1.610s]    49 |     auto image_server = std::make_shared<[01;31m[KImageServer[m[K>();
[1.610s]       |                                          [01;31m[K^~~~~~~~~~~[m[K
[1.611s]       |                                          [32m[Kimage_server[m[K
[1.611s] [01m[K/home/rlcontrol/jay_ws/jaybot/src/image_debugger.cpp:49:55:[m[K [01;31m[Kerror: [m[Kexpected primary-expression before â€˜[01m[K)[m[Kâ€™ token
[1.611s]    49 |     auto image_server = std::make_shared<ImageServer>([01;31m[K)[m[K;
[1.611s]       |                                                       [01;31m[K^[m[K
[1.611s] [01m[K/home/rlcontrol/jay_ws/jaybot/src/image_debugger.cpp:50:36:[m[K [01;31m[Kerror: [m[Kâ€˜[01m[Kmake_shared[m[Kâ€™ is not a member of â€˜[01m[Kstd[m[Kâ€™
[1.611s]    50 |     auto image_display_node = std::[01;31m[Kmake_shared[m[K<ImageDisplayNode>();
[1.611s]       |                                    [01;31m[K^~~~~~~~~~~[m[K
[1.611s] [01m[K/home/rlcontrol/jay_ws/jaybot/src/image_debugger.cpp:50:36:[m[K [01;36m[Knote: [m[Kâ€˜[01m[Kstd::make_shared[m[Kâ€™ is defined in header â€˜[01m[K<memory>[m[Kâ€™; did you forget to â€˜[01m[K#include <memory>[m[Kâ€™?
[1.611s] [01m[K/home/rlcontrol/jay_ws/jaybot/src/image_debugger.cpp:50:64:[m[K [01;31m[Kerror: [m[Kexpected primary-expression before â€˜[01m[K>[m[Kâ€™ token
[1.611s]    50 |     auto image_display_node = std::make_shared<ImageDisplayNode[01;31m[K>[m[K();
[1.612s]       |                                                                [01;31m[K^[m[K
[1.612s] [01m[K/home/rlcontrol/jay_ws/jaybot/src/image_debugger.cpp:50:66:[m[K [01;31m[Kerror: [m[Kexpected primary-expression before â€˜[01m[K)[m[Kâ€™ token
[1.612s]    50 |     auto image_display_node = std::make_shared<ImageDisplayNode>([01;31m[K)[m[K;
[1.612s]       |                                                                  [01;31m[K^[m[K
[1.612s] [01m[K/home/rlcontrol/jay_ws/jaybot/src/image_debugger.cpp:52:5:[m[K [01;31m[Kerror: [m[Kâ€˜[01m[Krclcpp[m[Kâ€™ has not been declared
[1.612s]    52 |     [01;31m[Krclcpp[m[K::executors::MultiThreadedExecutor executor;
[1.612s]       |     [01;31m[K^~~~~~[m[K
[1.612s] [01m[K/home/rlcontrol/jay_ws/jaybot/src/image_debugger.cpp:54:5:[m[K [01;31m[Kerror: [m[Kâ€˜[01m[Kexecutor[m[Kâ€™ was not declared in this scope
[1.612s]    54 |     [01;31m[Kexecutor[m[K.add_node(range_subscriber);
[1.612s]       |     [01;31m[K^~~~~~~~[m[K
[1.612s] [01m[K/home/rlcontrol/jay_ws/jaybot/src/image_debugger.cpp:60:5:[m[K [01;31m[Kerror: [m[Kâ€˜[01m[Krclcpp[m[Kâ€™ has not been declared
[1.613s]    60 |     [01;31m[Krclcpp[m[K::shutdown();
[1.613s]       |     [01;31m[K^~~~~~[m[K
[1.613s] gmake[2]: *** [CMakeFiles/image_debugger.dir/build.make:76: CMakeFiles/image_debugger.dir/src/image_debugger.cpp.o] Error 1
[1.613s] gmake[1]: *** [CMakeFiles/Makefile2:252: CMakeFiles/image_debugger.dir/all] Error 2
[1.613s] gmake[1]: *** Waiting for unfinished jobs....
[1.922s] running egg_info
[1.923s] writing jaybot.egg-info/PKG-INFO
[1.924s] writing dependency_links to jaybot.egg-info/dependency_links.txt
[1.924s] writing top-level names to jaybot.egg-info/top_level.txt
[1.926s] reading manifest file 'jaybot.egg-info/SOURCES.txt'
[1.927s] writing manifest file 'jaybot.egg-info/SOURCES.txt'
[1.949s] [ 90%] Built target ament_cmake_python_build_jaybot_egg
[1.950s] gmake: *** [Makefile:146: all] Error 2
[1.956s] Invoked command in '/home/rlcontrol/jay_ws/build/jaybot' returned '2': CMAKE_PREFIX_PATH=/home/rlcontrol/jay_ws/install/rl_custom_messages:/home/rlcontrol/jay_ws/install/vision_opencv:/home/rlcontrol/jay_ws/install/jaybot:/home/rlcontrol/jay_ws/install/image_geometry:/home/rlcontrol/jay_ws/install/cv_bridge:/home/rlcontrol/jay_ws/install/opencv_tests:/opt/ros/humble /home/rlcontrol/.local/bin/cmake --build /home/rlcontrol/jay_ws/build/jaybot -- -j6 -l6
