[35m[1mConsolidate compiler generated dependencies of target range_publisher[0m
[ 50%] Built target range_subscriber
[ 75%] [32mBuilding CXX object CMakeFiles/range_publisher.dir/src/range_publisher.cpp.o[0m
[01m[K/home/rlagent/jay_ws/jaybot/src/range_publisher.cpp:[m[K In member function â€˜[01m[Kvoid RangePublisher::timer_callback()[m[Kâ€™:
[01m[K/home/rlagent/jay_ws/jaybot/src/range_publisher.cpp:36:26:[m[K [01;31m[Kerror: [m[Kâ€˜[01m[Krangesensorl[m[Kâ€™ was not declared in this scope; did you mean â€˜[01m[KRangesensor[m[Kâ€™?
   36 |     message.range_left = [01;31m[Krangesensorl[m[K.Range();
      |                          [01;31m[K^~~~~~~~~~~~[m[K
      |                          [32m[KRangesensor[m[K
[01m[K/home/rlagent/jay_ws/jaybot/src/range_publisher.cpp:37:27:[m[K [01;31m[Kerror: [m[Kâ€˜[01m[Krangesensorf[m[Kâ€™ was not declared in this scope; did you mean â€˜[01m[KRangesensor[m[Kâ€™?
   37 |     message.range_front = [01;31m[Krangesensorf[m[K.Range();
      |                           [01;31m[K^~~~~~~~~~~~[m[K
      |                           [32m[KRangesensor[m[K
[01m[K/home/rlagent/jay_ws/jaybot/src/range_publisher.cpp:38:27:[m[K [01;31m[Kerror: [m[Kâ€˜[01m[Krangesensorr[m[Kâ€™ was not declared in this scope; did you mean â€˜[01m[KRangesensor[m[Kâ€™?
   38 |     message.range_right = [01;31m[Krangesensorr[m[K.Range();
      |                           [01;31m[K^~~~~~~~~~~~[m[K
      |                           [32m[KRangesensor[m[K
[01m[K/home/rlagent/jay_ws/jaybot/src/range_publisher.cpp:39:26:[m[K [01;31m[Kerror: [m[Kâ€˜[01m[Krangesensorb[m[Kâ€™ was not declared in this scope; did you mean â€˜[01m[KRangesensor[m[Kâ€™?
   39 |     message.range_back = [01;31m[Krangesensorb[m[K.Range();
      |                          [01;31m[K^~~~~~~~~~~~[m[K
      |                          [32m[KRangesensor[m[K
gmake[2]: *** [CMakeFiles/range_publisher.dir/build.make:76: CMakeFiles/range_publisher.dir/src/range_publisher.cpp.o] Error 1
gmake[1]: *** [CMakeFiles/Makefile2:139: CMakeFiles/range_publisher.dir/all] Error 2
gmake: *** [Makefile:146: all] Error 2
