[0.012s] Invoking command in '/home/rlcontrol/jay_ws/build/jaybot': CMAKE_PREFIX_PATH=/home/rlcontrol/jay_ws/install/rl_custom_messages:/home/rlcontrol/jay_ws/install/jaybot /home/rlcontrol/.local/bin/cmake --build /home/rlcontrol/jay_ws/build/jaybot -- -j6 -l6
[0.054s] -- Found ament_cmake: 1.3.4 (/opt/ros/humble/share/ament_cmake/cmake)
[0.158s] -- Found rclcpp: 16.0.4 (/opt/ros/humble/share/rclcpp/cmake)
[0.193s] -- Found rosidl_generator_c: 3.1.4 (/opt/ros/humble/share/rosidl_generator_c/cmake)
[0.196s] -- Found rosidl_adapter: 3.1.4 (/opt/ros/humble/share/rosidl_adapter/cmake)
[0.203s] -- Found rosidl_generator_cpp: 3.1.4 (/opt/ros/humble/share/rosidl_generator_cpp/cmake)
[0.217s] -- Using all available rosidl_typesupport_c: rosidl_typesupport_fastrtps_c;rosidl_typesupport_introspection_c
[0.233s] -- Using all available rosidl_typesupport_cpp: rosidl_typesupport_fastrtps_cpp;rosidl_typesupport_introspection_cpp
[0.295s] -- Found rmw_implementation_cmake: 6.1.1 (/opt/ros/humble/share/rmw_implementation_cmake/cmake)
[0.296s] -- Found rmw_fastrtps_cpp: 6.2.2 (/opt/ros/humble/share/rmw_fastrtps_cpp/cmake)
[0.414s] -- Using RMW implementation 'rmw_fastrtps_cpp' as default
[0.620s] -- Found rclpy: 3.3.8 (/opt/ros/humble/share/rclpy/cmake)
[0.620s] -- Found rl_custom_messages: 0.0.0 (/home/rlcontrol/jay_ws/install/rl_custom_messages/share/rl_custom_messages/cmake)
[0.684s] Error parsing '/home/rlcontrol/jay_ws/jaybot/package.xml':
[0.725s] Traceback (most recent call last):
[0.725s]   File "/usr/lib/python3/dist-packages/catkin_pkg/package.py", line 610, in parse_package_string
[0.728s]     root = dom.parseString(data)
[0.728s]   File "/usr/lib/python3.10/xml/dom/minidom.py", line 1998, in parseString
[0.730s]     return expatbuilder.parseString(string)
[0.730s]   File "/usr/lib/python3.10/xml/dom/expatbuilder.py", line 925, in parseString
[0.732s]     return builder.parseString(string)
[0.732s]   File "/usr/lib/python3.10/xml/dom/expatbuilder.py", line 223, in parseString
[0.732s]     parser.Parse(string, True)
[0.732s] xml.parsers.expat.ExpatError: mismatched tag: line 13, column 35
[0.732s] 
[0.732s] During handling of the above exception, another exception occurred:
[0.732s] 
[0.732s] Traceback (most recent call last):
[0.732s]   File "/opt/ros/humble/share/ament_cmake_core/cmake/core/package_xml_2_cmake.py", line 150, in <module>
[0.732s]     main()
[0.733s]   File "/opt/ros/humble/share/ament_cmake_core/cmake/core/package_xml_2_cmake.py", line 53, in main
[0.733s]     raise e
[0.733s]   File "/opt/ros/humble/share/ament_cmake_core/cmake/core/package_xml_2_cmake.py", line 49, in main
[0.733s]     package = parse_package_string(
[0.733s]   File "/usr/lib/python3/dist-packages/catkin_pkg/package.py", line 612, in parse_package_string
[0.733s]     raise InvalidPackage('The manifest contains invalid XML:\n%s' % ex, filename)
[0.733s] catkin_pkg.package.InvalidPackage: Error(s) in package '/home/rlcontrol/jay_ws/jaybot/package.xml':
[0.733s] The manifest contains invalid XML:
[0.733s] mismatched tag: line 13, column 35
[0.744s] [31mCMake Error at /opt/ros/humble/share/ament_cmake_core/cmake/core/ament_package_xml.cmake:95 (message):
[0.745s]   execute_process(/usr/bin/python3.10
[0.745s]   /opt/ros/humble/share/ament_cmake_core/cmake/core/package_xml_2_cmake.py
[0.745s]   /home/rlcontrol/jay_ws/jaybot/package.xml
[0.745s]   /home/rlcontrol/jay_ws/build/jaybot/ament_cmake_core/package.cmake)
[0.745s]   returned error code 1
[0.745s] Call Stack (most recent call first):
[0.745s]   /opt/ros/humble/share/ament_cmake_core/cmake/core/ament_package_xml.cmake:49 (_ament_package_xml)
[0.745s]   /opt/ros/humble/share/ament_cmake_python/cmake/ament_python_install_package.cmake:60 (ament_package_xml)
[0.745s]   /opt/ros/humble/share/ament_cmake_python/cmake/ament_python_install_package.cmake:39 (_ament_cmake_python_install_package)
[0.745s]   CMakeLists.txt:41 (ament_python_install_package)
[0.746s] 
[0.746s] [0m
[0.746s] -- Configuring incomplete, errors occurred!
[0.751s] gmake: *** [Makefile:336: cmake_check_build_system] Error 1
[0.756s] Invoked command in '/home/rlcontrol/jay_ws/build/jaybot' returned '2': CMAKE_PREFIX_PATH=/home/rlcontrol/jay_ws/install/rl_custom_messages:/home/rlcontrol/jay_ws/install/jaybot /home/rlcontrol/.local/bin/cmake --build /home/rlcontrol/jay_ws/build/jaybot -- -j6 -l6
