[0.013s] Invoking command in '/home/rlcontrol/jay_ws/build/jaybot': CMAKE_PREFIX_PATH=/home/rlcontrol/jay_ws/install/rl_custom_messages:/home/rlcontrol/jay_ws/install/vision_opencv:/home/rlcontrol/jay_ws/install/jaybot:/home/rlcontrol/jay_ws/install/image_geometry:/home/rlcontrol/jay_ws/install/cv_bridge:/home/rlcontrol/jay_ws/install/opencv_tests:/opt/ros/humble /home/rlcontrol/.local/bin/cmake --build /home/rlcontrol/jay_ws/build/jaybot -- -j6 -l6
[0.066s] [  0%] Built target ament_cmake_python_symlink_jaybot
[0.068s] [ 25%] Built target range_publisher
[0.068s] [ 50%] Built target motor_controller
[0.070s] [ 75%] Built target rl_server
[0.071s] [ 87%] [32mBuilding CXX object CMakeFiles/camera_publisher.dir/src/camera_publisher.cpp.o[0m
[0.324s] running egg_info
[0.325s] writing jaybot.egg-info/PKG-INFO
[0.325s] writing dependency_links to jaybot.egg-info/dependency_links.txt
[0.326s] writing top-level names to jaybot.egg-info/top_level.txt
[0.328s] reading manifest file 'jaybot.egg-info/SOURCES.txt'
[0.328s] writing manifest file 'jaybot.egg-info/SOURCES.txt'
[0.347s] [ 87%] Built target ament_cmake_python_build_jaybot_egg
[2.884s] [01m[K/home/rlcontrol/jay_ws/jaybot/src/camera_publisher.cpp:66:9:[m[K [01;31m[Kerror: [m[Kâ€˜[01m[Kcap[m[Kâ€™ does not name a type
[2.884s]    66 |         [01;31m[Kcap[m[K.set(cv::CAP_PROP_FRAME_WIDTH, 640); // change the resolution here
[2.884s]       |         [01;31m[K^~~[m[K
[2.885s] [01m[K/home/rlcontrol/jay_ws/jaybot/src/camera_publisher.cpp:67:9:[m[K [01;31m[Kerror: [m[Kâ€˜[01m[Kcap[m[Kâ€™ does not name a type
[2.885s]    67 |         [01;31m[Kcap[m[K.set(cv::CAP_PROP_FRAME_HEIGHT, 480); // change the resolution here
[2.885s]       |         [01;31m[K^~~[m[K
[2.886s] [01m[K/home/rlcontrol/jay_ws/jaybot/src/camera_publisher.cpp:68:9:[m[K [01;31m[Kerror: [m[Kâ€˜[01m[Kcap[m[Kâ€™ does not name a type
[2.886s]    68 |         [01;31m[Kcap[m[K.set(cv::CAP_PROP_FPS, 5);
[2.886s]       |         [01;31m[K^~~[m[K
[2.886s] [01m[K/home/rlcontrol/jay_ws/jaybot/src/camera_publisher.cpp:70:9:[m[K [01;31m[Kerror: [m[Kexpected unqualified-id before â€˜[01m[Kif[m[Kâ€™
[2.886s]    70 |         [01;31m[Kif[m[K(!cap.isOpened()) {
[2.886s]       |         [01;31m[K^~[m[K
[2.887s] [01m[K/home/rlcontrol/jay_ws/jaybot/src/camera_publisher.cpp:75:9:[m[K [01;31m[Kerror: [m[Kâ€˜[01m[Kpublisher_[m[Kâ€™ does not name a type; did you mean â€˜[01m[Krmw_publisher_t[m[Kâ€™?
[2.887s]    75 |         [01;31m[Kpublisher_[m[K = this->create_publisher<sensor_msgs::msg::Image>("camera_image", 10);
[2.887s]       |         [01;31m[K^~~~~~~~~~[m[K
[2.888s]       |         [32m[Krmw_publisher_t[m[K
[2.888s] [01m[K/home/rlcontrol/jay_ws/jaybot/src/camera_publisher.cpp:76:9:[m[K [01;31m[Kerror: [m[Kâ€˜[01m[Ktimer_[m[Kâ€™ does not name a type; did you mean â€˜[01m[Ktimer_t[m[Kâ€™?
[2.888s]    76 |         [01;31m[Ktimer_[m[K = this->create_wall_timer(
[2.888s]       |         [01;31m[K^~~~~~[m[K
[2.888s]       |         [32m[Ktimer_t[m[K
[2.889s] [01m[K/home/rlcontrol/jay_ws/jaybot/src/camera_publisher.cpp:78:5:[m[K [01;31m[Kerror: [m[Kexpected declaration before â€˜[01m[K}[m[Kâ€™ token
[2.889s]    78 |     [01;31m[K}[m[K
[2.889s]       |     [01;31m[K^[m[K
[2.889s] [01m[K/home/rlcontrol/jay_ws/jaybot/src/camera_publisher.cpp:80:1:[m[K [01;31m[Kerror: [m[Kexpected unqualified-id before â€˜[01m[Kprivate[m[Kâ€™
[2.889s]    80 | [01;31m[Kprivate[m[K:
[2.889s]       | [01;31m[K^~~~~~~[m[K
[2.893s] [01m[K/home/rlcontrol/jay_ws/jaybot/src/camera_publisher.cpp:[m[K In function â€˜[01m[Kvoid publish(cv::Mat)[m[Kâ€™:
[2.893s] [01m[K/home/rlcontrol/jay_ws/jaybot/src/camera_publisher.cpp:91:9:[m[K [01;31m[Kerror: [m[Kâ€˜[01m[Kpublisher_[m[Kâ€™ was not declared in this scope; did you mean â€˜[01m[Kpublish[m[Kâ€™?
[2.893s]    91 |         [01;31m[Kpublisher_[m[K->publish(*message);
[2.893s]       |         [01;31m[K^~~~~~~~~~[m[K
[2.893s]       |         [32m[Kpublish[m[K
[2.894s] [01m[K/home/rlcontrol/jay_ws/jaybot/src/camera_publisher.cpp:[m[K At global scope:
[2.894s] [01m[K/home/rlcontrol/jay_ws/jaybot/src/camera_publisher.cpp:97:1:[m[K [01;31m[Kerror: [m[Kexpected declaration before â€˜[01m[K}[m[Kâ€™ token
[2.894s]    97 | [01;31m[K}[m[K;
[2.894s]       | [01;31m[K^[m[K
[2.894s] [01m[K/home/rlcontrol/jay_ws/jaybot/src/camera_publisher.cpp:100:5:[m[K [01;31m[Kerror: [m[Kredefinition of â€˜[01m[Kint main(int, char**)[m[Kâ€™
[2.894s]   100 | int [01;31m[Kmain[m[K(int argc, char * argv[])
[2.894s]       |     [01;31m[K^~~~[m[K
[2.894s] [01m[K/home/rlcontrol/jay_ws/jaybot/src/camera_publisher.cpp:54:5:[m[K [01;36m[Knote: [m[Kâ€˜[01m[Kint main(int, char**)[m[Kâ€™ previously defined here
[2.894s]    54 | int [01;36m[Kmain[m[K(int argc, char * argv[])
[2.894s]       |     [01;36m[K^~~~[m[K
[4.480s] gmake[2]: *** [CMakeFiles/camera_publisher.dir/build.make:76: CMakeFiles/camera_publisher.dir/src/camera_publisher.cpp.o] Error 1
[4.480s] gmake[1]: *** [CMakeFiles/Makefile2:198: CMakeFiles/camera_publisher.dir/all] Error 2
[4.480s] gmake: *** [Makefile:146: all] Error 2
[4.486s] Invoked command in '/home/rlcontrol/jay_ws/build/jaybot' returned '2': CMAKE_PREFIX_PATH=/home/rlcontrol/jay_ws/install/rl_custom_messages:/home/rlcontrol/jay_ws/install/vision_opencv:/home/rlcontrol/jay_ws/install/jaybot:/home/rlcontrol/jay_ws/install/image_geometry:/home/rlcontrol/jay_ws/install/cv_bridge:/home/rlcontrol/jay_ws/install/opencv_tests:/opt/ros/humble /home/rlcontrol/.local/bin/cmake --build /home/rlcontrol/jay_ws/build/jaybot -- -j6 -l6
