[0.014s] Invoking command in '/home/rlcontrol/jay_ws/build/jaybot': AMENT_PREFIX_PATH=/home/rlcontrol/jay_ws/install/rl_custom_messages:${AMENT_PREFIX_PATH} CMAKE_PREFIX_PATH=/home/rlcontrol/jay_ws/install/rl_custom_messages:/opt/ros/humble LD_LIBRARY_PATH=/home/rlcontrol/jay_ws/install/rl_custom_messages/lib:${LD_LIBRARY_PATH} PYTHONPATH=/home/rlcontrol/jay_ws/install/rl_custom_messages/local/lib/python3.10/dist-packages:${PYTHONPATH} /home/rlcontrol/.local/bin/cmake --build /home/rlcontrol/jay_ws/build/jaybot -- -j6 -l6
[0.100s] [ 16%] Built target camera_publisher
[0.100s] [ 33%] Built target image_debugger
[0.108s] [ 50%] Built target range_publisher
[0.109s] [ 66%] Built target motor_controller
[0.112s] [ 83%] Built target microphone_publisher
[0.114s] [ 91%] [32mBuilding CXX object CMakeFiles/rl_server.dir/src/rl_server.cpp.o[0m
[0.124s] [ 91%] Built target ament_cmake_python_symlink_jaybot
[0.434s] running egg_info
[0.435s] writing jaybot.egg-info/PKG-INFO
[0.435s] writing dependency_links to jaybot.egg-info/dependency_links.txt
[0.435s] writing top-level names to jaybot.egg-info/top_level.txt
[0.437s] reading manifest file 'jaybot.egg-info/SOURCES.txt'
[0.438s] writing manifest file 'jaybot.egg-info/SOURCES.txt'
[0.461s] [ 91%] Built target ament_cmake_python_build_jaybot_egg
[3.708s] [01m[K/home/rlcontrol/jay_ws/jaybot/src/rl_server.cpp:68:46:[m[K [01;31m[Kerror: [m[Kâ€˜[01m[KSoundCommands[m[Kâ€™ is not a member of â€˜[01m[Krl_custom_messages::msg[m[Kâ€™; did you mean â€˜[01m[KMotorCommands[m[Kâ€™?
[3.708s]    68 |   rclcpp::Publisher<rl_custom_messages::msg::[01;31m[KSoundCommands[m[K>::SharedPtr sound_command_publisher_;
[3.708s]       |                                              [01;31m[K^~~~~~~~~~~~~[m[K
[3.708s]       |                                              [32m[KMotorCommands[m[K
[3.708s] [01m[K/home/rlcontrol/jay_ws/jaybot/src/rl_server.cpp:68:59:[m[K [01;31m[Kerror: [m[Ktemplate argument 1 is invalid
[3.708s]    68 |   rclcpp::Publisher<rl_custom_messages::msg::SoundCommands[01;31m[K>[m[K::SharedPtr sound_command_publisher_;
[3.708s]       |                                                           [01;31m[K^[m[K
[3.708s] [01m[K/home/rlcontrol/jay_ws/jaybot/src/rl_server.cpp:68:62:[m[K [01;31m[Kerror: [m[Kexpected â€˜[01m[K;[m[Kâ€™ at end of member declaration
[3.708s]    68 |   rclcpp::Publisher<rl_custom_messages::msg::SoundCommands>::[01;31m[KSharedPtr[m[K sound_command_publisher_;
[3.709s]       |                                                              [01;31m[K^~~~~~~~~[m[K
[3.709s]       |                                                                       [32m[K;[m[K
[3.714s] [01m[K/home/rlcontrol/jay_ws/jaybot/src/rl_server.cpp:68:72:[m[K [01;31m[Kerror: [m[Kâ€˜[01m[Ksound_command_publisher_[m[Kâ€™ does not name a type
[3.714s]    68 |   rclcpp::Publisher<rl_custom_messages::msg::SoundCommands>::SharedPtr [01;31m[Ksound_command_publisher_[m[K;
[3.714s]       |                                                                        [01;31m[K^~~~~~~~~~~~~~~~~~~~~~~~[m[K
[3.741s] [01m[K/home/rlcontrol/jay_ws/jaybot/src/rl_server.cpp:[m[K In constructor â€˜[01m[KRangeSubscriber::RangeSubscriber()[m[Kâ€™:
[3.741s] [01m[K/home/rlcontrol/jay_ws/jaybot/src/rl_server.cpp:25:5:[m[K [01;31m[Kerror: [m[Kâ€˜[01m[Ksound_command_publisher_[m[Kâ€™ was not declared in this scope; did you mean â€˜[01m[Kmotor_command_publisher_[m[Kâ€™?
[3.742s]    25 |     [01;31m[Ksound_command_publisher_[m[K = this->create_publisher<rl_custom_messages::msg::MotorCommands>("sound_commands", 10);
[3.742s]       |     [01;31m[K^~~~~~~~~~~~~~~~~~~~~~~~[m[K
[3.742s]       |     [32m[Kmotor_command_publisher_[m[K
[3.750s] [01m[K/home/rlcontrol/jay_ws/jaybot/src/rl_server.cpp:[m[K In member function â€˜[01m[Kvoid RangeSubscriber::service_callback(std::shared_ptr<rl_custom_messages::srv::ObservationService_Request_<std::allocator<void> > >, std::shared_ptr<rl_custom_messages::srv::ObservationService_Response_<std::allocator<void> > >)[m[Kâ€™:
[3.750s] [01m[K/home/rlcontrol/jay_ws/jaybot/src/rl_server.cpp:41:24:[m[K [01;31m[Kerror: [m[Kâ€˜[01m[Kusing element_type = struct rl_custom_messages::srv::ObservationService_Request_<std::allocator<void> >[m[Kâ€™ {aka â€˜[01m[Kstruct rl_custom_messages::srv::ObservationService_Request_<std::allocator<void> >[m[Kâ€™} has no member named â€˜[01m[Kmotor_action[m[Kâ€™; did you mean â€˜[01m[Ksound_action[m[Kâ€™?
[3.750s]    41 |     std::copy(request->[01;31m[Kmotor_action[m[K.begin(), request->motor_action.end(), std::back_inserter(motor_commands.commands));
[3.751s]       |                        [01;31m[K^~~~~~~~~~~~[m[K
[3.751s]       |                        [32m[Ksound_action[m[K
[3.751s] [01m[K/home/rlcontrol/jay_ws/jaybot/src/rl_server.cpp:41:55:[m[K [01;31m[Kerror: [m[Kâ€˜[01m[Kusing element_type = struct rl_custom_messages::srv::ObservationService_Request_<std::allocator<void> >[m[Kâ€™ {aka â€˜[01m[Kstruct rl_custom_messages::srv::ObservationService_Request_<std::allocator<void> >[m[Kâ€™} has no member named â€˜[01m[Kmotor_action[m[Kâ€™; did you mean â€˜[01m[Ksound_action[m[Kâ€™?
[3.751s]    41 |     std::copy(request->motor_action.begin(), request->[01;31m[Kmotor_action[m[K.end(), std::back_inserter(motor_commands.commands));
[3.751s]       |                                                       [01;31m[K^~~~~~~~~~~~[m[K
[3.751s]       |                                                       [32m[Ksound_action[m[K
[3.764s] [01m[K/home/rlcontrol/jay_ws/jaybot/src/rl_server.cpp:62:5:[m[K [01;31m[Kerror: [m[Kâ€˜[01m[Ksound_command_publisher_[m[Kâ€™ was not declared in this scope; did you mean â€˜[01m[Kmotor_command_publisher_[m[Kâ€™?
[3.764s]    62 |     [01;31m[Ksound_command_publisher_[m[K->publish(sound_commands);
[3.764s]       |     [01;31m[K^~~~~~~~~~~~~~~~~~~~~~~~[m[K
[3.764s]       |     [32m[Kmotor_command_publisher_[m[K
[3.860s] [01m[K/home/rlcontrol/jay_ws/jaybot/src/rl_server.cpp:[m[K In member function â€˜[01m[Kvoid ImageServer::service_callback(std::shared_ptr<rl_custom_messages::srv::ImageService_Request_<std::allocator<void> > >, std::shared_ptr<rl_custom_messages::srv::ImageService_Response_<std::allocator<void> > >)[m[Kâ€™:
[3.860s] [01m[K/home/rlcontrol/jay_ws/jaybot/src/rl_server.cpp:94:79:[m[K [01;35m[Kwarning: [m[Kunused parameter â€˜[01m[Krequest[m[Kâ€™ [[01;35m[K]8;;https://gcc.gnu.org/onlinedocs/gcc/Warning-Options.html#index-Wunused-parameter-Wunused-parameter]8;;[m[K]
[3.860s]    94 |         [01;35m[Kconst std::shared_ptr<rl_custom_messages::srv::ImageService::Request> request[m[K,
[3.860s]       |         [01;35m[K~~~~~~~~~~~~~~~~~~~~~~~~~~~~~~~~~~~~~~~~~~~~~~~~~~~~~~~~~~~~~~~~~~~~~~^~~~~~~[m[K
[3.921s] [01m[K/home/rlcontrol/jay_ws/jaybot/src/rl_server.cpp:[m[K In member function â€˜[01m[Kvoid AudioReceiverSubscriber::topic_callback(sensor_msgs::msg::Image_<std::allocator<void> >::SharedPtr) const[m[Kâ€™:
[3.921s] [01m[K/home/rlcontrol/jay_ws/jaybot/src/rl_server.cpp:116:66:[m[K [01;35m[Kwarning: [m[Kunused parameter â€˜[01m[Kmsg[m[Kâ€™ [[01;35m[K]8;;https://gcc.gnu.org/onlinedocs/gcc/Warning-Options.html#index-Wunused-parameter-Wunused-parameter]8;;[m[K]
[3.921s]   116 |     void topic_callback([01;35m[Kconst sensor_msgs::msg::Image::SharedPtr msg[m[K) const
[3.922s]       |                         [01;35m[K~~~~~~~~~~~~~~~~~~~~~~~~~~~~~~~~~~~~~~~~~^~~[m[K
[10.439s] gmake[2]: *** [CMakeFiles/rl_server.dir/build.make:76: CMakeFiles/rl_server.dir/src/rl_server.cpp.o] Error 1
[10.440s] gmake[1]: *** [CMakeFiles/Makefile2:254: CMakeFiles/rl_server.dir/all] Error 2
[10.440s] gmake: *** [Makefile:146: all] Error 2
[10.445s] Invoked command in '/home/rlcontrol/jay_ws/build/jaybot' returned '2': AMENT_PREFIX_PATH=/home/rlcontrol/jay_ws/install/rl_custom_messages:${AMENT_PREFIX_PATH} CMAKE_PREFIX_PATH=/home/rlcontrol/jay_ws/install/rl_custom_messages:/opt/ros/humble LD_LIBRARY_PATH=/home/rlcontrol/jay_ws/install/rl_custom_messages/lib:${LD_LIBRARY_PATH} PYTHONPATH=/home/rlcontrol/jay_ws/install/rl_custom_messages/local/lib/python3.10/dist-packages:${PYTHONPATH} /home/rlcontrol/.local/bin/cmake --build /home/rlcontrol/jay_ws/build/jaybot -- -j6 -l6
