[0.026s] Invoking command in '/home/rlcontrol/jay_ws/build/rl_custom_messages': CMAKE_PREFIX_PATH=/opt/ros/humble /home/rlcontrol/.local/bin/cmake --build /home/rlcontrol/jay_ws/build/rl_custom_messages -- -j6 -l6
[0.177s] -- Found ament_cmake: 1.3.5 (/opt/ros/humble/share/ament_cmake/cmake)
[0.323s] -- Override CMake install command with custom implementation using symlinks instead of copying resources
[0.361s] -- Found rosidl_default_generators: 1.2.0 (/opt/ros/humble/share/rosidl_default_generators/cmake)
[0.366s] -- Using all available rosidl_typesupport_c: rosidl_typesupport_fastrtps_c;rosidl_typesupport_introspection_c
[0.374s] -- Found rosidl_adapter: 3.1.4 (/opt/ros/humble/share/rosidl_adapter/cmake)
[0.437s] -- Using all available rosidl_typesupport_cpp: rosidl_typesupport_fastrtps_cpp;rosidl_typesupport_introspection_cpp
[0.496s] -- Found sensor_msgs: 4.2.3 (/opt/ros/humble/share/sensor_msgs/cmake)
[0.973s] [31mCMake Error at /opt/ros/humble/share/rosidl_adapter/cmake/rosidl_adapt_interfaces.cmake:59 (message):
[0.973s]   execute_process(/usr/bin/python3.10 -m rosidl_adapter --package-name
[0.973s]   rl_custom_messages --arguments-file
[0.973s]   /home/rlcontrol/jay_ws/build/rl_custom_messages/rosidl_adapter__arguments__rl_custom_messages.json
[0.973s]   --output-dir
[0.973s]   /home/rlcontrol/jay_ws/build/rl_custom_messages/rosidl_adapter/rl_custom_messages
[0.974s]   --output-file
[0.974s]   /home/rlcontrol/jay_ws/build/rl_custom_messages/rosidl_adapter/rl_custom_messages.idls)
[0.974s]   returned error code 1:
[0.974s] 
[0.974s]   Error processing 'in32[40] sound_action' of
[0.974s]   'rl_custom_messages/ObservationService_Request': ''in32' is an invalid
[0.974s]   message name.  It should have the pattern '^[A-Z][A-Za-z0-9]*$''
[0.974s] 
[0.974s]   Traceback (most recent call last):
[0.974s] 
[0.974s]     File "/usr/lib/python3.10/runpy.py", line 196, in _run_module_as_main
[0.975s]       return _run_code(code, main_globals, None,
[0.975s]     File "/usr/lib/python3.10/runpy.py", line 86, in _run_code
[0.975s]       exec(code, run_globals)
[0.975s]     File "/opt/ros/humble/local/lib/python3.10/dist-packages/rosidl_adapter/__main__.py", line 19, in <module>
[0.975s]       sys.exit(main())
[0.975s]     File "/opt/ros/humble/local/lib/python3.10/dist-packages/rosidl_adapter/main.py", line 53, in main
[0.975s]       abs_idl_file = convert_to_idl(
[0.975s]     File "/opt/ros/humble/local/lib/python3.10/dist-packages/rosidl_adapter/__init__.py", line 24, in convert_to_idl
[0.975s]       return convert_srv_to_idl(
[0.975s]     File "/opt/ros/humble/local/lib/python3.10/dist-packages/rosidl_adapter/srv/__init__.py", line 28, in convert_srv_to_idl
[0.975s]       srv = parse_service_string(package_name, input_file.stem, content)
[0.975s]     File "/opt/ros/humble/local/lib/python3.10/dist-packages/rosidl_adapter/parser.py", line 859, in parse_service_string
[0.976s]       request_message = parse_message_string(
[0.976s]     File "/opt/ros/humble/local/lib/python3.10/dist-packages/rosidl_adapter/parser.py", line 520, in parse_message_string
[0.976s]       Type(type_string, context_package_name=pkg_name),
[0.976s]     File "/opt/ros/humble/local/lib/python3.10/dist-packages/rosidl_adapter/parser.py", line 277, in __init__
[0.976s]       super(Type, self).__init__(
[0.976s]     File "/opt/ros/humble/local/lib/python3.10/dist-packages/rosidl_adapter/parser.py", line 205, in __init__
[0.976s]       raise InvalidResourceName(
[0.976s] 
[0.976s]   rosidl_adapter.parser.InvalidResourceName: 'in32' is an invalid message
[0.976s]   name.  It should have the pattern '^[A-Z][A-Za-z0-9]*$'
[0.976s] 
[0.977s] Call Stack (most recent call first):
[0.977s]   /opt/ros/humble/share/rosidl_cmake/cmake/rosidl_generate_interfaces.cmake:130 (rosidl_adapt_interfaces)
[0.977s]   CMakeLists.txt:13 (rosidl_generate_interfaces)
[0.977s] 
[0.977s] [0m
[0.977s] -- Configuring incomplete, errors occurred!
[0.984s] gmake: *** [Makefile:1611: cmake_check_build_system] Error 1
[0.990s] Invoked command in '/home/rlcontrol/jay_ws/build/rl_custom_messages' returned '2': CMAKE_PREFIX_PATH=/opt/ros/humble /home/rlcontrol/.local/bin/cmake --build /home/rlcontrol/jay_ws/build/rl_custom_messages -- -j6 -l6
