[0.017s] Invoking command in '/home/rlcontrol/jay_ws/build/jaybot': AMENT_PREFIX_PATH=/home/rlcontrol/jay_ws/install/rl_custom_messages:${AMENT_PREFIX_PATH} CMAKE_PREFIX_PATH=/home/rlcontrol/jay_ws/install/rl_custom_messages:/opt/ros/humble LD_LIBRARY_PATH=/home/rlcontrol/jay_ws/install/rl_custom_messages/lib:${LD_LIBRARY_PATH} PYTHONPATH=/home/rlcontrol/jay_ws/install/rl_custom_messages/local/lib/python3.10/dist-packages:${PYTHONPATH} /home/rlcontrol/.local/bin/cmake --build /home/rlcontrol/jay_ws/build/jaybot -- -j6 -l6
[0.169s] [  8%] [32mBuilding CXX object CMakeFiles/range_publisher.dir/src/range_publisher.cpp.o[0m
[0.170s] [ 16%] [32mBuilding CXX object CMakeFiles/microphone_publisher.dir/src/microphone_publisher.cpp.o[0m
[0.170s] [ 25%] [32mBuilding CXX object CMakeFiles/motor_controller.dir/src/motor_controller.cpp.o[0m
[0.177s] [ 50%] Built target camera_publisher
[0.177s] [ 50%] [32m[1mLinking CXX executable image_debugger[0m
[0.177s] [ 58%] [32mBuilding CXX object CMakeFiles/rl_server.dir/src/rl_server.cpp.o[0m
[0.212s] [ 58%] Built target ament_cmake_python_symlink_jaybot
[0.594s] running egg_info
[0.595s] writing jaybot.egg-info/PKG-INFO
[0.596s] writing dependency_links to jaybot.egg-info/dependency_links.txt
[0.596s] writing top-level names to jaybot.egg-info/top_level.txt
[0.599s] reading manifest file 'jaybot.egg-info/SOURCES.txt'
[0.600s] writing manifest file 'jaybot.egg-info/SOURCES.txt'
[0.626s] [ 58%] Built target ament_cmake_python_build_jaybot_egg
[1.234s] [ 66%] Built target image_debugger
[4.582s] [01m[K/home/rlcontrol/jay_ws/jaybot/src/rl_server.cpp:68:46:[m[K [01;31m[Kerror: [m[Kâ€˜[01m[KSoundCommands[m[Kâ€™ is not a member of â€˜[01m[Krl_custom_messages::msg[m[Kâ€™; did you mean â€˜[01m[KMotorCommands[m[Kâ€™?
[4.582s]    68 |   rclcpp::Publisher<rl_custom_messages::msg::[01;31m[KSoundCommands[m[K>::SharedPtr sound_command_publisher_;
[4.582s]       |                                              [01;31m[K^~~~~~~~~~~~~[m[K
[4.582s]       |                                              [32m[KMotorCommands[m[K
[4.583s] [01m[K/home/rlcontrol/jay_ws/jaybot/src/rl_server.cpp:68:59:[m[K [01;31m[Kerror: [m[Ktemplate argument 1 is invalid
[4.583s]    68 |   rclcpp::Publisher<rl_custom_messages::msg::SoundCommands[01;31m[K>[m[K::SharedPtr sound_command_publisher_;
[4.583s]       |                                                           [01;31m[K^[m[K
[4.583s] [01m[K/home/rlcontrol/jay_ws/jaybot/src/rl_server.cpp:68:62:[m[K [01;31m[Kerror: [m[Kexpected â€˜[01m[K;[m[Kâ€™ at end of member declaration
[4.583s]    68 |   rclcpp::Publisher<rl_custom_messages::msg::SoundCommands>::[01;31m[KSharedPtr[m[K sound_command_publisher_;
[4.583s]       |                                                              [01;31m[K^~~~~~~~~[m[K
[4.584s]       |                                                                       [32m[K;[m[K
[4.590s] [01m[K/home/rlcontrol/jay_ws/jaybot/src/rl_server.cpp:68:72:[m[K [01;31m[Kerror: [m[Kâ€˜[01m[Ksound_command_publisher_[m[Kâ€™ does not name a type
[4.590s]    68 |   rclcpp::Publisher<rl_custom_messages::msg::SoundCommands>::SharedPtr [01;31m[Ksound_command_publisher_[m[K;
[4.591s]       |                                                                        [01;31m[K^~~~~~~~~~~~~~~~~~~~~~~~[m[K
[4.591s] [01m[K/home/rlcontrol/jay_ws/jaybot/src/rl_server.cpp:71:28:[m[K [01;31m[Kerror: [m[Kâ€˜[01m[KSoundCommands[m[Kâ€™ in namespace â€˜[01m[Krl_custom_messages::msg[m[Kâ€™ does not name a type; did you mean â€˜[01m[KMotorCommands[m[Kâ€™?
[4.591s]    71 |   rl_custom_messages::msg::[01;31m[KSoundCommands[m[K sound_commands;
[4.591s]       |                            [01;31m[K^~~~~~~~~~~~~[m[K
[4.591s]       |                            [32m[KMotorCommands[m[K
[4.620s] [01m[K/home/rlcontrol/jay_ws/jaybot/src/rl_server.cpp:[m[K In constructor â€˜[01m[KRangeSubscriber::RangeSubscriber()[m[Kâ€™:
[4.620s] [01m[K/home/rlcontrol/jay_ws/jaybot/src/rl_server.cpp:25:5:[m[K [01;31m[Kerror: [m[Kâ€˜[01m[Ksound_command_publisher_[m[Kâ€™ was not declared in this scope; did you mean â€˜[01m[Kmotor_command_publisher_[m[Kâ€™?
[4.620s]    25 |     [01;31m[Ksound_command_publisher_[m[K = this->create_publisher<rl_custom_messages::msg::SoundCommands>("sound_commands", 10);
[4.620s]       |     [01;31m[K^~~~~~~~~~~~~~~~~~~~~~~~[m[K
[4.620s]       |     [32m[Kmotor_command_publisher_[m[K
[4.620s] [01m[K/home/rlcontrol/jay_ws/jaybot/src/rl_server.cpp:25:80:[m[K [01;31m[Kerror: [m[Kâ€˜[01m[KSoundCommands[m[Kâ€™ is not a member of â€˜[01m[Krl_custom_messages::msg[m[Kâ€™; did you mean â€˜[01m[KMotorCommands[m[Kâ€™?
[4.620s]    25 |     sound_command_publisher_ = this->create_publisher<rl_custom_messages::msg::[01;31m[KSoundCommands[m[K>("sound_commands", 10);
[4.620s]       |                                                                                [01;31m[K^~~~~~~~~~~~~[m[K
[4.621s]       |                                                                                [32m[KMotorCommands[m[K
[4.621s] [01m[K/home/rlcontrol/jay_ws/jaybot/src/rl_server.cpp:25:94:[m[K [01;31m[Kerror: [m[Kno matching function for call to â€˜[01m[KRangeSubscriber::create_publisher<<expression error> >(const char [15], int)[m[Kâ€™
[4.621s]    25 |     sound_command_publisher_ = [01;31m[Kthis->create_publisher<rl_custom_messages::msg::SoundCommands>("sound_commands", 10)[m[K;
[4.621s]       |                                [01;31m[K~~~~~~~~~~~~~~~~~~~~~~~~~~~~~~~~~~~~~~~~~~~~~~~~~~~~~~~~~~~~~~^~~~~~~~~~~~~~~~~~~~~~[m[K
[4.621s] In file included from [01m[K/opt/ros/humble/include/rclcpp/rclcpp/node.hpp:1321[m[K,
[4.621s]                  from [01m[K/opt/ros/humble/include/rclcpp/rclcpp/executors/single_threaded_executor.hpp:28[m[K,
[4.621s]                  from [01m[K/opt/ros/humble/include/rclcpp/rclcpp/executors.hpp:22[m[K,
[4.621s]                  from [01m[K/opt/ros/humble/include/rclcpp/rclcpp/rclcpp.hpp:155[m[K,
[4.621s]                  from [01m[K/home/rlcontrol/jay_ws/jaybot/src/rl_server.cpp:1[m[K:
[4.621s] [01m[K/opt/ros/humble/include/rclcpp/rclcpp/node_impl.hpp:73:1:[m[K [01;36m[Knote: [m[Kcandidate: â€˜[01m[Ktemplate<class MessageT, class AllocatorT, class PublisherT> std::shared_ptr<PublisherT> rclcpp::Node::create_publisher(const string&, const rclcpp::QoS&, const rclcpp::PublisherOptionsWithAllocator<AllocatorT>&)[m[Kâ€™
[4.621s]    73 | [01;36m[KNode[m[K::create_publisher(
[4.622s]       | [01;36m[K^~~~[m[K
[4.622s] [01m[K/opt/ros/humble/include/rclcpp/rclcpp/node_impl.hpp:73:1:[m[K [01;36m[Knote: [m[K  template argument deduction/substitution failed:
[4.622s] [01m[K/home/rlcontrol/jay_ws/jaybot/src/rl_server.cpp:25:94:[m[K [01;31m[Kerror: [m[Ktemplate argument 1 is invalid
[4.622s]    25 |     sound_command_publisher_ = [01;31m[Kthis->create_publisher<rl_custom_messages::msg::SoundCommands>("sound_commands", 10)[m[K;
[4.622s]       |                                [01;31m[K~~~~~~~~~~~~~~~~~~~~~~~~~~~~~~~~~~~~~~~~~~~~~~~~~~~~~~~~~~~~~~^~~~~~~~~~~~~~~~~~~~~~[m[K
[4.631s] [01m[K/home/rlcontrol/jay_ws/jaybot/src/rl_server.cpp:[m[K In member function â€˜[01m[Kvoid RangeSubscriber::service_callback(std::shared_ptr<rl_custom_messages::srv::ObservationService_Request_<std::allocator<void> > >, std::shared_ptr<rl_custom_messages::srv::ObservationService_Response_<std::allocator<void> > >)[m[Kâ€™:
[4.631s] [01m[K/home/rlcontrol/jay_ws/jaybot/src/rl_server.cpp:41:24:[m[K [01;31m[Kerror: [m[Kâ€˜[01m[Kusing element_type = struct rl_custom_messages::srv::ObservationService_Request_<std::allocator<void> >[m[Kâ€™ {aka â€˜[01m[Kstruct rl_custom_messages::srv::ObservationService_Request_<std::allocator<void> >[m[Kâ€™} has no member named â€˜[01m[Kmotor_action[m[Kâ€™; did you mean â€˜[01m[Ksound_action[m[Kâ€™?
[4.631s]    41 |     std::copy(request->[01;31m[Kmotor_action[m[K.begin(), request->motor_action.end(), std::back_inserter(motor_commands.commands));
[4.631s]       |                        [01;31m[K^~~~~~~~~~~~[m[K
[4.631s]       |                        [32m[Ksound_action[m[K
[4.631s] [01m[K/home/rlcontrol/jay_ws/jaybot/src/rl_server.cpp:41:55:[m[K [01;31m[Kerror: [m[Kâ€˜[01m[Kusing element_type = struct rl_custom_messages::srv::ObservationService_Request_<std::allocator<void> >[m[Kâ€™ {aka â€˜[01m[Kstruct rl_custom_messages::srv::ObservationService_Request_<std::allocator<void> >[m[Kâ€™} has no member named â€˜[01m[Kmotor_action[m[Kâ€™; did you mean â€˜[01m[Ksound_action[m[Kâ€™?
[4.631s]    41 |     std::copy(request->motor_action.begin(), request->[01;31m[Kmotor_action[m[K.end(), std::back_inserter(motor_commands.commands));
[4.631s]       |                                                       [01;31m[K^~~~~~~~~~~~[m[K
[4.631s]       |                                                       [32m[Ksound_action[m[K
[4.642s] [01m[K/home/rlcontrol/jay_ws/jaybot/src/rl_server.cpp:43:5:[m[K [01;31m[Kerror: [m[Kâ€˜[01m[Ksound_commands[m[Kâ€™ was not declared in this scope; did you mean â€˜[01m[Kmotor_commands[m[Kâ€™?
[4.642s]    43 |     [01;31m[Ksound_commands[m[K.commands.clear(); // Clear previous sound commands
[4.642s]       |     [01;31m[K^~~~~~~~~~~~~~[m[K
[4.642s]       |     [32m[Kmotor_commands[m[K
[4.655s] [01m[K/home/rlcontrol/jay_ws/jaybot/src/rl_server.cpp:62:5:[m[K [01;31m[Kerror: [m[Kâ€˜[01m[Ksound_command_publisher_[m[Kâ€™ was not declared in this scope; did you mean â€˜[01m[Kmotor_command_publisher_[m[Kâ€™?
[4.655s]    62 |     [01;31m[Ksound_command_publisher_[m[K->publish(sound_commands);
[4.655s]       |     [01;31m[K^~~~~~~~~~~~~~~~~~~~~~~~[m[K
[4.655s]       |     [32m[Kmotor_command_publisher_[m[K
[4.754s] [01m[K/home/rlcontrol/jay_ws/jaybot/src/rl_server.cpp:[m[K In member function â€˜[01m[Kvoid ImageServer::service_callback(std::shared_ptr<rl_custom_messages::srv::ImageService_Request_<std::allocator<void> > >, std::shared_ptr<rl_custom_messages::srv::ImageService_Response_<std::allocator<void> > >)[m[Kâ€™:
[4.754s] [01m[K/home/rlcontrol/jay_ws/jaybot/src/rl_server.cpp:94:79:[m[K [01;35m[Kwarning: [m[Kunused parameter â€˜[01m[Krequest[m[Kâ€™ [[01;35m[K]8;;https://gcc.gnu.org/onlinedocs/gcc/Warning-Options.html#index-Wunused-parameter-Wunused-parameter]8;;[m[K]
[4.754s]    94 |         [01;35m[Kconst std::shared_ptr<rl_custom_messages::srv::ImageService::Request> request[m[K,
[4.754s]       |         [01;35m[K~~~~~~~~~~~~~~~~~~~~~~~~~~~~~~~~~~~~~~~~~~~~~~~~~~~~~~~~~~~~~~~~~~~~~~^~~~~~~[m[K
[4.827s] [01m[K/home/rlcontrol/jay_ws/jaybot/src/rl_server.cpp:[m[K In member function â€˜[01m[Kvoid AudioReceiverSubscriber::topic_callback(sensor_msgs::msg::Image_<std::allocator<void> >::SharedPtr) const[m[Kâ€™:
[4.827s] [01m[K/home/rlcontrol/jay_ws/jaybot/src/rl_server.cpp:116:66:[m[K [01;35m[Kwarning: [m[Kunused parameter â€˜[01m[Kmsg[m[Kâ€™ [[01;35m[K]8;;https://gcc.gnu.org/onlinedocs/gcc/Warning-Options.html#index-Wunused-parameter-Wunused-parameter]8;;[m[K]
[4.827s]   116 |     void topic_callback([01;35m[Kconst sensor_msgs::msg::Image::SharedPtr msg[m[K) const
[4.827s]       |                         [01;35m[K~~~~~~~~~~~~~~~~~~~~~~~~~~~~~~~~~~~~~~~~~^~~[m[K
[5.849s] [ 75%] [32m[1mLinking CXX executable microphone_publisher[0m
[5.942s] [ 83%] [32m[1mLinking CXX executable range_publisher[0m
[6.200s] [ 83%] Built target microphone_publisher
[6.253s] [ 83%] Built target range_publisher
[9.669s] [ 91%] [32m[1mLinking CXX executable motor_controller[0m
[10.218s] [ 91%] Built target motor_controller
[11.281s] gmake[2]: *** [CMakeFiles/rl_server.dir/build.make:76: CMakeFiles/rl_server.dir/src/rl_server.cpp.o] Error 1
[11.282s] gmake[1]: *** [CMakeFiles/Makefile2:254: CMakeFiles/rl_server.dir/all] Error 2
[11.282s] gmake: *** [Makefile:146: all] Error 2
[11.288s] Invoked command in '/home/rlcontrol/jay_ws/build/jaybot' returned '2': AMENT_PREFIX_PATH=/home/rlcontrol/jay_ws/install/rl_custom_messages:${AMENT_PREFIX_PATH} CMAKE_PREFIX_PATH=/home/rlcontrol/jay_ws/install/rl_custom_messages:/opt/ros/humble LD_LIBRARY_PATH=/home/rlcontrol/jay_ws/install/rl_custom_messages/lib:${LD_LIBRARY_PATH} PYTHONPATH=/home/rlcontrol/jay_ws/install/rl_custom_messages/local/lib/python3.10/dist-packages:${PYTHONPATH} /home/rlcontrol/.local/bin/cmake --build /home/rlcontrol/jay_ws/build/jaybot -- -j6 -l6
