In file included from [01m[K/home/rlcontrol/jay_ws/jaybot/src/range_publisher.cpp:10[m[K:
[01m[K/home/rlcontrol/jay_ws/jaybot/include/jaybot/RangeSensor.h:21:17:[m[K [01;31m[Kerror: [m[Kexpected class-name before â€˜[01m[K([m[Kâ€™ token
   21 |     ~RangeSensor[01;31m[K([m[K);
      |                 [01;31m[K^[m[K
[01m[K/home/rlcontrol/jay_ws/jaybot/include/jaybot/RangeSensor.h:57:1:[m[K [01;31m[Kerror: [m[Kâ€˜[01m[KRangeSensor[m[Kâ€™ does not name a type; did you mean â€˜[01m[KRangesensor[m[Kâ€™?
   57 | [01;31m[KRangeSensor[m[K::~RangeSensor()
      | [01;31m[K^~~~~~~~~~~[m[K
      | [32m[KRangesensor[m[K
gmake[2]: *** [CMakeFiles/range_publisher.dir/build.make:76: CMakeFiles/range_publisher.dir/src/range_publisher.cpp.o] Error 1
gmake[1]: *** [CMakeFiles/Makefile2:144: CMakeFiles/range_publisher.dir/all] Error 2
gmake[1]: *** Waiting for unfinished jobs....
gmake: *** [Makefile:146: all] Error 2
