[0.024s] Invoking command in '/home/rlcontrol/jay_ws/build/jaybot': CMAKE_PREFIX_PATH=/home/rlcontrol/jay_ws/install/rl_custom_messages:/home/rlcontrol/jay_ws/install/jaybot:/opt/ros/humble /home/rlcontrol/.local/bin/cmake --build /home/rlcontrol/jay_ws/build/jaybot -- -j6 -l6
[0.140s] [ 33%] Built target rl_server
[0.141s] [ 50%] [32mBuilding CXX object CMakeFiles/range_publisher.dir/src/range_publisher.cpp.o[0m
[0.146s] [ 50%] Built target ament_cmake_python_symlink_jaybot
[0.160s] [ 66%] [32mBuilding CXX object CMakeFiles/motor_controller.dir/src/motor_controller.cpp.o[0m
[0.625s] running egg_info
[0.626s] writing jaybot.egg-info/PKG-INFO
[0.626s] writing dependency_links to jaybot.egg-info/dependency_links.txt
[0.626s] writing top-level names to jaybot.egg-info/top_level.txt
[0.630s] reading manifest file 'jaybot.egg-info/SOURCES.txt'
[0.631s] writing manifest file 'jaybot.egg-info/SOURCES.txt'
[0.662s] [ 66%] Built target ament_cmake_python_build_jaybot_egg
[3.915s] In file included from [01m[K/home/rlcontrol/jay_ws/jaybot/src/range_publisher.cpp:10[m[K:
[3.915s] [01m[K/home/rlcontrol/jay_ws/jaybot/include/jaybot/RangeSensor.h:21:17:[m[K [01;31m[Kerror: [m[Kexpected class-name before â€˜[01m[K([m[Kâ€™ token
[3.916s]    21 |     ~RangeSensor[01;31m[K([m[K);
[3.916s]       |                 [01;31m[K^[m[K
[3.929s] [01m[K/home/rlcontrol/jay_ws/jaybot/include/jaybot/RangeSensor.h:57:1:[m[K [01;31m[Kerror: [m[Kâ€˜[01m[KRangeSensor[m[Kâ€™ does not name a type; did you mean â€˜[01m[KRangesensor[m[Kâ€™?
[3.929s]    57 | [01;31m[KRangeSensor[m[K::~RangeSensor()
[3.929s]       | [01;31m[K^~~~~~~~~~~[m[K
[3.929s]       | [32m[KRangesensor[m[K
[5.320s] gmake[2]: *** [CMakeFiles/range_publisher.dir/build.make:76: CMakeFiles/range_publisher.dir/src/range_publisher.cpp.o] Error 1
[5.321s] gmake[1]: *** [CMakeFiles/Makefile2:144: CMakeFiles/range_publisher.dir/all] Error 2
[5.321s] gmake[1]: *** Waiting for unfinished jobs....
[13.142s] [ 83%] [32m[1mLinking CXX executable motor_controller[0m
[13.655s] [ 83%] Built target motor_controller
[13.656s] gmake: *** [Makefile:146: all] Error 2
[13.664s] Invoked command in '/home/rlcontrol/jay_ws/build/jaybot' returned '2': CMAKE_PREFIX_PATH=/home/rlcontrol/jay_ws/install/rl_custom_messages:/home/rlcontrol/jay_ws/install/jaybot:/opt/ros/humble /home/rlcontrol/.local/bin/cmake --build /home/rlcontrol/jay_ws/build/jaybot -- -j6 -l6
