[0.016s] Invoking command in '/home/rlagent/jay_ws/build/jaybot': AMENT_PREFIX_PATH=/home/rlagent/jay_ws/install/rl_custom_messages:${AMENT_PREFIX_PATH} CMAKE_PREFIX_PATH=/home/rlagent/jay_ws/install/rl_custom_messages:/opt/ros/humble LD_LIBRARY_PATH=/home/rlagent/jay_ws/install/rl_custom_messages/lib:${LD_LIBRARY_PATH} PYTHONPATH=/home/rlagent/jay_ws/install/rl_custom_messages/local/lib/python3.10/dist-packages:${PYTHONPATH} /usr/bin/cmake /home/rlagent/jay_ws/jaybot -DCMAKE_INSTALL_PREFIX=/home/rlagent/jay_ws/install/jaybot
[0.118s] -- The C compiler identification is GNU 11.3.0
[0.211s] -- The CXX compiler identification is GNU 11.3.0
[0.223s] -- Detecting C compiler ABI info
[0.348s] -- Detecting C compiler ABI info - done
[0.357s] -- Check for working C compiler: /usr/bin/cc - skipped
[0.357s] -- Detecting C compile features
[0.358s] -- Detecting C compile features - done
[0.362s] -- Detecting CXX compiler ABI info
[0.507s] -- Detecting CXX compiler ABI info - done
[0.516s] -- Check for working CXX compiler: /usr/bin/c++ - skipped
[0.516s] -- Detecting CXX compile features
[0.517s] -- Detecting CXX compile features - done
[0.522s] -- Found ament_cmake: 1.3.4 (/opt/ros/humble/share/ament_cmake/cmake)
[0.751s] -- Found Python3: /usr/bin/python3.10 (found version "3.10.6") found components: Interpreter 
[0.864s] -- Found rclcpp: 16.0.4 (/opt/ros/humble/share/rclcpp/cmake)
[0.923s] -- Found rosidl_generator_c: 3.1.4 (/opt/ros/humble/share/rosidl_generator_c/cmake)
[0.930s] -- Found rosidl_adapter: 3.1.4 (/opt/ros/humble/share/rosidl_adapter/cmake)
[0.942s] -- Found rosidl_generator_cpp: 3.1.4 (/opt/ros/humble/share/rosidl_generator_cpp/cmake)
[0.963s] -- Using all available rosidl_typesupport_c: rosidl_typesupport_fastrtps_c;rosidl_typesupport_introspection_c
[0.991s] -- Using all available rosidl_typesupport_cpp: rosidl_typesupport_fastrtps_cpp;rosidl_typesupport_introspection_cpp
[1.094s] -- Found rmw_implementation_cmake: 6.1.1 (/opt/ros/humble/share/rmw_implementation_cmake/cmake)
[1.097s] -- Found rmw_fastrtps_cpp: 6.2.2 (/opt/ros/humble/share/rmw_fastrtps_cpp/cmake)
[1.350s] -- Found OpenSSL: /usr/lib/x86_64-linux-gnu/libcrypto.so (found version "3.0.2")  
[1.382s] -- Found FastRTPS: /opt/ros/humble/include  
[1.450s] -- Using RMW implementation 'rmw_fastrtps_cpp' as default
[1.469s] -- Looking for pthread.h
[1.603s] -- Looking for pthread.h - found
[1.604s] -- Performing Test CMAKE_HAVE_LIBC_PTHREAD
[1.745s] -- Performing Test CMAKE_HAVE_LIBC_PTHREAD - Success
[1.747s] -- Found Threads: TRUE  
[1.970s] -- Found rl_custom_messages: 0.0.0 (/home/rlagent/jay_ws/install/rl_custom_messages/share/rl_custom_messages/cmake)
[2.079s] -- Configuring done
[2.102s] -- Generating done
[2.104s] -- Build files have been written to: /home/rlagent/jay_ws/build/jaybot
[2.118s] Invoked command in '/home/rlagent/jay_ws/build/jaybot' returned '0': AMENT_PREFIX_PATH=/home/rlagent/jay_ws/install/rl_custom_messages:${AMENT_PREFIX_PATH} CMAKE_PREFIX_PATH=/home/rlagent/jay_ws/install/rl_custom_messages:/opt/ros/humble LD_LIBRARY_PATH=/home/rlagent/jay_ws/install/rl_custom_messages/lib:${LD_LIBRARY_PATH} PYTHONPATH=/home/rlagent/jay_ws/install/rl_custom_messages/local/lib/python3.10/dist-packages:${PYTHONPATH} /usr/bin/cmake /home/rlagent/jay_ws/jaybot -DCMAKE_INSTALL_PREFIX=/home/rlagent/jay_ws/install/jaybot
[2.121s] Invoking command in '/home/rlagent/jay_ws/build/jaybot': AMENT_PREFIX_PATH=/home/rlagent/jay_ws/install/rl_custom_messages:${AMENT_PREFIX_PATH} CMAKE_PREFIX_PATH=/home/rlagent/jay_ws/install/rl_custom_messages:/opt/ros/humble LD_LIBRARY_PATH=/home/rlagent/jay_ws/install/rl_custom_messages/lib:${LD_LIBRARY_PATH} PYTHONPATH=/home/rlagent/jay_ws/install/rl_custom_messages/local/lib/python3.10/dist-packages:${PYTHONPATH} /usr/bin/cmake --build /home/rlagent/jay_ws/build/jaybot -- -j2 -l2
[2.223s] [ 20%] [32mBuilding CXX object CMakeFiles/range_subscriber.dir/src/range_subscriber.cpp.o[0m
[2.223s] [ 40%] [32mBuilding CXX object CMakeFiles/range_publisher.dir/src/range_publisher.cpp.o[0m
[2.871s] [01m[K/home/rlagent/jay_ws/jaybot/src/range_publisher.cpp:10:10:[m[K [01;31m[Kfatal error: [m[Kjaybot/RangeSensor.h: No such file or directory
[2.871s]    10 | #include [01;31m[K"jaybot/RangeSensor.h"[m[K // Assuming this is the correct include for Rangesensor
[2.871s]       |          [01;31m[K^~~~~~~~~~~~~~~~~~~~~~[m[K
[2.872s] compilation terminated.
[2.877s] gmake[2]: *** [CMakeFiles/range_publisher.dir/build.make:76: CMakeFiles/range_publisher.dir/src/range_publisher.cpp.o] Error 1
[2.877s] gmake[1]: *** [CMakeFiles/Makefile2:139: CMakeFiles/range_publisher.dir/all] Error 2
[2.877s] gmake[1]: *** Waiting for unfinished jobs....
[5.415s] [01m[K/home/rlagent/jay_ws/jaybot/src/range_subscriber.cpp:20:29:[m[K [01;31m[Kerror: [m[Kâ€˜[01m[Kmy_package[m[Kâ€™ does not name a type
[5.415s]    20 |   void topic_callback(const [01;31m[Kmy_package[m[K::msg::RangeArray::SharedPtr & msg) const // replace "my_package" with your package name
[5.416s]       |                             [01;31m[K^~~~~~~~~~[m[K
[5.416s] [01m[K/home/rlagent/jay_ws/jaybot/src/range_subscriber.cpp:20:44:[m[K [01;31m[Kerror: [m[Kexpected unqualified-id before â€˜[01m[K::[m[Kâ€™ token
[5.416s]    20 |   void topic_callback(const my_package::msg[01;31m[K::[m[KRangeArray::SharedPtr & msg) const // replace "my_package" with your package name
[5.416s]       |                                            [01;31m[K^~[m[K
[5.416s] [01m[K/home/rlagent/jay_ws/jaybot/src/range_subscriber.cpp:20:44:[m[K [01;31m[Kerror: [m[Kexpected â€˜[01m[K)[m[Kâ€™ before â€˜[01m[K::[m[Kâ€™ token
[5.416s]    20 |   void topic_callback[34m[K([m[Kconst my_package::msg[01;31m[K:[m[K[32m[K:[m[KRangeArray::SharedPtr & msg) const // replace "my_package" with your package name
[5.417s]       |                      [34m[K~[m[K                     [01;31m[K^[m[K[32m[K~[m[K
[5.417s]       |                                            [32m[K)[m[K
[5.417s] [01m[K/home/rlagent/jay_ws/jaybot/src/range_subscriber.cpp:20:41:[m[K [01;31m[Kerror: [m[Kexpected â€˜[01m[K;[m[Kâ€™ at end of member declaration
[5.417s]    20 |   void topic_callback(const my_package::[01;31m[Kmsg[m[K::RangeArray::SharedPtr & msg) const // replace "my_package" with your package name
[5.417s]       |                                         [01;31m[K^~~[m[K
[5.417s]       |                                            [32m[K;[m[K
[5.417s] [01m[K/home/rlagent/jay_ws/jaybot/src/range_subscriber.cpp:20:46:[m[K [01;31m[Kerror: [m[Kâ€˜[01m[KRangeArray[m[Kâ€™ in namespace â€˜[01m[K::[m[Kâ€™ does not name a type
[5.418s]    20 |   void topic_callback(const my_package::msg::[01;31m[KRangeArray[m[K::SharedPtr & msg) const // replace "my_package" with your package name
[5.418s]       |                                              [01;31m[K^~~~~~~~~~[m[K
[5.423s] [01m[K/home/rlagent/jay_ws/jaybot/src/range_subscriber.cpp:24:24:[m[K [01;31m[Kerror: [m[Kâ€˜[01m[Kmy_package[m[Kâ€™ was not declared in this scope
[5.423s]    24 |   rclcpp::Subscription<[01;31m[Kmy_package[m[K::msg::RangeArray>::SharedPtr subscription_; // replace "my_package" with your package name
[5.423s]       |                        [01;31m[K^~~~~~~~~~[m[K
[5.423s] [01m[K/home/rlagent/jay_ws/jaybot/src/range_subscriber.cpp:24:51:[m[K [01;31m[Kerror: [m[Ktemplate argument 1 is invalid
[5.423s]    24 |   rclcpp::Subscription<my_package::msg::RangeArray[01;31m[K>[m[K::SharedPtr subscription_; // replace "my_package" with your package name
[5.423s]       |                                                   [01;31m[K^[m[K
[5.423s] [01m[K/home/rlagent/jay_ws/jaybot/src/range_subscriber.cpp:24:51:[m[K [01;31m[Kerror: [m[Ktemplate argument 3 is invalid
[5.423s] [01m[K/home/rlagent/jay_ws/jaybot/src/range_subscriber.cpp:24:51:[m[K [01;31m[Kerror: [m[Ktemplate argument 4 is invalid
[5.424s] [01m[K/home/rlagent/jay_ws/jaybot/src/range_subscriber.cpp:24:51:[m[K [01;31m[Kerror: [m[Ktemplate argument 5 is invalid
[5.424s] [01m[K/home/rlagent/jay_ws/jaybot/src/range_subscriber.cpp:24:54:[m[K [01;31m[Kerror: [m[Kexpected â€˜[01m[K;[m[Kâ€™ at end of member declaration
[5.424s]    24 |   rclcpp::Subscription<my_package::msg::RangeArray>::[01;31m[KSharedPtr[m[K subscription_; // replace "my_package" with your package name
[5.424s]       |                                                      [01;31m[K^~~~~~~~~[m[K
[5.424s]       |                                                               [32m[K;[m[K
[5.424s] [01m[K/home/rlagent/jay_ws/jaybot/src/range_subscriber.cpp:24:64:[m[K [01;31m[Kerror: [m[Kâ€˜[01m[Ksubscription_[m[Kâ€™ does not name a type; did you mean â€˜[01m[Krmw_subscription_t[m[Kâ€™?
[5.424s]    24 |   rclcpp::Subscription<my_package::msg::RangeArray>::SharedPtr [01;31m[Ksubscription_[m[K; // replace "my_package" with your package name
[5.425s]       |                                                                [01;31m[K^~~~~~~~~~~~~[m[K
[5.425s]       |                                                                [32m[Krmw_subscription_t[m[K
[5.429s] [01m[K/home/rlagent/jay_ws/jaybot/src/range_subscriber.cpp:[m[K In constructor â€˜[01m[KRangeSubscriber::RangeSubscriber()[m[Kâ€™:
[5.430s] [01m[K/home/rlagent/jay_ws/jaybot/src/range_subscriber.cpp:15:5:[m[K [01;31m[Kerror: [m[Kâ€˜[01m[Ksubscription_[m[Kâ€™ was not declared in this scope; did you mean â€˜[01m[Krmw_subscription_t[m[Kâ€™?
[5.430s]    15 |     [01;31m[Ksubscription_[m[K = this->create_subscription<my_package::msg::RangeArray>( // replace "my_package" with your package name
[5.430s]       |     [01;31m[K^~~~~~~~~~~~~[m[K
[5.430s]       |     [32m[Krmw_subscription_t[m[K
[5.434s] [01m[K/home/rlagent/jay_ws/jaybot/src/range_subscriber.cpp:15:47:[m[K [01;31m[Kerror: [m[Kâ€˜[01m[Kmy_package[m[Kâ€™ was not declared in this scope
[5.434s]    15 |     subscription_ = this->create_subscription<[01;31m[Kmy_package[m[K::msg::RangeArray>( // replace "my_package" with your package name
[5.434s]       |                                               [01;31m[K^~~~~~~~~~[m[K
[5.434s] [01m[K/home/rlagent/jay_ws/jaybot/src/range_subscriber.cpp:15:27:[m[K [01;31m[Kerror: [m[Kparse error in template argument list
[5.434s]    15 |     subscription_ = this->[01;31m[Kcreate_subscription<my_package::msg::RangeArray>[m[K( // replace "my_package" with your package name
[5.434s]       |                           [01;31m[K^~~~~~~~~~~~~~~~~~~~~~~~~~~~~~~~~~~~~~~~~~~~~~~~[m[K
[5.439s] [01m[K/home/rlagent/jay_ws/jaybot/src/range_subscriber.cpp:15:75:[m[K [01;31m[Kerror: [m[Kno matching function for call to â€˜[01m[KRangeSubscriber::create_subscription<<expression error> >(const char [11], int, std::_Bind_helper<false, void (RangeSubscriber::*)(...), RangeSubscriber*, const std::_Placeholder<1>&>::type)[m[Kâ€™
[5.439s]    15 |     subscription_ = [01;31m[Kthis->create_subscription<my_package::msg::RangeArray>( // replace "my_package" with your package name[m[K
[5.439s]       |                     [01;31m[K~~~~~~~~~~~~~~~~~~~~~~~~~~~~~~~~~~~~~~~~~~~~~~~~~~~~~~^~~~~~~~~~~~~~~~~~~~~~~~~~~~~~~~~~~~~~~~~~~~~~~~[m[K
[5.439s]    16 | [01;31m[K      "range_data", 10, std::bind(&RangeSubscriber::topic_callback, this, _1))[m[K;
[5.439s]       |       [01;31m[K~~~~~~~~~~~~~~~~~~~~~~~~~~~~~~~~~~~~~~~~~~~~~~~~~~~~~~~~~~~~~~~~~~~~~~~~[m[K
[5.439s] In file included from [01m[K/opt/ros/humble/include/rclcpp/rclcpp/executors/single_threaded_executor.hpp:28[m[K,
[5.440s]                  from [01m[K/opt/ros/humble/include/rclcpp/rclcpp/executors.hpp:22[m[K,
[5.440s]                  from [01m[K/opt/ros/humble/include/rclcpp/rclcpp/rclcpp.hpp:155[m[K,
[5.440s]                  from [01m[K/home/rlagent/jay_ws/jaybot/src/range_subscriber.cpp:4[m[K:
[5.440s] [01m[K/opt/ros/humble/include/rclcpp/rclcpp/node.hpp:219:3:[m[K [01;36m[Knote: [m[Kcandidate: â€˜[01m[Ktemplate<class MessageT, class CallbackT, class AllocatorT, class SubscriptionT, class MessageMemoryStrategyT> std::shared_ptr<ROSMessageT> rclcpp::Node::create_subscription(const string&, const rclcpp::QoS&, CallbackT&&, const rclcpp::SubscriptionOptionsWithAllocator<AllocatorT>&, typename MessageMemoryStrategyT::SharedPtr)[m[Kâ€™
[5.440s]   219 |   [01;36m[Kcreate_subscription[m[K(
[5.440s]       |   [01;36m[K^~~~~~~~~~~~~~~~~~~[m[K
[5.440s] [01m[K/opt/ros/humble/include/rclcpp/rclcpp/node.hpp:219:3:[m[K [01;36m[Knote: [m[K  template argument deduction/substitution failed:
[5.440s] [01m[K/home/rlagent/jay_ws/jaybot/src/range_subscriber.cpp:15:75:[m[K [01;31m[Kerror: [m[Ktemplate argument 1 is invalid
[5.441s]    15 |     subscription_ = [01;31m[Kthis->create_subscription<my_package::msg::RangeArray>( // replace "my_package" with your package name[m[K
[5.441s]       |                     [01;31m[K~~~~~~~~~~~~~~~~~~~~~~~~~~~~~~~~~~~~~~~~~~~~~~~~~~~~~~^~~~~~~~~~~~~~~~~~~~~~~~~~~~~~~~~~~~~~~~~~~~~~~~[m[K
[5.441s]    16 | [01;31m[K      "range_data", 10, std::bind(&RangeSubscriber::topic_callback, this, _1))[m[K;
[5.441s]       |       [01;31m[K~~~~~~~~~~~~~~~~~~~~~~~~~~~~~~~~~~~~~~~~~~~~~~~~~~~~~~~~~~~~~~~~~~~~~~~~[m[K
[5.914s] gmake[2]: *** [CMakeFiles/range_subscriber.dir/build.make:76: CMakeFiles/range_subscriber.dir/src/range_subscriber.cpp.o] Error 1
[5.914s] gmake[1]: *** [CMakeFiles/Makefile2:165: CMakeFiles/range_subscriber.dir/all] Error 2
[5.914s] gmake: *** [Makefile:146: all] Error 2
[5.917s] Invoked command in '/home/rlagent/jay_ws/build/jaybot' returned '2': AMENT_PREFIX_PATH=/home/rlagent/jay_ws/install/rl_custom_messages:${AMENT_PREFIX_PATH} CMAKE_PREFIX_PATH=/home/rlagent/jay_ws/install/rl_custom_messages:/opt/ros/humble LD_LIBRARY_PATH=/home/rlagent/jay_ws/install/rl_custom_messages/lib:${LD_LIBRARY_PATH} PYTHONPATH=/home/rlagent/jay_ws/install/rl_custom_messages/local/lib/python3.10/dist-packages:${PYTHONPATH} /usr/bin/cmake --build /home/rlagent/jay_ws/build/jaybot -- -j2 -l2
