[ 14%] Built target microphone_publisher
[ 28%] Built target range_publisher
[ 42%] Built target motor_controller
[ 57%] Built target camera_publisher
[ 64%] [32mBuilding CXX object CMakeFiles/speaker_controller.dir/src/speaker_controller.cpp.o[0m
[01m[K/home/rlcontrol/jay_ws/jaybot/src/speaker_controller.cpp:1:27:[m[K [01;31m[Kerror: [m[Kâ€˜[01m[Krl_custom_messages[m[Kâ€™ does not name a type
    1 | void topic_callback(const [01;31m[Krl_custom_messages[m[K::msg::MotorCommands::SharedPtr msg)
      |                           [01;31m[K^~~~~~~~~~~~~~~~~~[m[K
[01m[K/home/rlcontrol/jay_ws/jaybot/src/speaker_controller.cpp:1:50:[m[K [01;31m[Kerror: [m[Kexpected unqualified-id before â€˜[01m[K::[m[Kâ€™ token
    1 | void topic_callback(const rl_custom_messages::msg[01;31m[K::[m[KMotorCommands::SharedPtr msg)
      |                                                  [01;31m[K^~[m[K
[01m[K/home/rlcontrol/jay_ws/jaybot/src/speaker_controller.cpp:1:50:[m[K [01;31m[Kerror: [m[Kexpected â€˜[01m[K)[m[Kâ€™ before â€˜[01m[K::[m[Kâ€™ token
    1 | void topic_callback[34m[K([m[Kconst rl_custom_messages::msg[01;31m[K:[m[K[32m[K:[m[KMotorCommands::SharedPtr msg)
      |                    [34m[K~[m[K                             [01;31m[K^[m[K[32m[K~[m[K
      |                                                  [32m[K)[m[K
[01m[K/home/rlcontrol/jay_ws/jaybot/src/speaker_controller.cpp:1:50:[m[K [01;31m[Kerror: [m[Kexpected initializer before â€˜[01m[K::[m[Kâ€™ token
    1 | void topic_callback(const rl_custom_messages::msg[01;31m[K::[m[KMotorCommands::SharedPtr msg)
      |                                                  [01;31m[K^~[m[K
gmake[2]: *** [CMakeFiles/speaker_controller.dir/build.make:76: CMakeFiles/speaker_controller.dir/src/speaker_controller.cpp.o] Error 1
gmake[1]: *** [CMakeFiles/Makefile2:256: CMakeFiles/speaker_controller.dir/all] Error 2
gmake[1]: *** Waiting for unfinished jobs....
[ 78%] Built target rl_server
[ 92%] Built target image_debugger
[ 92%] Built target ament_cmake_python_symlink_jaybot
gmake: *** [Makefile:146: all] Error 2
