[ 14%] Built target motor_controller
[ 28%] Built target range_publisher
[ 42%] Built target microphone_publisher
[ 57%] Built target camera_publisher
[ 71%] Built target rl_server
[ 78%] [32mBuilding CXX object CMakeFiles/speaker_controller.dir/src/speaker_controller.cpp.o[0m
[ 78%] Built target ament_cmake_python_symlink_jaybot
[ 92%] Built target image_debugger
running egg_info
writing jaybot.egg-info/PKG-INFO
writing dependency_links to jaybot.egg-info/dependency_links.txt
writing top-level names to jaybot.egg-info/top_level.txt
reading manifest file 'jaybot.egg-info/SOURCES.txt'
writing manifest file 'jaybot.egg-info/SOURCES.txt'
[ 92%] Built target ament_cmake_python_build_jaybot_egg
[01m[K/home/rlcontrol/jay_ws/jaybot/src/speaker_controller.cpp:[m[K In constructor â€˜[01m[KSoundPlayer::SoundPlayer()[m[Kâ€™:
[01m[K/home/rlcontrol/jay_ws/jaybot/src/speaker_controller.cpp:12:75:[m[K [01;31m[Kerror: [m[Kâ€˜[01m[K_1[m[Kâ€™ was not declared in this scope; did you mean â€˜[01m[Kstd::placeholders::_1[m[Kâ€™?
   12 |       "sound_commands", 10, std::bind(&SoundPlayer::topic_callback, this, [01;31m[K_1[m[K));
      |                                                                           [01;31m[K^~[m[K
      |                                                                           [32m[Kstd::placeholders::_1[m[K
In file included from [01m[K/usr/include/c++/11/pstl/glue_algorithm_defs.h:13[m[K,
                 from [01m[K/usr/include/c++/11/algorithm:74[m[K,
                 from [01m[K/opt/ros/humble/include/rclcpp/rclcpp/executor.hpp:18[m[K,
                 from [01m[K/opt/ros/humble/include/rclcpp/rclcpp/executors/multi_threaded_executor.hpp:25[m[K,
                 from [01m[K/opt/ros/humble/include/rclcpp/rclcpp/executors.hpp:21[m[K,
                 from [01m[K/opt/ros/humble/include/rclcpp/rclcpp/rclcpp.hpp:155[m[K,
                 from [01m[K/home/rlcontrol/jay_ws/jaybot/src/speaker_controller.cpp:1[m[K:
[01m[K/usr/include/c++/11/functional:225:34:[m[K [01;36m[Knote: [m[Kâ€˜[01m[Kstd::placeholders::_1[m[Kâ€™ declared here
  225 |     extern const _Placeholder<1> [01;36m[K_1[m[K;
      |                                  [01;36m[K^~[m[K
gmake[2]: *** [CMakeFiles/speaker_controller.dir/build.make:76: CMakeFiles/speaker_controller.dir/src/speaker_controller.cpp.o] Error 1
gmake[1]: *** [CMakeFiles/Makefile2:256: CMakeFiles/speaker_controller.dir/all] Error 2
gmake: *** [Makefile:146: all] Error 2
