[0.015s] Invoking command in '/home/rlcontrol/jay_ws/build/jaybot': CMAKE_PREFIX_PATH=/home/rlcontrol/jay_ws/install/rl_custom_messages:/home/rlcontrol/jay_ws/install/jaybot:/opt/ros/humble /home/rlcontrol/.local/bin/cmake --build /home/rlcontrol/jay_ws/build/jaybot -- -j6 -l6
[0.064s] [  0%] Built target ament_cmake_python_symlink_jaybot
[0.066s] [ 33%] Built target range_publisher
[0.066s] [ 66%] Built target motor_controller
[0.069s] [ 83%] [32mBuilding CXX object CMakeFiles/rl_server.dir/src/rl_server.cpp.o[0m
[0.370s] running egg_info
[0.370s] writing jaybot.egg-info/PKG-INFO
[0.371s] writing dependency_links to jaybot.egg-info/dependency_links.txt
[0.371s] writing top-level names to jaybot.egg-info/top_level.txt
[0.373s] reading manifest file 'jaybot.egg-info/SOURCES.txt'
[0.374s] writing manifest file 'jaybot.egg-info/SOURCES.txt'
[0.395s] [ 83%] Built target ament_cmake_python_build_jaybot_egg
[2.417s] [01m[K/home/rlcontrol/jay_ws/jaybot/src/rl_server.cpp:52:21:[m[K [01;31m[Kerror: [m[Kâ€˜[01m[Kstd_msgs[m[Kâ€™ was not declared in this scope
[2.417s]    52 |   rclcpp::Publisher<[01;31m[Kstd_msgs[m[K::msg::Float32MultiArray>::SharedPtr motor_command_publisher_;
[2.417s]       |                     [01;31m[K^~~~~~~~[m[K
[2.417s] [01m[K/home/rlcontrol/jay_ws/jaybot/src/rl_server.cpp:52:53:[m[K [01;31m[Kerror: [m[Ktemplate argument 1 is invalid
[2.417s]    52 |   rclcpp::Publisher<std_msgs::msg::Float32MultiArray[01;31m[K>[m[K::SharedPtr motor_command_publisher_;
[2.417s]       |                                                     [01;31m[K^[m[K
[2.417s] [01m[K/home/rlcontrol/jay_ws/jaybot/src/rl_server.cpp:52:56:[m[K [01;31m[Kerror: [m[Kexpected â€˜[01m[K;[m[Kâ€™ at end of member declaration
[2.417s]    52 |   rclcpp::Publisher<std_msgs::msg::Float32MultiArray>::[01;31m[KSharedPtr[m[K motor_command_publisher_;
[2.417s]       |                                                        [01;31m[K^~~~~~~~~[m[K
[2.417s]       |                                                                 [32m[K;[m[K
[2.422s] [01m[K/home/rlcontrol/jay_ws/jaybot/src/rl_server.cpp:52:66:[m[K [01;31m[Kerror: [m[Kâ€˜[01m[Kmotor_command_publisher_[m[Kâ€™ does not name a type
[2.423s]    52 |   rclcpp::Publisher<std_msgs::msg::Float32MultiArray>::SharedPtr [01;31m[Kmotor_command_publisher_[m[K;
[2.423s]       |                                                                  [01;31m[K^~~~~~~~~~~~~~~~~~~~~~~~[m[K
[2.449s] [01m[K/home/rlcontrol/jay_ws/jaybot/src/rl_server.cpp:[m[K In constructor â€˜[01m[KRangeSubscriber::RangeSubscriber()[m[Kâ€™:
[2.449s] [01m[K/home/rlcontrol/jay_ws/jaybot/src/rl_server.cpp:18:5:[m[K [01;31m[Kerror: [m[Kâ€˜[01m[Kmotor_command_publisher_[m[Kâ€™ was not declared in this scope
[2.449s]    18 |     [01;31m[Kmotor_command_publisher_[m[K = this->create_publisher<std_msgs::msg::Float32MultiArray>("motor_commands", 10);
[2.449s]       |     [01;31m[K^~~~~~~~~~~~~~~~~~~~~~~~[m[K
[2.454s] [01m[K/home/rlcontrol/jay_ws/jaybot/src/rl_server.cpp:18:55:[m[K [01;31m[Kerror: [m[Kâ€˜[01m[Kstd_msgs[m[Kâ€™ was not declared in this scope
[2.454s]    18 |     motor_command_publisher_ = this->create_publisher<[01;31m[Kstd_msgs[m[K::msg::Float32MultiArray>("motor_commands", 10);
[2.454s]       |                                                       [01;31m[K^~~~~~~~[m[K
[2.454s] [01m[K/home/rlcontrol/jay_ws/jaybot/src/rl_server.cpp:18:38:[m[K [01;31m[Kerror: [m[Kparse error in template argument list
[2.454s]    18 |     motor_command_publisher_ = this->[01;31m[Kcreate_publisher<std_msgs::msg::Float32MultiArray>[m[K("motor_commands", 10);
[2.455s]       |                                      [01;31m[K^~~~~~~~~~~~~~~~~~~~~~~~~~~~~~~~~~~~~~~~~~~~~~~~~~[m[K
[2.455s] [01m[K/home/rlcontrol/jay_ws/jaybot/src/rl_server.cpp:18:88:[m[K [01;31m[Kerror: [m[Kno matching function for call to â€˜[01m[KRangeSubscriber::create_publisher<<expression error> >(const char [15], int)[m[Kâ€™
[2.455s]    18 |     motor_command_publisher_ = [01;31m[Kthis->create_publisher<std_msgs::msg::Float32MultiArray>("motor_commands", 10)[m[K;
[2.455s]       |                                [01;31m[K~~~~~~~~~~~~~~~~~~~~~~~~~~~~~~~~~~~~~~~~~~~~~~~~~~~~~~~~^~~~~~~~~~~~~~~~~~~~~~[m[K
[2.455s] In file included from [01m[K/opt/ros/humble/include/rclcpp/rclcpp/executors/single_threaded_executor.hpp:28[m[K,
[2.455s]                  from [01m[K/opt/ros/humble/include/rclcpp/rclcpp/executors.hpp:22[m[K,
[2.455s]                  from [01m[K/opt/ros/humble/include/rclcpp/rclcpp/rclcpp.hpp:155[m[K,
[2.455s]                  from [01m[K/home/rlcontrol/jay_ws/jaybot/src/rl_server.cpp:1[m[K:
[2.455s] [01m[K/opt/ros/humble/include/rclcpp/rclcpp/node.hpp:195:3:[m[K [01;36m[Knote: [m[Kcandidate: â€˜[01m[Ktemplate<class MessageT, class AllocatorT, class PublisherT> std::shared_ptr<PublisherT> rclcpp::Node::create_publisher(const string&, const rclcpp::QoS&, const rclcpp::PublisherOptionsWithAllocator<AllocatorT>&)[m[Kâ€™
[2.455s]   195 |   [01;36m[Kcreate_publisher[m[K(
[2.455s]       |   [01;36m[K^~~~~~~~~~~~~~~~[m[K
[2.455s] [01m[K/opt/ros/humble/include/rclcpp/rclcpp/node.hpp:195:3:[m[K [01;36m[Knote: [m[K  template argument deduction/substitution failed:
[2.455s] [01m[K/home/rlcontrol/jay_ws/jaybot/src/rl_server.cpp:18:88:[m[K [01;31m[Kerror: [m[Ktemplate argument 1 is invalid
[2.455s]    18 |     motor_command_publisher_ = [01;31m[Kthis->create_publisher<std_msgs::msg::Float32MultiArray>("motor_commands", 10)[m[K;
[2.455s]       |                                [01;31m[K~~~~~~~~~~~~~~~~~~~~~~~~~~~~~~~~~~~~~~~~~~~~~~~~~~~~~~~~^~~~~~~~~~~~~~~~~~~~~~[m[K
[2.462s] [01m[K/home/rlcontrol/jay_ws/jaybot/src/rl_server.cpp:[m[K In member function â€˜[01m[Kvoid RangeSubscriber::service_callback(std::shared_ptr<rl_custom_messages::srv::ObservationService_Request_<std::allocator<void> > >, std::shared_ptr<rl_custom_messages::srv::ObservationService_Response_<std::allocator<void> > >)[m[Kâ€™:
[2.463s] [01m[K/home/rlcontrol/jay_ws/jaybot/src/rl_server.cpp:44:5:[m[K [01;31m[Kerror: [m[Kâ€˜[01m[Kstd_msgs[m[Kâ€™ has not been declared
[2.463s]    44 |     [01;31m[Kstd_msgs[m[K::msg::Float32MultiArray msg;
[2.463s]       |     [01;31m[K^~~~~~~~[m[K
[2.463s] [01m[K/home/rlcontrol/jay_ws/jaybot/src/rl_server.cpp:45:5:[m[K [01;31m[Kerror: [m[Kâ€˜[01m[Kmsg[m[Kâ€™ was not declared in this scope
[2.463s]    45 |     [01;31m[Kmsg[m[K.data = motor_commands; // Assuming motor_commands is a std::vector<float>
[2.463s]       |     [01;31m[K^~~[m[K
[2.463s] [01m[K/home/rlcontrol/jay_ws/jaybot/src/rl_server.cpp:45:5:[m[K [01;36m[Knote: [m[Ksuggested alternatives:
[2.464s] In file included from [01m[K/opt/ros/humble/include/builtin_interfaces/builtin_interfaces/msg/duration.hpp:7[m[K,
[2.464s]                  from [01m[K/opt/ros/humble/include/rclcpp/rclcpp/duration.hpp:20[m[K,
[2.464s]                  from [01m[K/opt/ros/humble/include/rclcpp/rclcpp/qos.hpp:20[m[K,
[2.464s]                  from [01m[K/opt/ros/humble/include/rclcpp/rclcpp/node_interfaces/node_graph_interface.hpp:32[m[K,
[2.464s]                  from [01m[K/opt/ros/humble/include/rclcpp/rclcpp/client.hpp:42[m[K,
[2.464s]                  from [01m[K/opt/ros/humble/include/rclcpp/rclcpp/callback_group.hpp:24[m[K,
[2.464s]                  from [01m[K/opt/ros/humble/include/rclcpp/rclcpp/any_executable.hpp:20[m[K,
[2.464s]                  from [01m[K/opt/ros/humble/include/rclcpp/rclcpp/memory_strategy.hpp:25[m[K,
[2.464s]                  from [01m[K/opt/ros/humble/include/rclcpp/rclcpp/memory_strategies.hpp:18[m[K,
[2.464s]                  from [01m[K/opt/ros/humble/include/rclcpp/rclcpp/executor_options.hpp:20[m[K,
[2.464s]                  from [01m[K/opt/ros/humble/include/rclcpp/rclcpp/executor.hpp:37[m[K,
[2.464s]                  from [01m[K/opt/ros/humble/include/rclcpp/rclcpp/executors/multi_threaded_executor.hpp:25[m[K,
[2.464s]                  from [01m[K/opt/ros/humble/include/rclcpp/rclcpp/executors.hpp:21[m[K,
[2.464s]                  from [01m[K/opt/ros/humble/include/rclcpp/rclcpp/rclcpp.hpp:155[m[K,
[2.464s]                  from [01m[K/home/rlcontrol/jay_ws/jaybot/src/rl_server.cpp:1[m[K:
[2.464s] [01m[K/opt/ros/humble/include/builtin_interfaces/builtin_interfaces/msg/detail/duration__struct.hpp:27:11:[m[K [01;36m[Knote: [m[K  â€˜[01m[Kbuiltin_interfaces::msg[m[Kâ€™
[2.465s]    27 | namespace [01;36m[Kmsg[m[K
[2.465s]       |           [01;36m[K^~~[m[K
[2.465s] In file included from [01m[K/opt/ros/humble/include/rcl_interfaces/rcl_interfaces/msg/set_parameters_result.hpp:7[m[K,
[2.465s]                  from [01m[K/opt/ros/humble/include/rclcpp/rclcpp/qos_overriding_options.hpp:28[m[K,
[2.465s]                  from [01m[K/opt/ros/humble/include/rclcpp/rclcpp/subscription_options.hpp:30[m[K,
[2.465s]                  from [01m[K/opt/ros/humble/include/rclcpp/rclcpp/subscription.hpp:45[m[K,
[2.465s]                  from [01m[K/opt/ros/humble/include/rclcpp/rclcpp/any_executable.hpp:25[m[K,
[2.465s]                  from [01m[K/opt/ros/humble/include/rclcpp/rclcpp/memory_strategy.hpp:25[m[K,
[2.465s]                  from [01m[K/opt/ros/humble/include/rclcpp/rclcpp/memory_strategies.hpp:18[m[K,
[2.465s]                  from [01m[K/opt/ros/humble/include/rclcpp/rclcpp/executor_options.hpp:20[m[K,
[2.465s]                  from [01m[K/opt/ros/humble/include/rclcpp/rclcpp/executor.hpp:37[m[K,
[2.465s]                  from [01m[K/opt/ros/humble/include/rclcpp/rclcpp/executors/multi_threaded_executor.hpp:25[m[K,
[2.465s]                  from [01m[K/opt/ros/humble/include/rclcpp/rclcpp/executors.hpp:21[m[K,
[2.465s]                  from [01m[K/opt/ros/humble/include/rclcpp/rclcpp/rclcpp.hpp:155[m[K,
[2.465s]                  from [01m[K/home/rlcontrol/jay_ws/jaybot/src/rl_server.cpp:1[m[K:
[2.465s] [01m[K/opt/ros/humble/include/rcl_interfaces/rcl_interfaces/msg/detail/set_parameters_result__struct.hpp:27:11:[m[K [01;36m[Knote: [m[K  â€˜[01m[Krcl_interfaces::msg[m[Kâ€™
[2.465s]    27 | namespace [01;36m[Kmsg[m[K
[2.465s]       |           [01;36m[K^~~[m[K
[2.465s] In file included from [01m[K/opt/ros/humble/include/statistics_msgs/statistics_msgs/msg/detail/metrics_message__struct.hpp:23[m[K,
[2.466s]                  from [01m[K/opt/ros/humble/include/statistics_msgs/statistics_msgs/msg/metrics_message.hpp:7[m[K,
[2.466s]                  from [01m[K/opt/ros/humble/include/libstatistics_collector/libstatistics_collector/collector/generate_statistics_message.hpp:21[m[K,
[2.466s]                  from [01m[K/opt/ros/humble/include/rclcpp/rclcpp/topic_statistics/subscription_topic_statistics.hpp:23[m[K,
[2.466s]                  from [01m[K/opt/ros/humble/include/rclcpp/rclcpp/subscription.hpp:50[m[K,
[2.466s]                  from [01m[K/opt/ros/humble/include/rclcpp/rclcpp/any_executable.hpp:25[m[K,
[2.466s]                  from [01m[K/opt/ros/humble/include/rclcpp/rclcpp/memory_strategy.hpp:25[m[K,
[2.466s]                  from [01m[K/opt/ros/humble/include/rclcpp/rclcpp/memory_strategies.hpp:18[m[K,
[2.466s]                  from [01m[K/opt/ros/humble/include/rclcpp/rclcpp/executor_options.hpp:20[m[K,
[2.466s]                  from [01m[K/opt/ros/humble/include/rclcpp/rclcpp/executor.hpp:37[m[K,
[2.466s]                  from [01m[K/opt/ros/humble/include/rclcpp/rclcpp/executors/multi_threaded_executor.hpp:25[m[K,
[2.466s]                  from [01m[K/opt/ros/humble/include/rclcpp/rclcpp/executors.hpp:21[m[K,
[2.466s]                  from [01m[K/opt/ros/humble/include/rclcpp/rclcpp/rclcpp.hpp:155[m[K,
[2.466s]                  from [01m[K/home/rlcontrol/jay_ws/jaybot/src/rl_server.cpp:1[m[K:
[2.466s] [01m[K/opt/ros/humble/include/statistics_msgs/statistics_msgs/msg/detail/statistic_data_point__struct.hpp:27:11:[m[K [01;36m[Knote: [m[K  â€˜[01m[Kstatistics_msgs::msg[m[Kâ€™
[2.466s]    27 | namespace [01;36m[Kmsg[m[K
[2.466s]       |           [01;36m[K^~~[m[K
[2.466s] In file included from [01m[K/home/rlcontrol/jay_ws/build/rl_custom_messages/rosidl_generator_cpp/rl_custom_messages/msg/range_array.hpp:7[m[K,
[2.466s]                  from [01m[K/home/rlcontrol/jay_ws/jaybot/src/rl_server.cpp:2[m[K:
[2.467s] [01m[K/home/rlcontrol/jay_ws/build/rl_custom_messages/rosidl_generator_cpp/rl_custom_messages/msg/detail/range_array__struct.hpp:27:11:[m[K [01;36m[Knote: [m[K  â€˜[01m[Krl_custom_messages::msg[m[Kâ€™
[2.467s]    27 | namespace [01;36m[Kmsg[m[K
[2.467s]       |           [01;36m[K^~~[m[K
[2.475s] [01m[K/home/rlcontrol/jay_ws/jaybot/src/rl_server.cpp:46:5:[m[K [01;31m[Kerror: [m[Kâ€˜[01m[Kmotor_command_publisher_[m[Kâ€™ was not declared in this scope
[2.475s]    46 |     [01;31m[Kmotor_command_publisher_[m[K->publish(msg);
[2.475s]       |     [01;31m[K^~~~~~~~~~~~~~~~~~~~~~~~[m[K
[5.194s] gmake[2]: *** [CMakeFiles/rl_server.dir/build.make:76: CMakeFiles/rl_server.dir/src/rl_server.cpp.o] Error 1
[5.194s] gmake[1]: *** [CMakeFiles/Makefile2:196: CMakeFiles/rl_server.dir/all] Error 2
[5.194s] gmake: *** [Makefile:146: all] Error 2
[5.199s] Invoked command in '/home/rlcontrol/jay_ws/build/jaybot' returned '2': CMAKE_PREFIX_PATH=/home/rlcontrol/jay_ws/install/rl_custom_messages:/home/rlcontrol/jay_ws/install/jaybot:/opt/ros/humble /home/rlcontrol/.local/bin/cmake --build /home/rlcontrol/jay_ws/build/jaybot -- -j6 -l6
