[  0%] Built target ament_cmake_python_symlink_jaybot
[ 25%] Built target range_publisher
[ 50%] Built target motor_controller
[ 75%] [32mBuilding CXX object CMakeFiles/rl_server.dir/src/rl_server.cpp.o[0m
[ 75%] [32mBuilding CXX object CMakeFiles/camera_publisher.dir/src/camera_publisher.cpp.o[0m
running egg_info
writing jaybot.egg-info/PKG-INFO
writing dependency_links to jaybot.egg-info/dependency_links.txt
writing top-level names to jaybot.egg-info/top_level.txt
reading manifest file 'jaybot.egg-info/SOURCES.txt'
writing manifest file 'jaybot.egg-info/SOURCES.txt'
[ 75%] Built target ament_cmake_python_build_jaybot_egg
[01m[K/home/rlcontrol/jay_ws/jaybot/src/camera_publisher.cpp:[m[K In constructor â€˜[01m[KImagePublisher::ImagePublisher()[m[Kâ€™:
[01m[K/home/rlcontrol/jay_ws/jaybot/src/camera_publisher.cpp:25:9:[m[K [01;31m[Kerror: [m[Kexpected â€˜[01m[K;[m[Kâ€™ before â€˜[01m[Kif[m[Kâ€™
   25 |         [01;31m[Kif[m[K(!cap.isOpened()) {
      |         [01;31m[K^~[m[K
gmake[2]: *** [CMakeFiles/camera_publisher.dir/build.make:76: CMakeFiles/camera_publisher.dir/src/camera_publisher.cpp.o] Error 1
gmake[1]: *** [CMakeFiles/Makefile2:198: CMakeFiles/camera_publisher.dir/all] Error 2
gmake[1]: *** Waiting for unfinished jobs....
[ 87%] [32m[1mLinking CXX executable rl_server[0m
[ 87%] Built target rl_server
gmake: *** [Makefile:146: all] Error 2
