[0.016s] Invoking command in '/home/rlcontrol/jay_ws/build/jaybot': CMAKE_PREFIX_PATH=/home/rlcontrol/jay_ws/install/rl_custom_messages:/home/rlcontrol/jay_ws/install/vision_opencv:/home/rlcontrol/jay_ws/install/jaybot:/home/rlcontrol/jay_ws/install/image_geometry:/home/rlcontrol/jay_ws/install/cv_bridge:/home/rlcontrol/jay_ws/install/opencv_tests:/opt/ros/humble /home/rlcontrol/.local/bin/cmake --build /home/rlcontrol/jay_ws/build/jaybot -- -j6 -l6
[0.093s] [  0%] Built target ament_cmake_python_symlink_jaybot
[0.095s] [ 25%] Built target range_publisher
[0.096s] [ 50%] Built target motor_controller
[0.106s] [ 75%] [32mBuilding CXX object CMakeFiles/rl_server.dir/src/rl_server.cpp.o[0m
[0.106s] [ 75%] [32mBuilding CXX object CMakeFiles/camera_publisher.dir/src/camera_publisher.cpp.o[0m
[0.467s] running egg_info
[0.468s] writing jaybot.egg-info/PKG-INFO
[0.469s] writing dependency_links to jaybot.egg-info/dependency_links.txt
[0.469s] writing top-level names to jaybot.egg-info/top_level.txt
[0.472s] reading manifest file 'jaybot.egg-info/SOURCES.txt'
[0.473s] writing manifest file 'jaybot.egg-info/SOURCES.txt'
[0.501s] [ 75%] Built target ament_cmake_python_build_jaybot_egg
[4.418s] [01m[K/home/rlcontrol/jay_ws/jaybot/src/camera_publisher.cpp:[m[K In constructor â€˜[01m[KImagePublisher::ImagePublisher()[m[Kâ€™:
[4.418s] [01m[K/home/rlcontrol/jay_ws/jaybot/src/camera_publisher.cpp:25:9:[m[K [01;31m[Kerror: [m[Kexpected â€˜[01m[K;[m[Kâ€™ before â€˜[01m[Kif[m[Kâ€™
[4.418s]    25 |         [01;31m[Kif[m[K(!cap.isOpened()) {
[4.418s]       |         [01;31m[K^~[m[K
[6.703s] gmake[2]: *** [CMakeFiles/camera_publisher.dir/build.make:76: CMakeFiles/camera_publisher.dir/src/camera_publisher.cpp.o] Error 1
[6.703s] gmake[1]: *** [CMakeFiles/Makefile2:198: CMakeFiles/camera_publisher.dir/all] Error 2
[6.703s] gmake[1]: *** Waiting for unfinished jobs....
[19.159s] [ 87%] [32m[1mLinking CXX executable rl_server[0m
[20.370s] [ 87%] Built target rl_server
[20.371s] gmake: *** [Makefile:146: all] Error 2
[20.378s] Invoked command in '/home/rlcontrol/jay_ws/build/jaybot' returned '2': CMAKE_PREFIX_PATH=/home/rlcontrol/jay_ws/install/rl_custom_messages:/home/rlcontrol/jay_ws/install/vision_opencv:/home/rlcontrol/jay_ws/install/jaybot:/home/rlcontrol/jay_ws/install/image_geometry:/home/rlcontrol/jay_ws/install/cv_bridge:/home/rlcontrol/jay_ws/install/opencv_tests:/opt/ros/humble /home/rlcontrol/.local/bin/cmake --build /home/rlcontrol/jay_ws/build/jaybot -- -j6 -l6
