[0.019s] Invoking command in '/home/rlagent/jay_ws/build/jaybot': AMENT_PREFIX_PATH=/home/rlagent/jay_ws/install/rl_custom_messages:${AMENT_PREFIX_PATH} CMAKE_PREFIX_PATH=/home/rlagent/jay_ws/install/rl_custom_messages:/opt/ros/humble LD_LIBRARY_PATH=/home/rlagent/jay_ws/install/rl_custom_messages/lib:${LD_LIBRARY_PATH} PYTHONPATH=/home/rlagent/jay_ws/install/rl_custom_messages/local/lib/python3.10/dist-packages:${PYTHONPATH} /usr/bin/cmake /home/rlagent/jay_ws/jaybot -DCMAKE_INSTALL_PREFIX=/home/rlagent/jay_ws/install/jaybot
[0.116s] -- The C compiler identification is GNU 11.3.0
[0.209s] -- The CXX compiler identification is GNU 11.3.0
[0.220s] -- Detecting C compiler ABI info
[0.343s] -- Detecting C compiler ABI info - done
[0.350s] -- Check for working C compiler: /usr/bin/cc - skipped
[0.351s] -- Detecting C compile features
[0.352s] -- Detecting C compile features - done
[0.356s] -- Detecting CXX compiler ABI info
[0.503s] -- Detecting CXX compiler ABI info - done
[0.510s] -- Check for working CXX compiler: /usr/bin/c++ - skipped
[0.510s] -- Detecting CXX compile features
[0.511s] -- Detecting CXX compile features - done
[0.515s] -- Found ament_cmake: 1.3.4 (/opt/ros/humble/share/ament_cmake/cmake)
[0.747s] -- Found Python3: /usr/bin/python3.10 (found version "3.10.6") found components: Interpreter 
[0.880s] -- Found rclcpp: 16.0.4 (/opt/ros/humble/share/rclcpp/cmake)
[0.938s] -- Found rosidl_generator_c: 3.1.4 (/opt/ros/humble/share/rosidl_generator_c/cmake)
[0.946s] -- Found rosidl_adapter: 3.1.4 (/opt/ros/humble/share/rosidl_adapter/cmake)
[0.959s] -- Found rosidl_generator_cpp: 3.1.4 (/opt/ros/humble/share/rosidl_generator_cpp/cmake)
[0.981s] -- Using all available rosidl_typesupport_c: rosidl_typesupport_fastrtps_c;rosidl_typesupport_introspection_c
[1.012s] -- Using all available rosidl_typesupport_cpp: rosidl_typesupport_fastrtps_cpp;rosidl_typesupport_introspection_cpp
[1.112s] -- Found rmw_implementation_cmake: 6.1.1 (/opt/ros/humble/share/rmw_implementation_cmake/cmake)
[1.116s] -- Found rmw_fastrtps_cpp: 6.2.2 (/opt/ros/humble/share/rmw_fastrtps_cpp/cmake)
[1.268s] -- Found OpenSSL: /usr/lib/x86_64-linux-gnu/libcrypto.so (found version "3.0.2")  
[1.300s] -- Found FastRTPS: /opt/ros/humble/include  
[1.360s] -- Using RMW implementation 'rmw_fastrtps_cpp' as default
[1.373s] -- Looking for pthread.h
[1.504s] -- Looking for pthread.h - found
[1.505s] -- Performing Test CMAKE_HAVE_LIBC_PTHREAD
[1.634s] -- Performing Test CMAKE_HAVE_LIBC_PTHREAD - Success
[1.636s] -- Found Threads: TRUE  
[1.857s] -- Found rl_custom_messages: 0.0.0 (/home/rlagent/jay_ws/install/rl_custom_messages/share/rl_custom_messages/cmake)
[1.960s] -- Configuring done
[1.983s] -- Generating done
[1.986s] -- Build files have been written to: /home/rlagent/jay_ws/build/jaybot
[2.000s] Invoked command in '/home/rlagent/jay_ws/build/jaybot' returned '0': AMENT_PREFIX_PATH=/home/rlagent/jay_ws/install/rl_custom_messages:${AMENT_PREFIX_PATH} CMAKE_PREFIX_PATH=/home/rlagent/jay_ws/install/rl_custom_messages:/opt/ros/humble LD_LIBRARY_PATH=/home/rlagent/jay_ws/install/rl_custom_messages/lib:${LD_LIBRARY_PATH} PYTHONPATH=/home/rlagent/jay_ws/install/rl_custom_messages/local/lib/python3.10/dist-packages:${PYTHONPATH} /usr/bin/cmake /home/rlagent/jay_ws/jaybot -DCMAKE_INSTALL_PREFIX=/home/rlagent/jay_ws/install/jaybot
[2.002s] Invoking command in '/home/rlagent/jay_ws/build/jaybot': AMENT_PREFIX_PATH=/home/rlagent/jay_ws/install/rl_custom_messages:${AMENT_PREFIX_PATH} CMAKE_PREFIX_PATH=/home/rlagent/jay_ws/install/rl_custom_messages:/opt/ros/humble LD_LIBRARY_PATH=/home/rlagent/jay_ws/install/rl_custom_messages/lib:${LD_LIBRARY_PATH} PYTHONPATH=/home/rlagent/jay_ws/install/rl_custom_messages/local/lib/python3.10/dist-packages:${PYTHONPATH} /usr/bin/cmake --build /home/rlagent/jay_ws/build/jaybot -- -j2 -l2
[2.097s] [ 25%] [32mBuilding CXX object CMakeFiles/range_publisher.dir/src/range_publisher.cpp.o[0m
[2.101s] [ 50%] [32mBuilding CXX object CMakeFiles/range_subscriber.dir/src/range_subscriber.cpp.o[0m
[5.417s] [01m[K/home/rlagent/jay_ws/jaybot/src/range_publisher.cpp:[m[K In constructor â€˜[01m[KRangePublisher::RangePublisher()[m[Kâ€™:
[5.417s] [01m[K/home/rlagent/jay_ws/jaybot/src/range_publisher.cpp:18:27:[m[K [01;31m[Kerror: [m[Kno matching function for call to â€˜[01m[KRangesensor::Rangesensor()[m[Kâ€™
[5.417s]    18 |   : Node("range_publisher"[01;31m[K)[m[K
[5.417s]       |                           [01;31m[K^[m[K
[5.418s] In file included from [01m[K/home/rlagent/jay_ws/jaybot/src/range_publisher.cpp:10[m[K:
[5.418s] [01m[K/home/rlagent/jay_ws/jaybot/include/jaybot/RangeSensor.h:37:1:[m[K [01;36m[Knote: [m[Kcandidate: â€˜[01m[KRangesensor::Rangesensor(int, int)[m[Kâ€™
[5.418s]    37 | [01;36m[KRangesensor[m[K::Rangesensor(int trigpin, int echopin)
[5.418s]       | [01;36m[K^~~~~~~~~~~[m[K
[5.418s] [01m[K/home/rlagent/jay_ws/jaybot/include/jaybot/RangeSensor.h:37:1:[m[K [01;36m[Knote: [m[K  candidate expects 2 arguments, 0 provided
[5.418s] [01m[K/home/rlagent/jay_ws/jaybot/include/jaybot/RangeSensor.h:15:7:[m[K [01;36m[Knote: [m[Kcandidate: â€˜[01m[KRangesensor::Rangesensor(const Rangesensor&)[m[Kâ€™
[5.419s]    15 | class [01;36m[KRangesensor[m[K
[5.419s]       |       [01;36m[K^~~~~~~~~~~[m[K
[5.419s] [01m[K/home/rlagent/jay_ws/jaybot/include/jaybot/RangeSensor.h:15:7:[m[K [01;36m[Knote: [m[K  candidate expects 1 argument, 0 provided
[5.419s] [01m[K/home/rlagent/jay_ws/jaybot/include/jaybot/RangeSensor.h:15:7:[m[K [01;36m[Knote: [m[Kcandidate: â€˜[01m[KRangesensor::Rangesensor(Rangesensor&&)[m[Kâ€™
[5.419s] [01m[K/home/rlagent/jay_ws/jaybot/include/jaybot/RangeSensor.h:15:7:[m[K [01;36m[Knote: [m[K  candidate expects 1 argument, 0 provided
[5.420s] [01m[K/home/rlagent/jay_ws/jaybot/src/range_publisher.cpp:18:27:[m[K [01;31m[Kerror: [m[Kno matching function for call to â€˜[01m[KRangesensor::Rangesensor()[m[Kâ€™
[5.420s]    18 |   : Node("range_publisher"[01;31m[K)[m[K
[5.420s]       |                           [01;31m[K^[m[K
[5.420s] In file included from [01m[K/home/rlagent/jay_ws/jaybot/src/range_publisher.cpp:10[m[K:
[5.421s] [01m[K/home/rlagent/jay_ws/jaybot/include/jaybot/RangeSensor.h:37:1:[m[K [01;36m[Knote: [m[Kcandidate: â€˜[01m[KRangesensor::Rangesensor(int, int)[m[Kâ€™
[5.421s]    37 | [01;36m[KRangesensor[m[K::Rangesensor(int trigpin, int echopin)
[5.421s]       | [01;36m[K^~~~~~~~~~~[m[K
[5.421s] [01m[K/home/rlagent/jay_ws/jaybot/include/jaybot/RangeSensor.h:37:1:[m[K [01;36m[Knote: [m[K  candidate expects 2 arguments, 0 provided
[5.421s] [01m[K/home/rlagent/jay_ws/jaybot/include/jaybot/RangeSensor.h:15:7:[m[K [01;36m[Knote: [m[Kcandidate: â€˜[01m[KRangesensor::Rangesensor(const Rangesensor&)[m[Kâ€™
[5.421s]    15 | class [01;36m[KRangesensor[m[K
[5.421s]       |       [01;36m[K^~~~~~~~~~~[m[K
[5.422s] [01m[K/home/rlagent/jay_ws/jaybot/include/jaybot/RangeSensor.h:15:7:[m[K [01;36m[Knote: [m[K  candidate expects 1 argument, 0 provided
[5.422s] [01m[K/home/rlagent/jay_ws/jaybot/include/jaybot/RangeSensor.h:15:7:[m[K [01;36m[Knote: [m[Kcandidate: â€˜[01m[KRangesensor::Rangesensor(Rangesensor&&)[m[Kâ€™
[5.422s] [01m[K/home/rlagent/jay_ws/jaybot/include/jaybot/RangeSensor.h:15:7:[m[K [01;36m[Knote: [m[K  candidate expects 1 argument, 0 provided
[5.422s] [01m[K/home/rlagent/jay_ws/jaybot/src/range_publisher.cpp:18:27:[m[K [01;31m[Kerror: [m[Kno matching function for call to â€˜[01m[KRangesensor::Rangesensor()[m[Kâ€™
[5.423s]    18 |   : Node("range_publisher"[01;31m[K)[m[K
[5.423s]       |                           [01;31m[K^[m[K
[5.423s] In file included from [01m[K/home/rlagent/jay_ws/jaybot/src/range_publisher.cpp:10[m[K:
[5.423s] [01m[K/home/rlagent/jay_ws/jaybot/include/jaybot/RangeSensor.h:37:1:[m[K [01;36m[Knote: [m[Kcandidate: â€˜[01m[KRangesensor::Rangesensor(int, int)[m[Kâ€™
[5.423s]    37 | [01;36m[KRangesensor[m[K::Rangesensor(int trigpin, int echopin)
[5.423s]       | [01;36m[K^~~~~~~~~~~[m[K
[5.424s] [01m[K/home/rlagent/jay_ws/jaybot/include/jaybot/RangeSensor.h:37:1:[m[K [01;36m[Knote: [m[K  candidate expects 2 arguments, 0 provided
[5.424s] [01m[K/home/rlagent/jay_ws/jaybot/include/jaybot/RangeSensor.h:15:7:[m[K [01;36m[Knote: [m[Kcandidate: â€˜[01m[KRangesensor::Rangesensor(const Rangesensor&)[m[Kâ€™
[5.424s]    15 | class [01;36m[KRangesensor[m[K
[5.424s]       |       [01;36m[K^~~~~~~~~~~[m[K
[5.424s] [01m[K/home/rlagent/jay_ws/jaybot/include/jaybot/RangeSensor.h:15:7:[m[K [01;36m[Knote: [m[K  candidate expects 1 argument, 0 provided
[5.425s] [01m[K/home/rlagent/jay_ws/jaybot/include/jaybot/RangeSensor.h:15:7:[m[K [01;36m[Knote: [m[Kcandidate: â€˜[01m[KRangesensor::Rangesensor(Rangesensor&&)[m[Kâ€™
[5.425s] [01m[K/home/rlagent/jay_ws/jaybot/include/jaybot/RangeSensor.h:15:7:[m[K [01;36m[Knote: [m[K  candidate expects 1 argument, 0 provided
[5.425s] [01m[K/home/rlagent/jay_ws/jaybot/src/range_publisher.cpp:18:27:[m[K [01;31m[Kerror: [m[Kno matching function for call to â€˜[01m[KRangesensor::Rangesensor()[m[Kâ€™
[5.425s]    18 |   : Node("range_publisher"[01;31m[K)[m[K
[5.425s]       |                           [01;31m[K^[m[K
[5.426s] In file included from [01m[K/home/rlagent/jay_ws/jaybot/src/range_publisher.cpp:10[m[K:
[5.426s] [01m[K/home/rlagent/jay_ws/jaybot/include/jaybot/RangeSensor.h:37:1:[m[K [01;36m[Knote: [m[Kcandidate: â€˜[01m[KRangesensor::Rangesensor(int, int)[m[Kâ€™
[5.426s]    37 | [01;36m[KRangesensor[m[K::Rangesensor(int trigpin, int echopin)
[5.426s]       | [01;36m[K^~~~~~~~~~~[m[K
[5.427s] [01m[K/home/rlagent/jay_ws/jaybot/include/jaybot/RangeSensor.h:37:1:[m[K [01;36m[Knote: [m[K  candidate expects 2 arguments, 0 provided
[5.427s] [01m[K/home/rlagent/jay_ws/jaybot/include/jaybot/RangeSensor.h:15:7:[m[K [01;36m[Knote: [m[Kcandidate: â€˜[01m[KRangesensor::Rangesensor(const Rangesensor&)[m[Kâ€™
[5.427s]    15 | class [01;36m[KRangesensor[m[K
[5.427s]       |       [01;36m[K^~~~~~~~~~~[m[K
[5.427s] [01m[K/home/rlagent/jay_ws/jaybot/include/jaybot/RangeSensor.h:15:7:[m[K [01;36m[Knote: [m[K  candidate expects 1 argument, 0 provided
[5.427s] [01m[K/home/rlagent/jay_ws/jaybot/include/jaybot/RangeSensor.h:15:7:[m[K [01;36m[Knote: [m[Kcandidate: â€˜[01m[KRangesensor::Rangesensor(Rangesensor&&)[m[Kâ€™
[5.427s] [01m[K/home/rlagent/jay_ws/jaybot/include/jaybot/RangeSensor.h:15:7:[m[K [01;36m[Knote: [m[K  candidate expects 1 argument, 0 provided
[6.477s] gmake[2]: *** [CMakeFiles/range_publisher.dir/build.make:76: CMakeFiles/range_publisher.dir/src/range_publisher.cpp.o] Error 1
[6.478s] gmake[1]: *** [CMakeFiles/Makefile2:139: CMakeFiles/range_publisher.dir/all] Error 2
[6.478s] gmake[1]: *** Waiting for unfinished jobs....
[12.118s] [ 75%] [32m[1mLinking CXX executable range_subscriber[0m
[12.669s] [ 75%] Built target range_subscriber
[12.671s] gmake: *** [Makefile:146: all] Error 2
[12.676s] Invoked command in '/home/rlagent/jay_ws/build/jaybot' returned '2': AMENT_PREFIX_PATH=/home/rlagent/jay_ws/install/rl_custom_messages:${AMENT_PREFIX_PATH} CMAKE_PREFIX_PATH=/home/rlagent/jay_ws/install/rl_custom_messages:/opt/ros/humble LD_LIBRARY_PATH=/home/rlagent/jay_ws/install/rl_custom_messages/lib:${LD_LIBRARY_PATH} PYTHONPATH=/home/rlagent/jay_ws/install/rl_custom_messages/local/lib/python3.10/dist-packages:${PYTHONPATH} /usr/bin/cmake --build /home/rlagent/jay_ws/build/jaybot -- -j2 -l2
