In file included from [01m[K/home/rlagent/jay_ws/jaybot/src/range_publisher.cpp:10[m[K:
[01m[K/home/rlagent/jay_ws/jaybot/include/jaybot/RangeSensor.h:[m[K In member function â€˜[01m[Kdouble Rangesensor::Range()[m[Kâ€™:
[01m[K/home/rlagent/jay_ws/jaybot/include/jaybot/RangeSensor.h:58:14:[m[K [01;31m[Kerror: [m[Kâ€˜[01m[Kpi[m[Kâ€™ was not declared in this scope
   58 |   gpio_write([01;31m[Kpi[m[K, trig, 1);
      |              [01;31m[K^~[m[K
gmake[2]: *** [CMakeFiles/range_publisher.dir/build.make:76: CMakeFiles/range_publisher.dir/src/range_publisher.cpp.o] Error 1
gmake[1]: *** [CMakeFiles/Makefile2:139: CMakeFiles/range_publisher.dir/all] Error 2
gmake: *** [Makefile:146: all] Error 2
