[0.009s] Invoking command in '/home/rlagent/jay_ws/build/jaybot': CMAKE_PREFIX_PATH=/home/rlagent/jay_ws/install/rl_custom_messages:/home/rlagent/jay_ws/install/jaybot:/opt/ros/humble /usr/bin/cmake --build /home/rlagent/jay_ws/build/jaybot -- -j2 -l2
[0.050s] [35m[1mConsolidate compiler generated dependencies of target range_publisher[0m
[0.062s] [ 50%] Built target range_subscriber
[0.065s] [ 75%] [32mBuilding CXX object CMakeFiles/range_publisher.dir/src/range_publisher.cpp.o[0m
[2.162s] In file included from [01m[K/home/rlagent/jay_ws/jaybot/src/range_publisher.cpp:10[m[K:
[2.163s] [01m[K/home/rlagent/jay_ws/jaybot/include/jaybot/RangeSensor.h:[m[K In member function â€˜[01m[Kdouble Rangesensor::Range()[m[Kâ€™:
[2.163s] [01m[K/home/rlagent/jay_ws/jaybot/include/jaybot/RangeSensor.h:58:14:[m[K [01;31m[Kerror: [m[Kâ€˜[01m[Kpi[m[Kâ€™ was not declared in this scope
[2.163s]    58 |   gpio_write([01;31m[Kpi[m[K, trig, 1);
[2.163s]       |              [01;31m[K^~[m[K
[3.004s] gmake[2]: *** [CMakeFiles/range_publisher.dir/build.make:76: CMakeFiles/range_publisher.dir/src/range_publisher.cpp.o] Error 1
[3.004s] gmake[1]: *** [CMakeFiles/Makefile2:139: CMakeFiles/range_publisher.dir/all] Error 2
[3.004s] gmake: *** [Makefile:146: all] Error 2
[3.007s] Invoked command in '/home/rlagent/jay_ws/build/jaybot' returned '2': CMAKE_PREFIX_PATH=/home/rlagent/jay_ws/install/rl_custom_messages:/home/rlagent/jay_ws/install/jaybot:/opt/ros/humble /usr/bin/cmake --build /home/rlagent/jay_ws/build/jaybot -- -j2 -l2
