[0.017s] Invoking command in '/home/rlcontrol/jay_ws/build/rl_custom_messages': CMAKE_PREFIX_PATH=${CMAKE_PREFIX_PATH}:/opt/ros/humble /home/rlcontrol/.local/bin/cmake --build /home/rlcontrol/jay_ws/build/rl_custom_messages -- -j6 -l6
[0.070s] -- Found ament_cmake: 1.3.5 (/opt/ros/humble/share/ament_cmake/cmake)
[0.194s] -- Override CMake install command with custom implementation using symlinks instead of copying resources
[0.205s] -- Found rosidl_default_generators: 1.2.0 (/opt/ros/humble/share/rosidl_default_generators/cmake)
[0.207s] -- Using all available rosidl_typesupport_c: rosidl_typesupport_fastrtps_c;rosidl_typesupport_introspection_c
[0.212s] -- Found rosidl_adapter: 3.1.4 (/opt/ros/humble/share/rosidl_adapter/cmake)
[0.254s] -- Using all available rosidl_typesupport_cpp: rosidl_typesupport_fastrtps_cpp;rosidl_typesupport_introspection_cpp
[0.523s] -- Found ament_cmake_ros: 0.10.0 (/opt/ros/humble/share/ament_cmake_ros/cmake)
[0.633s] -- Using all available rosidl_typesupport_c: rosidl_typesupport_fastrtps_c;rosidl_typesupport_introspection_c
[0.783s] -- Using all available rosidl_typesupport_cpp: rosidl_typesupport_fastrtps_cpp;rosidl_typesupport_introspection_cpp
[0.812s] -- Found python_cmake_module: 0.10.0 (/opt/ros/humble/share/python_cmake_module/cmake)
[0.842s] -- Using PYTHON_EXECUTABLE: /usr/bin/python3
[0.842s] -- Using PYTHON_INCLUDE_DIRS: /usr/include/python3.10
[0.842s] -- Using PYTHON_LIBRARIES: /usr/lib/x86_64-linux-gnu/libpython3.10.so
[0.874s] -- Configuring done (0.8s)
[0.936s] -- Generating done (0.1s)
[0.942s] -- Build files have been written to: /home/rlcontrol/jay_ws/build/rl_custom_messages
[0.967s] [  1%] [34m[1mGenerating C code for ROS interfaces[0m
[0.977s] [  2%] [34m[1mGenerating C++ code for ROS interfaces[0m
[0.983s] [  2%] Built target ament_cmake_python_symlink_rl_custom_messages
[1.340s] running egg_info
[1.340s] writing rl_custom_messages.egg-info/PKG-INFO
[1.341s] writing dependency_links to rl_custom_messages.egg-info/dependency_links.txt
[1.341s] writing top-level names to rl_custom_messages.egg-info/top_level.txt
[1.345s] reading manifest file 'rl_custom_messages.egg-info/SOURCES.txt'
[1.346s] writing manifest file 'rl_custom_messages.egg-info/SOURCES.txt'
[1.368s] [  2%] Built target ament_cmake_python_build_rl_custom_messages_egg
[1.513s] [  2%] Built target rl_custom_messages__cpp
[1.524s] [  4%] [34m[1mGenerating C++ type support dispatch for ROS interfaces[0m
[1.543s] [  5%] [34m[1mGenerating C++ type support for eProsima Fast-RTPS[0m
[1.546s] [  7%] [34m[1mGenerating C++ introspection for ROS interfaces[0m
[1.567s] [  8%] [32mBuilding C object CMakeFiles/rl_custom_messages__rosidl_generator_c.dir/rosidl_generator_c/rl_custom_messages/msg/detail/range_array__functions.c.o[0m
[1.567s] [  9%] [32mBuilding C object CMakeFiles/rl_custom_messages__rosidl_generator_c.dir/rosidl_generator_c/rl_custom_messages/msg/detail/motor_commands__functions.c.o[0m
[1.567s] [ 11%] [32mBuilding C object CMakeFiles/rl_custom_messages__rosidl_generator_c.dir/rosidl_generator_c/rl_custom_messages/msg/detail/image_array__functions.c.o[0m
[1.593s] In file included from [01m[K/home/rlcontrol/jay_ws/build/rl_custom_messages/rosidl_generator_c/rl_custom_messages/msg/detail/image_array__functions.h:19[m[K,
[1.593s]                  from [01m[K/home/rlcontrol/jay_ws/build/rl_custom_messages/rosidl_generator_c/rl_custom_messages/msg/detail/image_array__functions.c:4[m[K:
[1.593s] [01m[K/home/rlcontrol/jay_ws/build/rl_custom_messages/rosidl_generator_c/rl_custom_messages/msg/detail/image_array__struct.h:22:10:[m[K [01;31m[Kfatal error: [m[Kbuiltin_interfaces/msg/detail/time__struct.h: No such file or directory
[1.593s]    22 | #include [01;31m[K"builtin_interfaces/msg/detail/time__struct.h"[m[K
[1.594s]       |          [01;31m[K^~~~~~~~~~~~~~~~~~~~~~~~~~~~~~~~~~~~~~~~~~~~~~[m[K
[1.594s] compilation terminated.
[1.594s] gmake[2]: *** [CMakeFiles/rl_custom_messages__rosidl_generator_c.dir/build.make:213: CMakeFiles/rl_custom_messages__rosidl_generator_c.dir/rosidl_generator_c/rl_custom_messages/msg/detail/image_array__functions.c.o] Error 1
[1.594s] gmake[2]: *** Waiting for unfinished jobs....
[1.623s] gmake[1]: *** [CMakeFiles/Makefile2:213: CMakeFiles/rl_custom_messages__rosidl_generator_c.dir/all] Error 2
[1.623s] gmake[1]: *** Waiting for unfinished jobs....
[1.890s] [ 12%] [32mBuilding CXX object CMakeFiles/rl_custom_messages__rosidl_typesupport_cpp.dir/rosidl_typesupport_cpp/rl_custom_messages/msg/range_array__type_support.cpp.o[0m
[1.891s] [ 14%] [32mBuilding CXX object CMakeFiles/rl_custom_messages__rosidl_typesupport_cpp.dir/rosidl_typesupport_cpp/rl_custom_messages/msg/motor_commands__type_support.cpp.o[0m
[1.891s] [ 15%] [32mBuilding CXX object CMakeFiles/rl_custom_messages__rosidl_typesupport_cpp.dir/rosidl_typesupport_cpp/rl_custom_messages/msg/image_array__type_support.cpp.o[0m
[1.892s] [ 16%] [32mBuilding CXX object CMakeFiles/rl_custom_messages__rosidl_typesupport_cpp.dir/rosidl_typesupport_cpp/rl_custom_messages/msg/audio_data__type_support.cpp.o[0m
[2.000s] In file included from [01m[K/home/rlcontrol/jay_ws/build/rl_custom_messages/rosidl_typesupport_cpp/rl_custom_messages/msg/image_array__type_support.cpp:7[m[K:
[2.000s] [01m[K/home/rlcontrol/jay_ws/build/rl_custom_messages/rosidl_generator_cpp/rl_custom_messages/msg/detail/image_array__struct.hpp:20:10:[m[K [01;31m[Kfatal error: [m[Kbuiltin_interfaces/msg/detail/time__struct.hpp: No such file or directory
[2.000s]    20 | #include [01;31m[K"builtin_interfaces/msg/detail/time__struct.hpp"[m[K
[2.000s]       |          [01;31m[K^~~~~~~~~~~~~~~~~~~~~~~~~~~~~~~~~~~~~~~~~~~~~~~~[m[K
[2.000s] compilation terminated.
[2.002s] gmake[2]: *** [CMakeFiles/rl_custom_messages__rosidl_typesupport_cpp.dir/build.make:134: CMakeFiles/rl_custom_messages__rosidl_typesupport_cpp.dir/rosidl_typesupport_cpp/rl_custom_messages/msg/image_array__type_support.cpp.o] Error 1
[2.002s] gmake[2]: *** Waiting for unfinished jobs....
[2.019s] [ 18%] [32mBuilding CXX object CMakeFiles/rl_custom_messages__rosidl_typesupport_introspection_cpp.dir/rosidl_typesupport_introspection_cpp/rl_custom_messages/msg/detail/range_array__type_support.cpp.o[0m
[2.024s] [ 19%] [32mBuilding CXX object CMakeFiles/rl_custom_messages__rosidl_typesupport_introspection_cpp.dir/rosidl_typesupport_introspection_cpp/rl_custom_messages/msg/detail/motor_commands__type_support.cpp.o[0m
[2.058s] [ 21%] [32mBuilding CXX object CMakeFiles/rl_custom_messages__rosidl_typesupport_fastrtps_cpp.dir/rosidl_typesupport_fastrtps_cpp/rl_custom_messages/msg/detail/dds_fastrtps/range_array__type_support.cpp.o[0m
[2.232s] [ 22%] [32mBuilding CXX object CMakeFiles/rl_custom_messages__rosidl_typesupport_introspection_cpp.dir/rosidl_typesupport_introspection_cpp/rl_custom_messages/msg/detail/image_array__type_support.cpp.o[0m
[2.232s] [ 23%] [32mBuilding CXX object CMakeFiles/rl_custom_messages__rosidl_typesupport_fastrtps_cpp.dir/rosidl_typesupport_fastrtps_cpp/rl_custom_messages/msg/detail/dds_fastrtps/motor_commands__type_support.cpp.o[0m
[2.239s] gmake[1]: *** [CMakeFiles/Makefile2:395: CMakeFiles/rl_custom_messages__rosidl_typesupport_cpp.dir/all] Error 2
[2.245s] [ 25%] [32mBuilding CXX object CMakeFiles/rl_custom_messages__rosidl_typesupport_introspection_cpp.dir/rosidl_typesupport_introspection_cpp/rl_custom_messages/msg/detail/audio_data__type_support.cpp.o[0m
[2.357s] In file included from [01m[K/home/rlcontrol/jay_ws/build/rl_custom_messages/rosidl_typesupport_introspection_cpp/rl_custom_messages/msg/detail/image_array__type_support.cpp:12[m[K:
[2.357s] [01m[K/home/rlcontrol/jay_ws/build/rl_custom_messages/rosidl_generator_cpp/rl_custom_messages/msg/detail/image_array__struct.hpp:20:10:[m[K [01;31m[Kfatal error: [m[Kbuiltin_interfaces/msg/detail/time__struct.hpp: No such file or directory
[2.357s]    20 | #include [01;31m[K"builtin_interfaces/msg/detail/time__struct.hpp"[m[K
[2.357s]       |          [01;31m[K^~~~~~~~~~~~~~~~~~~~~~~~~~~~~~~~~~~~~~~~~~~~~~~~[m[K
[2.358s] compilation terminated.
[2.359s] gmake[2]: *** [CMakeFiles/rl_custom_messages__rosidl_typesupport_introspection_cpp.dir/build.make:154: CMakeFiles/rl_custom_messages__rosidl_typesupport_introspection_cpp.dir/rosidl_typesupport_introspection_cpp/rl_custom_messages/msg/detail/image_array__type_support.cpp.o] Error 1
[2.359s] gmake[2]: *** Waiting for unfinished jobs....
[2.366s] [ 26%] [32mBuilding CXX object CMakeFiles/rl_custom_messages__rosidl_typesupport_fastrtps_cpp.dir/rosidl_typesupport_fastrtps_cpp/rl_custom_messages/msg/detail/dds_fastrtps/image_array__type_support.cpp.o[0m
[2.486s] In file included from [01m[K/home/rlcontrol/jay_ws/build/rl_custom_messages/rosidl_typesupport_fastrtps_cpp/rl_custom_messages/msg/detail/image_array__rosidl_typesupport_fastrtps_cpp.hpp:11[m[K,
[2.487s]                  from [01m[K/home/rlcontrol/jay_ws/build/rl_custom_messages/rosidl_typesupport_fastrtps_cpp/rl_custom_messages/msg/detail/dds_fastrtps/image_array__type_support.cpp:4[m[K:
[2.487s] [01m[K/home/rlcontrol/jay_ws/build/rl_custom_messages/rosidl_generator_cpp/rl_custom_messages/msg/detail/image_array__struct.hpp:20:10:[m[K [01;31m[Kfatal error: [m[Kbuiltin_interfaces/msg/detail/time__struct.hpp: No such file or directory
[2.487s]    20 | #include [01;31m[K"builtin_interfaces/msg/detail/time__struct.hpp"[m[K
[2.487s]       |          [01;31m[K^~~~~~~~~~~~~~~~~~~~~~~~~~~~~~~~~~~~~~~~~~~~~~~~[m[K
[2.487s] compilation terminated.
[2.488s] gmake[2]: *** [CMakeFiles/rl_custom_messages__rosidl_typesupport_fastrtps_cpp.dir/build.make:154: CMakeFiles/rl_custom_messages__rosidl_typesupport_fastrtps_cpp.dir/rosidl_typesupport_fastrtps_cpp/rl_custom_messages/msg/detail/dds_fastrtps/image_array__type_support.cpp.o] Error 1
[2.488s] gmake[2]: *** Waiting for unfinished jobs....
[2.719s] gmake[1]: *** [CMakeFiles/Makefile2:369: CMakeFiles/rl_custom_messages__rosidl_typesupport_introspection_cpp.dir/all] Error 2
[2.737s] gmake[1]: *** [CMakeFiles/Makefile2:343: CMakeFiles/rl_custom_messages__rosidl_typesupport_fastrtps_cpp.dir/all] Error 2
[2.737s] gmake: *** [Makefile:146: all] Error 2
[2.743s] Invoked command in '/home/rlcontrol/jay_ws/build/rl_custom_messages' returned '2': CMAKE_PREFIX_PATH=${CMAKE_PREFIX_PATH}:/opt/ros/humble /home/rlcontrol/.local/bin/cmake --build /home/rlcontrol/jay_ws/build/rl_custom_messages -- -j6 -l6
