[0.019s] Invoking command in '/home/rlcontrol/jay_ws/build/jaybot': CMAKE_PREFIX_PATH=/home/rlcontrol/jay_ws/install/rl_custom_messages:/home/rlcontrol/jay_ws/install/vision_opencv:/home/rlcontrol/jay_ws/install/jaybot:/home/rlcontrol/jay_ws/install/image_geometry:/home/rlcontrol/jay_ws/install/cv_bridge:/home/rlcontrol/jay_ws/install/opencv_tests:/opt/ros/humble /home/rlcontrol/.local/bin/cmake --build /home/rlcontrol/jay_ws/build/jaybot -- -j6 -l6
[0.108s] [ 20%] Built target range_publisher
[0.109s] [ 40%] Built target motor_controller
[0.109s] [ 40%] Built target ament_cmake_python_symlink_jaybot
[0.114s] [ 50%] [32mBuilding CXX object CMakeFiles/camera_publisher.dir/src/camera_publisher.cpp.o[0m
[0.116s] [ 60%] [32mBuilding CXX object CMakeFiles/rl_server.dir/src/rl_server.cpp.o[0m
[0.135s] [ 70%] [32mBuilding CXX object CMakeFiles/image_debugger.dir/src/image_debugger.cpp.o[0m
[0.549s] running egg_info
[0.551s] writing jaybot.egg-info/PKG-INFO
[0.551s] writing dependency_links to jaybot.egg-info/dependency_links.txt
[0.551s] writing top-level names to jaybot.egg-info/top_level.txt
[0.554s] reading manifest file 'jaybot.egg-info/SOURCES.txt'
[0.555s] writing manifest file 'jaybot.egg-info/SOURCES.txt'
[0.583s] [ 70%] Built target ament_cmake_python_build_jaybot_egg
[4.508s] [01m[K/home/rlcontrol/jay_ws/jaybot/src/rl_server.cpp:[m[K In member function â€˜[01m[Kvoid ImageServer::service_callback(std::shared_ptr<rl_custom_messages::srv::ImageService_Request_<std::allocator<void> > >, std::shared_ptr<rl_custom_messages::srv::ImageService_Response_<std::allocator<void> > >)[m[Kâ€™:
[4.509s] [01m[K/home/rlcontrol/jay_ws/jaybot/src/rl_server.cpp:89:79:[m[K [01;35m[Kwarning: [m[Kunused parameter â€˜[01m[Krequest[m[Kâ€™ [[01;35m[K]8;;https://gcc.gnu.org/onlinedocs/gcc/Warning-Options.html#index-Wunused-parameter-Wunused-parameter]8;;[m[K]
[4.509s]    89 |         [01;35m[Kconst std::shared_ptr<rl_custom_messages::srv::ImageService::Request> request[m[K,
[4.509s]       |         [01;35m[K~~~~~~~~~~~~~~~~~~~~~~~~~~~~~~~~~~~~~~~~~~~~~~~~~~~~~~~~~~~~~~~~~~~~~~^~~~~~~[m[K
[4.517s] [01m[K/home/rlcontrol/jay_ws/jaybot/src/rl_server.cpp:[m[K In member function â€˜[01m[Kvoid AudioReceiverSubscriber::topic_callback(sensor_msgs::msg::Image_<std::allocator<void> >::SharedPtr) const[m[Kâ€™:
[4.517s] [01m[K/home/rlcontrol/jay_ws/jaybot/src/rl_server.cpp:119:1:[m[K [01;31m[Kerror: [m[Kâ€˜[01m[Kdata[m[Kâ€™ was not declared in this scope; did you mean â€˜[01m[Kstd::data[m[Kâ€™?
[4.518s]   119 | [01;31m[Kdata[m[K
[4.518s]       | [01;31m[K^~~~[m[K
[4.518s]       | [32m[Kstd::data[m[K
[4.518s] In file included from [01m[K/usr/include/c++/11/array:41[m[K,
[4.518s]                  from [01m[K/usr/include/c++/11/tuple:39[m[K,
[4.518s]                  from [01m[K/usr/include/c++/11/bits/unique_ptr.h:37[m[K,
[4.518s]                  from [01m[K/usr/include/c++/11/memory:76[m[K,
[4.518s]                  from [01m[K/opt/ros/humble/include/rclcpp/rclcpp/rclcpp.hpp:153[m[K,
[4.518s]                  from [01m[K/home/rlcontrol/jay_ws/jaybot/src/rl_server.cpp:1[m[K:
[4.518s] [01m[K/usr/include/c++/11/bits/range_access.h:319:5:[m[K [01;36m[Knote: [m[Kâ€˜[01m[Kstd::data[m[Kâ€™ declared here
[4.518s]   319 |     [01;36m[Kdata[m[K(initializer_list<_Tp> __il) noexcept
[4.519s]       |     [01;36m[K^~~~[m[K
[4.519s] [01m[K/home/rlcontrol/jay_ws/jaybot/src/rl_server.cpp:114:66:[m[K [01;35m[Kwarning: [m[Kunused parameter â€˜[01m[Kmsg[m[Kâ€™ [[01;35m[K]8;;https://gcc.gnu.org/onlinedocs/gcc/Warning-Options.html#index-Wunused-parameter-Wunused-parameter]8;;[m[K]
[4.519s]   114 |     void topic_callback([01;35m[Kconst sensor_msgs::msg::Image::SharedPtr msg[m[K) const
[4.519s]       |                         [01;35m[K~~~~~~~~~~~~~~~~~~~~~~~~~~~~~~~~~~~~~~~~~^~~[m[K
[7.492s] [ 80%] [32m[1mLinking CXX executable camera_publisher[0m
[8.240s] [ 80%] Built target camera_publisher
[10.234s] gmake[2]: *** [CMakeFiles/rl_server.dir/build.make:76: CMakeFiles/rl_server.dir/src/rl_server.cpp.o] Error 1
[10.234s] gmake[1]: *** [CMakeFiles/Makefile2:226: CMakeFiles/rl_server.dir/all] Error 2
[10.234s] gmake[1]: *** Waiting for unfinished jobs....
[11.441s] [ 90%] [32m[1mLinking CXX executable image_debugger[0m
[12.402s] [ 90%] Built target image_debugger
[12.403s] gmake: *** [Makefile:146: all] Error 2
[12.409s] Invoked command in '/home/rlcontrol/jay_ws/build/jaybot' returned '2': CMAKE_PREFIX_PATH=/home/rlcontrol/jay_ws/install/rl_custom_messages:/home/rlcontrol/jay_ws/install/vision_opencv:/home/rlcontrol/jay_ws/install/jaybot:/home/rlcontrol/jay_ws/install/image_geometry:/home/rlcontrol/jay_ws/install/cv_bridge:/home/rlcontrol/jay_ws/install/opencv_tests:/opt/ros/humble /home/rlcontrol/.local/bin/cmake --build /home/rlcontrol/jay_ws/build/jaybot -- -j6 -l6
