[0.026s] Invoking command in '/home/rlcontrol/jay_ws/build/jaybot': CMAKE_PREFIX_PATH=/home/rlcontrol/jay_ws/install/rl_custom_messages:/home/rlcontrol/jay_ws/install/vision_opencv:/home/rlcontrol/jay_ws/install/jaybot:/home/rlcontrol/jay_ws/install/image_geometry:/home/rlcontrol/jay_ws/install/cv_bridge:/home/rlcontrol/jay_ws/install/opencv_tests:/opt/ros/humble /home/rlcontrol/.local/bin/cmake --build /home/rlcontrol/jay_ws/build/jaybot -- -j6 -l6
[0.109s] -- Found ament_cmake: 1.3.4 (/opt/ros/humble/share/ament_cmake/cmake)
[0.310s] -- Override CMake install command with custom implementation using symlinks instead of copying resources
[0.329s] -- Found rclcpp: 16.0.4 (/opt/ros/humble/share/rclcpp/cmake)
[0.394s] -- Found rosidl_generator_c: 3.1.4 (/opt/ros/humble/share/rosidl_generator_c/cmake)
[0.401s] -- Found rosidl_adapter: 3.1.4 (/opt/ros/humble/share/rosidl_adapter/cmake)
[0.416s] -- Found rosidl_generator_cpp: 3.1.4 (/opt/ros/humble/share/rosidl_generator_cpp/cmake)
[0.443s] -- Using all available rosidl_typesupport_c: rosidl_typesupport_fastrtps_c;rosidl_typesupport_introspection_c
[0.481s] -- Using all available rosidl_typesupport_cpp: rosidl_typesupport_fastrtps_cpp;rosidl_typesupport_introspection_cpp
[0.612s] -- Found rmw_implementation_cmake: 6.1.1 (/opt/ros/humble/share/rmw_implementation_cmake/cmake)
[0.615s] -- Found rmw_fastrtps_cpp: 6.2.2 (/opt/ros/humble/share/rmw_fastrtps_cpp/cmake)
[0.856s] -- Using RMW implementation 'rmw_fastrtps_cpp' as default
[1.187s] -- Found rclpy: 3.3.8 (/opt/ros/humble/share/rclpy/cmake)
[1.187s] -- Found rl_custom_messages: 0.0.0 (/home/rlcontrol/jay_ws/install/rl_custom_messages/share/rl_custom_messages/cmake)
[1.222s] -- Found sensor_msgs: 4.2.3 (/opt/ros/humble/share/sensor_msgs/cmake)
[1.490s] -- Found cv_bridge: 3.2.1 (/opt/ros/humble/share/cv_bridge/cmake)
[1.749s] -- Configuring done (1.6s)
[1.847s] -- Generating done (0.1s)
[1.852s] -- Build files have been written to: /home/rlcontrol/jay_ws/build/jaybot
[1.921s] [  8%] [32mBuilding CXX object CMakeFiles/microphone_publisher.dir/src/microphone_publisher.cpp.o[0m
[1.933s] [ 25%] Built target range_publisher
[1.937s] [ 41%] Built target motor_controller
[1.945s] [ 58%] Built target camera_publisher
[1.948s] [ 75%] Built target rl_server
[1.950s] [ 91%] Built target image_debugger
[1.971s] [ 91%] Built target ament_cmake_python_symlink_jaybot
[2.468s] running egg_info
[2.469s] creating jaybot.egg-info
[2.469s] writing jaybot.egg-info/PKG-INFO
[2.470s] writing dependency_links to jaybot.egg-info/dependency_links.txt
[2.470s] writing top-level names to jaybot.egg-info/top_level.txt
[2.470s] writing manifest file 'jaybot.egg-info/SOURCES.txt'
[2.473s] reading manifest file 'jaybot.egg-info/SOURCES.txt'
[2.474s] writing manifest file 'jaybot.egg-info/SOURCES.txt'
[2.504s] [ 91%] Built target ament_cmake_python_build_jaybot_egg
[6.153s] [01m[K/home/rlcontrol/jay_ws/jaybot/src/microphone_publisher.cpp:45:48:[m[K [01;31m[Kerror: [m[Kâ€˜[01m[Kaudio_data[m[Kâ€™ is not a member of â€˜[01m[Krl_custom_messages::msg[m[Kâ€™; did you mean â€˜[01m[KAudioData[m[Kâ€™?
[6.154s]    45 |     rclcpp::Publisher<rl_custom_messages::msg::[01;31m[Kaudio_data[m[K>::SharedPtr publisher_;
[6.154s]       |                                                [01;31m[K^~~~~~~~~~[m[K
[6.154s]       |                                                [32m[KAudioData[m[K
[6.154s] [01m[K/home/rlcontrol/jay_ws/jaybot/src/microphone_publisher.cpp:45:58:[m[K [01;31m[Kerror: [m[Ktemplate argument 1 is invalid
[6.154s]    45 |     rclcpp::Publisher<rl_custom_messages::msg::audio_data[01;31m[K>[m[K::SharedPtr publisher_;
[6.155s]       |                                                          [01;31m[K^[m[K
[6.155s] [01m[K/home/rlcontrol/jay_ws/jaybot/src/microphone_publisher.cpp:45:61:[m[K [01;31m[Kerror: [m[Kexpected â€˜[01m[K;[m[Kâ€™ at end of member declaration
[6.155s]    45 |     rclcpp::Publisher<rl_custom_messages::msg::audio_data>::[01;31m[KSharedPtr[m[K publisher_;
[6.155s]       |                                                             [01;31m[K^~~~~~~~~[m[K
[6.155s]       |                                                                      [32m[K;[m[K
[6.159s] [01m[K/home/rlcontrol/jay_ws/jaybot/src/microphone_publisher.cpp:45:71:[m[K [01;31m[Kerror: [m[Kâ€˜[01m[Kpublisher_[m[Kâ€™ does not name a type; did you mean â€˜[01m[Krmw_publisher_t[m[Kâ€™?
[6.159s]    45 |     rclcpp::Publisher<rl_custom_messages::msg::audio_data>::SharedPtr [01;31m[Kpublisher_[m[K;
[6.159s]       |                                                                       [01;31m[K^~~~~~~~~~[m[K
[6.159s]       |                                                                       [32m[Krmw_publisher_t[m[K
[6.172s] [01m[K/home/rlcontrol/jay_ws/jaybot/src/microphone_publisher.cpp:[m[K In constructor â€˜[01m[KAudioCapturePublisher::AudioCapturePublisher()[m[Kâ€™:
[6.172s] [01m[K/home/rlcontrol/jay_ws/jaybot/src/microphone_publisher.cpp:16:9:[m[K [01;31m[Kerror: [m[Kâ€˜[01m[Kpublisher_[m[Kâ€™ was not declared in this scope; did you mean â€˜[01m[Krmw_publisher_t[m[Kâ€™?
[6.172s]    16 |         [01;31m[Kpublisher_[m[K = this->create_publisher<rl_custom_messages::msg::audio_data>("audio_data", 10);
[6.172s]       |         [01;31m[K^~~~~~~~~~[m[K
[6.172s]       |         [32m[Krmw_publisher_t[m[K
[6.172s] [01m[K/home/rlcontrol/jay_ws/jaybot/src/microphone_publisher.cpp:16:70:[m[K [01;31m[Kerror: [m[Kâ€˜[01m[Kaudio_data[m[Kâ€™ is not a member of â€˜[01m[Krl_custom_messages::msg[m[Kâ€™; did you mean â€˜[01m[KAudioData[m[Kâ€™?
[6.172s]    16 |         publisher_ = this->create_publisher<rl_custom_messages::msg::[01;31m[Kaudio_data[m[K>("audio_data", 10);
[6.172s]       |                                                                      [01;31m[K^~~~~~~~~~[m[K
[6.173s]       |                                                                      [32m[KAudioData[m[K
[6.173s] [01m[K/home/rlcontrol/jay_ws/jaybot/src/microphone_publisher.cpp:16:81:[m[K [01;31m[Kerror: [m[Kno matching function for call to â€˜[01m[KAudioCapturePublisher::create_publisher<<expression error> >(const char [11], int)[m[Kâ€™
[6.173s]    16 |         publisher_ = [01;31m[Kthis->create_publisher<rl_custom_messages::msg::audio_data>("audio_data", 10)[m[K;
[6.173s]       |                      [01;31m[K~~~~~~~~~~~~~~~~~~~~~~~~~~~~~~~~~~~~~~~~~~~~~~~~~~~~~~~~~~~^~~~~~~~~~~~~~~~~~[m[K
[6.173s] In file included from [01m[K/opt/ros/humble/include/rclcpp/rclcpp/executors/single_threaded_executor.hpp:28[m[K,
[6.173s]                  from [01m[K/opt/ros/humble/include/rclcpp/rclcpp/executors.hpp:22[m[K,
[6.173s]                  from [01m[K/opt/ros/humble/include/rclcpp/rclcpp/rclcpp.hpp:155[m[K,
[6.174s]                  from [01m[K/home/rlcontrol/jay_ws/jaybot/src/microphone_publisher.cpp:3[m[K:
[6.174s] [01m[K/opt/ros/humble/include/rclcpp/rclcpp/node.hpp:195:3:[m[K [01;36m[Knote: [m[Kcandidate: â€˜[01m[Ktemplate<class MessageT, class AllocatorT, class PublisherT> std::shared_ptr<PublisherT> rclcpp::Node::create_publisher(const string&, const rclcpp::QoS&, const rclcpp::PublisherOptionsWithAllocator<AllocatorT>&)[m[Kâ€™
[6.174s]   195 |   [01;36m[Kcreate_publisher[m[K(
[6.174s]       |   [01;36m[K^~~~~~~~~~~~~~~~[m[K
[6.174s] [01m[K/opt/ros/humble/include/rclcpp/rclcpp/node.hpp:195:3:[m[K [01;36m[Knote: [m[K  template argument deduction/substitution failed:
[6.174s] [01m[K/home/rlcontrol/jay_ws/jaybot/src/microphone_publisher.cpp:16:81:[m[K [01;31m[Kerror: [m[Ktemplate argument 1 is invalid
[6.174s]    16 |         publisher_ = [01;31m[Kthis->create_publisher<rl_custom_messages::msg::audio_data>("audio_data", 10)[m[K;
[6.175s]       |                      [01;31m[K~~~~~~~~~~~~~~~~~~~~~~~~~~~~~~~~~~~~~~~~~~~~~~~~~~~~~~~~~~~^~~~~~~~~~~~~~~~~~[m[K
[6.187s] [01m[K/home/rlcontrol/jay_ws/jaybot/src/microphone_publisher.cpp:[m[K In member function â€˜[01m[Kvoid AudioCapturePublisher::timer_callback()[m[Kâ€™:
[6.187s] [01m[K/home/rlcontrol/jay_ws/jaybot/src/microphone_publisher.cpp:33:24:[m[K [01;31m[Kerror: [m[Kâ€˜[01m[Ksensor_msgs[m[Kâ€™ has not been declared
[6.187s]    33 |         auto message = [01;31m[Ksensor_msgs[m[K::msg::Image();
[6.187s]       |                        [01;31m[K^~~~~~~~~~~[m[K
[6.199s] [01m[K/home/rlcontrol/jay_ws/jaybot/src/microphone_publisher.cpp:39:9:[m[K [01;31m[Kerror: [m[Kâ€˜[01m[Kpublisher_[m[Kâ€™ was not declared in this scope; did you mean â€˜[01m[Krmw_publisher_t[m[Kâ€™?
[6.199s]    39 |         [01;31m[Kpublisher_[m[K->publish(message);
[6.199s]       |         [01;31m[K^~~~~~~~~~[m[K
[6.199s]       |         [32m[Krmw_publisher_t[m[K
[6.906s] gmake[2]: *** [CMakeFiles/microphone_publisher.dir/build.make:76: CMakeFiles/microphone_publisher.dir/src/microphone_publisher.cpp.o] Error 1
[6.906s] gmake[1]: *** [CMakeFiles/Makefile2:228: CMakeFiles/microphone_publisher.dir/all] Error 2
[6.907s] gmake: *** [Makefile:146: all] Error 2
[6.915s] Invoked command in '/home/rlcontrol/jay_ws/build/jaybot' returned '2': CMAKE_PREFIX_PATH=/home/rlcontrol/jay_ws/install/rl_custom_messages:/home/rlcontrol/jay_ws/install/vision_opencv:/home/rlcontrol/jay_ws/install/jaybot:/home/rlcontrol/jay_ws/install/image_geometry:/home/rlcontrol/jay_ws/install/cv_bridge:/home/rlcontrol/jay_ws/install/opencv_tests:/opt/ros/humble /home/rlcontrol/.local/bin/cmake --build /home/rlcontrol/jay_ws/build/jaybot -- -j6 -l6
