[35m[1mConsolidate compiler generated dependencies of target range_subscriber[0m
[ 20%] [32mBuilding CXX object CMakeFiles/range_publisher.dir/src/range_publisher.cpp.o[0m
[ 40%] [32mBuilding CXX object CMakeFiles/range_subscriber.dir/src/range_subscriber.cpp.o[0m
[01m[K/home/rlagent/jay_ws/jaybot/src/range_publisher.cpp:53:21:[m[K [01;31m[Kerror: [m[Kâ€˜[01m[Kstd_msgs[m[Kâ€™ was not declared in this scope
   53 |   rclcpp::Publisher<[01;31m[Kstd_msgs[m[K::msg::Float64MultiArray>::SharedPtr publisher_; // replace with your message type if not available
      |                     [01;31m[K^~~~~~~~[m[K
[01m[K/home/rlagent/jay_ws/jaybot/src/range_publisher.cpp:53:53:[m[K [01;31m[Kerror: [m[Ktemplate argument 1 is invalid
   53 |   rclcpp::Publisher<std_msgs::msg::Float64MultiArray[01;31m[K>[m[K::SharedPtr publisher_; // replace with your message type if not available
      |                                                     [01;31m[K^[m[K
[01m[K/home/rlagent/jay_ws/jaybot/src/range_publisher.cpp:53:56:[m[K [01;31m[Kerror: [m[Kexpected â€˜[01m[K;[m[Kâ€™ at end of member declaration
   53 |   rclcpp::Publisher<std_msgs::msg::Float64MultiArray>::[01;31m[KSharedPtr[m[K publisher_; // replace with your message type if not available
      |                                                        [01;31m[K^~~~~~~~~[m[K
      |                                                                 [32m[K;[m[K
[01m[K/home/rlagent/jay_ws/jaybot/src/range_publisher.cpp:53:66:[m[K [01;31m[Kerror: [m[Kâ€˜[01m[Kpublisher_[m[Kâ€™ does not name a type; did you mean â€˜[01m[Krmw_publisher_t[m[Kâ€™?
   53 | cpp::Publisher<std_msgs::msg::Float64MultiArray>::SharedPtr [01;31m[Kpublisher_[m[K; // replace with your message type if not available
      |                                                             [01;31m[K^~~~~~~~~~[m[K
      |                                                             [32m[Krmw_publisher_t[m[K
[01m[K/home/rlagent/jay_ws/jaybot/src/range_publisher.cpp:[m[K In constructor â€˜[01m[KRangePublisher::RangePublisher()[m[Kâ€™:
[01m[K/home/rlagent/jay_ws/jaybot/src/range_publisher.cpp:18:27:[m[K [01;31m[Kerror: [m[Kno matching function for call to â€˜[01m[KRangesensor::Rangesensor()[m[Kâ€™
   18 |   : Node("range_publisher"[01;31m[K)[m[K
      |                           [01;31m[K^[m[K
In file included from [01m[K/home/rlagent/jay_ws/jaybot/src/range_publisher.cpp:10[m[K:
[01m[K/home/rlagent/jay_ws/jaybot/include/jaybot/RangeSensor.h:19:5:[m[K [01;36m[Knote: [m[Kcandidate: â€˜[01m[KRangesensor::Rangesensor(int, int)[m[Kâ€™
   19 |     [01;36m[KRangesensor[m[K(int trigpin, int echopin);
      |     [01;36m[K^~~~~~~~~~~[m[K
[01m[K/home/rlagent/jay_ws/jaybot/include/jaybot/RangeSensor.h:19:5:[m[K [01;36m[Knote: [m[K  candidate expects 2 arguments, 0 provided
[01m[K/home/rlagent/jay_ws/jaybot/include/jaybot/RangeSensor.h:15:7:[m[K [01;36m[Knote: [m[Kcandidate: â€˜[01m[KRangesensor::Rangesensor(const Rangesensor&)[m[Kâ€™
   15 | class [01;36m[KRangesensor[m[K
      |       [01;36m[K^~~~~~~~~~~[m[K
[01m[K/home/rlagent/jay_ws/jaybot/include/jaybot/RangeSensor.h:15:7:[m[K [01;36m[Knote: [m[K  candidate expects 1 argument, 0 provided
[01m[K/home/rlagent/jay_ws/jaybot/include/jaybot/RangeSensor.h:15:7:[m[K [01;36m[Knote: [m[Kcandidate: â€˜[01m[KRangesensor::Rangesensor(Rangesensor&&)[m[Kâ€™
[01m[K/home/rlagent/jay_ws/jaybot/include/jaybot/RangeSensor.h:15:7:[m[K [01;36m[Knote: [m[K  candidate expects 1 argument, 0 provided
[01m[K/home/rlagent/jay_ws/jaybot/src/range_publisher.cpp:18:27:[m[K [01;31m[Kerror: [m[Kno matching function for call to â€˜[01m[KRangesensor::Rangesensor()[m[Kâ€™
   18 |   : Node("range_publisher"[01;31m[K)[m[K
      |                           [01;31m[K^[m[K
In file included from [01m[K/home/rlagent/jay_ws/jaybot/src/range_publisher.cpp:10[m[K:
[01m[K/home/rlagent/jay_ws/jaybot/include/jaybot/RangeSensor.h:19:5:[m[K [01;36m[Knote: [m[Kcandidate: â€˜[01m[KRangesensor::Rangesensor(int, int)[m[Kâ€™
   19 |     [01;36m[KRangesensor[m[K(int trigpin, int echopin);
      |     [01;36m[K^~~~~~~~~~~[m[K
[01m[K/home/rlagent/jay_ws/jaybot/include/jaybot/RangeSensor.h:19:5:[m[K [01;36m[Knote: [m[K  candidate expects 2 arguments, 0 provided
[01m[K/home/rlagent/jay_ws/jaybot/include/jaybot/RangeSensor.h:15:7:[m[K [01;36m[Knote: [m[Kcandidate: â€˜[01m[KRangesensor::Rangesensor(const Rangesensor&)[m[Kâ€™
   15 | class [01;36m[KRangesensor[m[K
      |       [01;36m[K^~~~~~~~~~~[m[K
[01m[K/home/rlagent/jay_ws/jaybot/include/jaybot/RangeSensor.h:15:7:[m[K [01;36m[Knote: [m[K  candidate expects 1 argument, 0 provided
[01m[K/home/rlagent/jay_ws/jaybot/include/jaybot/RangeSensor.h:15:7:[m[K [01;36m[Knote: [m[Kcandidate: â€˜[01m[KRangesensor::Rangesensor(Rangesensor&&)[m[Kâ€™
[01m[K/home/rlagent/jay_ws/jaybot/include/jaybot/RangeSensor.h:15:7:[m[K [01;36m[Knote: [m[K  candidate expects 1 argument, 0 provided
[01m[K/home/rlagent/jay_ws/jaybot/src/range_publisher.cpp:18:27:[m[K [01;31m[Kerror: [m[Kno matching function for call to â€˜[01m[KRangesensor::Rangesensor()[m[Kâ€™
   18 |   : Node("range_publisher"[01;31m[K)[m[K
      |                           [01;31m[K^[m[K
In file included from [01m[K/home/rlagent/jay_ws/jaybot/src/range_publisher.cpp:10[m[K:
[01m[K/home/rlagent/jay_ws/jaybot/include/jaybot/RangeSensor.h:19:5:[m[K [01;36m[Knote: [m[Kcandidate: â€˜[01m[KRangesensor::Rangesensor(int, int)[m[Kâ€™
   19 |     [01;36m[KRangesensor[m[K(int trigpin, int echopin);
      |     [01;36m[K^~~~~~~~~~~[m[K
[01m[K/home/rlagent/jay_ws/jaybot/include/jaybot/RangeSensor.h:19:5:[m[K [01;36m[Knote: [m[K  candidate expects 2 arguments, 0 provided
[01m[K/home/rlagent/jay_ws/jaybot/include/jaybot/RangeSensor.h:15:7:[m[K [01;36m[Knote: [m[Kcandidate: â€˜[01m[KRangesensor::Rangesensor(const Rangesensor&)[m[Kâ€™
   15 | class [01;36m[KRangesensor[m[K
      |       [01;36m[K^~~~~~~~~~~[m[K
[01m[K/home/rlagent/jay_ws/jaybot/include/jaybot/RangeSensor.h:15:7:[m[K [01;36m[Knote: [m[K  candidate expects 1 argument, 0 provided
[01m[K/home/rlagent/jay_ws/jaybot/include/jaybot/RangeSensor.h:15:7:[m[K [01;36m[Knote: [m[Kcandidate: â€˜[01m[KRangesensor::Rangesensor(Rangesensor&&)[m[Kâ€™
[01m[K/home/rlagent/jay_ws/jaybot/include/jaybot/RangeSensor.h:15:7:[m[K [01;36m[Knote: [m[K  candidate expects 1 argument, 0 provided
[01m[K/home/rlagent/jay_ws/jaybot/src/range_publisher.cpp:18:27:[m[K [01;31m[Kerror: [m[Kno matching function for call to â€˜[01m[KRangesensor::Rangesensor()[m[Kâ€™
   18 |   : Node("range_publisher"[01;31m[K)[m[K
      |                           [01;31m[K^[m[K
In file included from [01m[K/home/rlagent/jay_ws/jaybot/src/range_publisher.cpp:10[m[K:
[01m[K/home/rlagent/jay_ws/jaybot/include/jaybot/RangeSensor.h:19:5:[m[K [01;36m[Knote: [m[Kcandidate: â€˜[01m[KRangesensor::Rangesensor(int, int)[m[Kâ€™
   19 |     [01;36m[KRangesensor[m[K(int trigpin, int echopin);
      |     [01;36m[K^~~~~~~~~~~[m[K
[01m[K/home/rlagent/jay_ws/jaybot/include/jaybot/RangeSensor.h:19:5:[m[K [01;36m[Knote: [m[K  candidate expects 2 arguments, 0 provided
[01m[K/home/rlagent/jay_ws/jaybot/include/jaybot/RangeSensor.h:15:7:[m[K [01;36m[Knote: [m[Kcandidate: â€˜[01m[KRangesensor::Rangesensor(const Rangesensor&)[m[Kâ€™
   15 | class [01;36m[KRangesensor[m[K
      |       [01;36m[K^~~~~~~~~~~[m[K
[01m[K/home/rlagent/jay_ws/jaybot/include/jaybot/RangeSensor.h:15:7:[m[K [01;36m[Knote: [m[K  candidate expects 1 argument, 0 provided
[01m[K/home/rlagent/jay_ws/jaybot/include/jaybot/RangeSensor.h:15:7:[m[K [01;36m[Knote: [m[Kcandidate: â€˜[01m[KRangesensor::Rangesensor(Rangesensor&&)[m[Kâ€™
[01m[K/home/rlagent/jay_ws/jaybot/include/jaybot/RangeSensor.h:15:7:[m[K [01;36m[Knote: [m[K  candidate expects 1 argument, 0 provided
[01m[K/home/rlagent/jay_ws/jaybot/src/range_publisher.cpp:26:5:[m[K [01;31m[Kerror: [m[Kâ€˜[01m[Kpublisher_[m[Kâ€™ was not declared in this scope; did you mean â€˜[01m[Krmw_publisher_t[m[Kâ€™?
   26 |     [01;31m[Kpublisher_[m[K = this->create_publisher<std_msgs::msg::Float64MultiArray>("range_data", 10);
      |     [01;31m[K^~~~~~~~~~[m[K
      |     [32m[Krmw_publisher_t[m[K
[01m[K/home/rlagent/jay_ws/jaybot/src/range_publisher.cpp:26:41:[m[K [01;31m[Kerror: [m[Kâ€˜[01m[Kstd_msgs[m[Kâ€™ was not declared in this scope
   26 |     publisher_ = this->create_publisher<[01;31m[Kstd_msgs[m[K::msg::Float64MultiArray>("range_data", 10);
      |                                         [01;31m[K^~~~~~~~[m[K
[01m[K/home/rlagent/jay_ws/jaybot/src/range_publisher.cpp:26:24:[m[K [01;31m[Kerror: [m[Kparse error in template argument list
   26 |     publisher_ = this->[01;31m[Kcreate_publisher<std_msgs::msg::Float64MultiArray>[m[K("range_data", 10);
      |                        [01;31m[K^~~~~~~~~~~~~~~~~~~~~~~~~~~~~~~~~~~~~~~~~~~~~~~~~~[m[K
[01m[K/home/rlagent/jay_ws/jaybot/src/range_publisher.cpp:26:74:[m[K [01;31m[Kerror: [m[Kno matching function for call to â€˜[01m[KRangePublisher::create_publisher<<expression error> >(const char [11], int)[m[Kâ€™
   26 | _ = [01;31m[Kthis->create_publisher<std_msgs::msg::Float64MultiArray>("range_data", 10)[m[K;
      |     [01;31m[K~~~~~~~~~~~~~~~~~~~~~~~~~~~~~~~~~~~~~~~~~~~~~~~~~~~~~~~~^~~~~~~~~~~~~~~~~~[m[K

In file included from [01m[K/opt/ros/humble/include/rclcpp/rclcpp/executors/single_threaded_executor.hpp:28[m[K,
                 from [01m[K/opt/ros/humble/include/rclcpp/rclcpp/executors.hpp:22[m[K,
                 from [01m[K/opt/ros/humble/include/rclcpp/rclcpp/rclcpp.hpp:155[m[K,
                 from [01m[K/home/rlagent/jay_ws/jaybot/src/range_publisher.cpp:7[m[K:
[01m[K/opt/ros/humble/include/rclcpp/rclcpp/node.hpp:195:3:[m[K [01;36m[Knote: [m[Kcandidate: â€˜[01m[Ktemplate<class MessageT, class AllocatorT, class PublisherT> std::shared_ptr<PublisherT> rclcpp::Node::create_publisher(const string&, const rclcpp::QoS&, const rclcpp::PublisherOptionsWithAllocator<AllocatorT>&)[m[Kâ€™
  195 |   [01;36m[Kcreate_publisher[m[K(
      |   [01;36m[K^~~~~~~~~~~~~~~~[m[K
[01m[K/opt/ros/humble/include/rclcpp/rclcpp/node.hpp:195:3:[m[K [01;36m[Knote: [m[K  template argument deduction/substitution failed:
[01m[K/home/rlagent/jay_ws/jaybot/src/range_publisher.cpp:26:74:[m[K [01;31m[Kerror: [m[Ktemplate argument 1 is invalid
   26 | _ = [01;31m[Kthis->create_publisher<std_msgs::msg::Float64MultiArray>("range_data", 10)[m[K;
      |     [01;31m[K~~~~~~~~~~~~~~~~~~~~~~~~~~~~~~~~~~~~~~~~~~~~~~~~~~~~~~~~^~~~~~~~~~~~~~~~~~[m[K

[01m[K/home/rlagent/jay_ws/jaybot/src/range_publisher.cpp:[m[K In member function â€˜[01m[Kvoid RangePublisher::timer_callback()[m[Kâ€™:
[01m[K/home/rlagent/jay_ws/jaybot/src/range_publisher.cpp:33:5:[m[K [01;31m[Kerror: [m[Kâ€˜[01m[Kstd_msgs[m[Kâ€™ has not been declared
   33 |     [01;31m[Kstd_msgs[m[K::msg::Float64MultiArray message; // replace with your message type if not available
      |     [01;31m[K^~~~~~~~[m[K
[01m[K/home/rlagent/jay_ws/jaybot/src/range_publisher.cpp:41:5:[m[K [01;31m[Kerror: [m[Kâ€˜[01m[Kmessage[m[Kâ€™ was not declared in this scope
   41 |     [01;31m[Kmessage[m[K.data = data;
      |     [01;31m[K^~~~~~~[m[K
[01m[K/home/rlagent/jay_ws/jaybot/src/range_publisher.cpp:43:5:[m[K [01;31m[Kerror: [m[Kâ€˜[01m[Kpublisher_[m[Kâ€™ was not declared in this scope; did you mean â€˜[01m[Krmw_publisher_t[m[Kâ€™?
   43 |     [01;31m[Kpublisher_[m[K->publish(message);
      |     [01;31m[K^~~~~~~~~~[m[K
      |     [32m[Krmw_publisher_t[m[K
[01m[K/home/rlagent/jay_ws/jaybot/src/range_subscriber.cpp:20:29:[m[K [01;31m[Kerror: [m[Kâ€˜[01m[Kmy_package[m[Kâ€™ does not name a type
   20 |   void topic_callback(const [01;31m[Kmy_package[m[K::msg::RangeArray::SharedPtr & msg) const // replace "my_package" with your package name
      |                             [01;31m[K^~~~~~~~~~[m[K
[01m[K/home/rlagent/jay_ws/jaybot/src/range_subscriber.cpp:20:44:[m[K [01;31m[Kerror: [m[Kexpected unqualified-id before â€˜[01m[K::[m[Kâ€™ token
   20 |   void topic_callback(const my_package::msg[01;31m[K::[m[KRangeArray::SharedPtr & msg) const // replace "my_package" with your package name
      |                                            [01;31m[K^~[m[K
[01m[K/home/rlagent/jay_ws/jaybot/src/range_subscriber.cpp:20:44:[m[K [01;31m[Kerror: [m[Kexpected â€˜[01m[K)[m[Kâ€™ before â€˜[01m[K::[m[Kâ€™ token
   20 |   void topic_callback[34m[K([m[Kconst my_package::msg[01;31m[K:[m[K[32m[K:[m[KRangeArray::SharedPtr & msg) const // replace "my_package" with your package name
      |                      [34m[K~[m[K                     [01;31m[K^[m[K[32m[K~[m[K
      |                                            [32m[K)[m[K
[01m[K/home/rlagent/jay_ws/jaybot/src/range_subscriber.cpp:20:41:[m[K [01;31m[Kerror: [m[Kexpected â€˜[01m[K;[m[Kâ€™ at end of member declaration
   20 |   void topic_callback(const my_package::[01;31m[Kmsg[m[K::RangeArray::SharedPtr & msg) const // replace "my_package" with your package name
      |                                         [01;31m[K^~~[m[K
      |                                            [32m[K;[m[K
[01m[K/home/rlagent/jay_ws/jaybot/src/range_subscriber.cpp:20:46:[m[K [01;31m[Kerror: [m[Kâ€˜[01m[KRangeArray[m[Kâ€™ in namespace â€˜[01m[K::[m[Kâ€™ does not name a type
   20 |   void topic_callback(const my_package::msg::[01;31m[KRangeArray[m[K::SharedPtr & msg) const // replace "my_package" with your package name
      |                                              [01;31m[K^~~~~~~~~~[m[K
[01m[K/home/rlagent/jay_ws/jaybot/src/range_subscriber.cpp:24:24:[m[K [01;31m[Kerror: [m[Kâ€˜[01m[Kmy_package[m[Kâ€™ was not declared in this scope
   24 |   rclcpp::Subscription<[01;31m[Kmy_package[m[K::msg::RangeArray>::SharedPtr subscription_; // replace "my_package" with your package name
      |                        [01;31m[K^~~~~~~~~~[m[K
[01m[K/home/rlagent/jay_ws/jaybot/src/range_subscriber.cpp:24:51:[m[K [01;31m[Kerror: [m[Ktemplate argument 1 is invalid
   24 |   rclcpp::Subscription<my_package::msg::RangeArray[01;31m[K>[m[K::SharedPtr subscription_; // replace "my_package" with your package name
      |                                                   [01;31m[K^[m[K
[01m[K/home/rlagent/jay_ws/jaybot/src/range_subscriber.cpp:24:51:[m[K [01;31m[Kerror: [m[Ktemplate argument 3 is invalid
[01m[K/home/rlagent/jay_ws/jaybot/src/range_subscriber.cpp:24:51:[m[K [01;31m[Kerror: [m[Ktemplate argument 4 is invalid
[01m[K/home/rlagent/jay_ws/jaybot/src/range_subscriber.cpp:24:51:[m[K [01;31m[Kerror: [m[Ktemplate argument 5 is invalid
[01m[K/home/rlagent/jay_ws/jaybot/src/range_subscriber.cpp:24:54:[m[K [01;31m[Kerror: [m[Kexpected â€˜[01m[K;[m[Kâ€™ at end of member declaration
   24 |   rclcpp::Subscription<my_package::msg::RangeArray>::[01;31m[KSharedPtr[m[K subscription_; // replace "my_package" with your package name
      |                                                      [01;31m[K^~~~~~~~~[m[K
      |                                                               [32m[K;[m[K
[01m[K/home/rlagent/jay_ws/jaybot/src/range_subscriber.cpp:24:64:[m[K [01;31m[Kerror: [m[Kâ€˜[01m[Ksubscription_[m[Kâ€™ does not name a type; did you mean â€˜[01m[Krmw_subscription_t[m[Kâ€™?
   24 |   rclcpp::Subscription<my_package::msg::RangeArray>::SharedPtr [01;31m[Ksubscription_[m[K; // replace "my_package" with your package name
      |                                                                [01;31m[K^~~~~~~~~~~~~[m[K
      |                                                                [32m[Krmw_subscription_t[m[K
[01m[K/home/rlagent/jay_ws/jaybot/src/range_subscriber.cpp:[m[K In constructor â€˜[01m[KRangeSubscriber::RangeSubscriber()[m[Kâ€™:
[01m[K/home/rlagent/jay_ws/jaybot/src/range_subscriber.cpp:15:5:[m[K [01;31m[Kerror: [m[Kâ€˜[01m[Ksubscription_[m[Kâ€™ was not declared in this scope; did you mean â€˜[01m[Krmw_subscription_t[m[Kâ€™?
   15 |     [01;31m[Ksubscription_[m[K = this->create_subscription<my_package::msg::RangeArray>( // replace "my_package" with your package name
      |     [01;31m[K^~~~~~~~~~~~~[m[K
      |     [32m[Krmw_subscription_t[m[K
[01m[K/home/rlagent/jay_ws/jaybot/src/range_subscriber.cpp:15:47:[m[K [01;31m[Kerror: [m[Kâ€˜[01m[Kmy_package[m[Kâ€™ was not declared in this scope
   15 |     subscription_ = this->create_subscription<[01;31m[Kmy_package[m[K::msg::RangeArray>( // replace "my_package" with your package name
      |                                               [01;31m[K^~~~~~~~~~[m[K
[01m[K/home/rlagent/jay_ws/jaybot/src/range_subscriber.cpp:15:27:[m[K [01;31m[Kerror: [m[Kparse error in template argument list
   15 |     subscription_ = this->[01;31m[Kcreate_subscription<my_package::msg::RangeArray>[m[K( // replace "my_package" with your package name
      |                           [01;31m[K^~~~~~~~~~~~~~~~~~~~~~~~~~~~~~~~~~~~~~~~~~~~~~~~[m[K
[01m[K/home/rlagent/jay_ws/jaybot/src/range_subscriber.cpp:15:75:[m[K [01;31m[Kerror: [m[Kno matching function for call to â€˜[01m[KRangeSubscriber::create_subscription<<expression error> >(const char [11], int, std::_Bind_helper<false, void (RangeSubscriber::*)(...), RangeSubscriber*, const std::_Placeholder<1>&>::type)[m[Kâ€™
   15 |     subscription_ = [01;31m[Kthis->create_subscription<my_package::msg::RangeArray>( // replace "my_package" with your package name[m[K
      |                     [01;31m[K~~~~~~~~~~~~~~~~~~~~~~~~~~~~~~~~~~~~~~~~~~~~~~~~~~~~~~^~~~~~~~~~~~~~~~~~~~~~~~~~~~~~~~~~~~~~~~~~~~~~~~[m[K
   16 | [01;31m[K      "range_data", 10, std::bind(&RangeSubscriber::topic_callback, this, _1))[m[K;
      |       [01;31m[K~~~~~~~~~~~~~~~~~~~~~~~~~~~~~~~~~~~~~~~~~~~~~~~~~~~~~~~~~~~~~~~~~~~~~~~~[m[K
In file included from [01m[K/opt/ros/humble/include/rclcpp/rclcpp/executors/single_threaded_executor.hpp:28[m[K,
                 from [01m[K/opt/ros/humble/include/rclcpp/rclcpp/executors.hpp:22[m[K,
                 from [01m[K/opt/ros/humble/include/rclcpp/rclcpp/rclcpp.hpp:155[m[K,
                 from [01m[K/home/rlagent/jay_ws/jaybot/src/range_subscriber.cpp:4[m[K:
[01m[K/opt/ros/humble/include/rclcpp/rclcpp/node.hpp:219:3:[m[K [01;36m[Knote: [m[Kcandidate: â€˜[01m[Ktemplate<class MessageT, class CallbackT, class AllocatorT, class SubscriptionT, class MessageMemoryStrategyT> std::shared_ptr<ROSMessageT> rclcpp::Node::create_subscription(const string&, const rclcpp::QoS&, CallbackT&&, const rclcpp::SubscriptionOptionsWithAllocator<AllocatorT>&, typename MessageMemoryStrategyT::SharedPtr)[m[Kâ€™
  219 |   [01;36m[Kcreate_subscription[m[K(
      |   [01;36m[K^~~~~~~~~~~~~~~~~~~[m[K
[01m[K/opt/ros/humble/include/rclcpp/rclcpp/node.hpp:219:3:[m[K [01;36m[Knote: [m[K  template argument deduction/substitution failed:
[01m[K/home/rlagent/jay_ws/jaybot/src/range_subscriber.cpp:15:75:[m[K [01;31m[Kerror: [m[Ktemplate argument 1 is invalid
   15 |     subscription_ = [01;31m[Kthis->create_subscription<my_package::msg::RangeArray>( // replace "my_package" with your package name[m[K
      |                     [01;31m[K~~~~~~~~~~~~~~~~~~~~~~~~~~~~~~~~~~~~~~~~~~~~~~~~~~~~~~^~~~~~~~~~~~~~~~~~~~~~~~~~~~~~~~~~~~~~~~~~~~~~~~[m[K
   16 | [01;31m[K      "range_data", 10, std::bind(&RangeSubscriber::topic_callback, this, _1))[m[K;
      |       [01;31m[K~~~~~~~~~~~~~~~~~~~~~~~~~~~~~~~~~~~~~~~~~~~~~~~~~~~~~~~~~~~~~~~~~~~~~~~~[m[K
gmake[2]: *** [CMakeFiles/range_publisher.dir/build.make:76: CMakeFiles/range_publisher.dir/src/range_publisher.cpp.o] Error 1
gmake[1]: *** [CMakeFiles/Makefile2:139: CMakeFiles/range_publisher.dir/all] Error 2
gmake[1]: *** Waiting for unfinished jobs....
gmake[2]: *** [CMakeFiles/range_subscriber.dir/build.make:76: CMakeFiles/range_subscriber.dir/src/range_subscriber.cpp.o] Error 1
gmake[1]: *** [CMakeFiles/Makefile2:165: CMakeFiles/range_subscriber.dir/all] Error 2
gmake: *** [Makefile:146: all] Error 2
