[0.016s] Invoking command in '/home/rlagent/jay_ws/build/jaybot': AMENT_PREFIX_PATH=/home/rlagent/jay_ws/install/rl_custom_messages:${AMENT_PREFIX_PATH} CMAKE_PREFIX_PATH=/home/rlagent/jay_ws/install/rl_custom_messages:/opt/ros/humble LD_LIBRARY_PATH=/home/rlagent/jay_ws/install/rl_custom_messages/lib:${LD_LIBRARY_PATH} PYTHONPATH=/home/rlagent/jay_ws/install/rl_custom_messages/local/lib/python3.10/dist-packages:${PYTHONPATH} /usr/bin/cmake --build /home/rlagent/jay_ws/build/jaybot -- -j2 -l2
[0.101s] [35m[1mConsolidate compiler generated dependencies of target range_subscriber[0m
[0.119s] [ 20%] [32mBuilding CXX object CMakeFiles/range_publisher.dir/src/range_publisher.cpp.o[0m
[0.138s] [ 40%] [32mBuilding CXX object CMakeFiles/range_subscriber.dir/src/range_subscriber.cpp.o[0m
[3.740s] [01m[K/home/rlagent/jay_ws/jaybot/src/range_publisher.cpp:53:21:[m[K [01;31m[Kerror: [m[Kâ€˜[01m[Kstd_msgs[m[Kâ€™ was not declared in this scope
[3.740s]    53 |   rclcpp::Publisher<[01;31m[Kstd_msgs[m[K::msg::Float64MultiArray>::SharedPtr publisher_; // replace with your message type if not available
[3.740s]       |                     [01;31m[K^~~~~~~~[m[K
[3.741s] [01m[K/home/rlagent/jay_ws/jaybot/src/range_publisher.cpp:53:53:[m[K [01;31m[Kerror: [m[Ktemplate argument 1 is invalid
[3.741s]    53 |   rclcpp::Publisher<std_msgs::msg::Float64MultiArray[01;31m[K>[m[K::SharedPtr publisher_; // replace with your message type if not available
[3.741s]       |                                                     [01;31m[K^[m[K
[3.741s] [01m[K/home/rlagent/jay_ws/jaybot/src/range_publisher.cpp:53:56:[m[K [01;31m[Kerror: [m[Kexpected â€˜[01m[K;[m[Kâ€™ at end of member declaration
[3.741s]    53 |   rclcpp::Publisher<std_msgs::msg::Float64MultiArray>::[01;31m[KSharedPtr[m[K publisher_; // replace with your message type if not available
[3.741s]       |                                                        [01;31m[K^~~~~~~~~[m[K
[3.742s]       |                                                                 [32m[K;[m[K
[3.743s] [01m[K/home/rlagent/jay_ws/jaybot/src/range_publisher.cpp:53:66:[m[K [01;31m[Kerror: [m[Kâ€˜[01m[Kpublisher_[m[Kâ€™ does not name a type; did you mean â€˜[01m[Krmw_publisher_t[m[Kâ€™?
[3.743s]    53 | cpp::Publisher<std_msgs::msg::Float64MultiArray>::SharedPtr [01;31m[Kpublisher_[m[K; // replace with your message type if not available
[3.743s]       |                                                             [01;31m[K^~~~~~~~~~[m[K
[3.743s]       |                                                             [32m[Krmw_publisher_t[m[K
[3.744s] [01m[K/home/rlagent/jay_ws/jaybot/src/range_publisher.cpp:[m[K In constructor â€˜[01m[KRangePublisher::RangePublisher()[m[Kâ€™:
[3.745s] [01m[K/home/rlagent/jay_ws/jaybot/src/range_publisher.cpp:18:27:[m[K [01;31m[Kerror: [m[Kno matching function for call to â€˜[01m[KRangesensor::Rangesensor()[m[Kâ€™
[3.745s]    18 |   : Node("range_publisher"[01;31m[K)[m[K
[3.745s]       |                           [01;31m[K^[m[K
[3.746s] In file included from [01m[K/home/rlagent/jay_ws/jaybot/src/range_publisher.cpp:10[m[K:
[3.747s] [01m[K/home/rlagent/jay_ws/jaybot/include/jaybot/RangeSensor.h:19:5:[m[K [01;36m[Knote: [m[Kcandidate: â€˜[01m[KRangesensor::Rangesensor(int, int)[m[Kâ€™
[3.747s]    19 |     [01;36m[KRangesensor[m[K(int trigpin, int echopin);
[3.747s]       |     [01;36m[K^~~~~~~~~~~[m[K
[3.748s] [01m[K/home/rlagent/jay_ws/jaybot/include/jaybot/RangeSensor.h:19:5:[m[K [01;36m[Knote: [m[K  candidate expects 2 arguments, 0 provided
[3.749s] [01m[K/home/rlagent/jay_ws/jaybot/include/jaybot/RangeSensor.h:15:7:[m[K [01;36m[Knote: [m[Kcandidate: â€˜[01m[KRangesensor::Rangesensor(const Rangesensor&)[m[Kâ€™
[3.749s]    15 | class [01;36m[KRangesensor[m[K
[3.749s]       |       [01;36m[K^~~~~~~~~~~[m[K
[3.749s] [01m[K/home/rlagent/jay_ws/jaybot/include/jaybot/RangeSensor.h:15:7:[m[K [01;36m[Knote: [m[K  candidate expects 1 argument, 0 provided
[3.749s] [01m[K/home/rlagent/jay_ws/jaybot/include/jaybot/RangeSensor.h:15:7:[m[K [01;36m[Knote: [m[Kcandidate: â€˜[01m[KRangesensor::Rangesensor(Rangesensor&&)[m[Kâ€™
[3.750s] [01m[K/home/rlagent/jay_ws/jaybot/include/jaybot/RangeSensor.h:15:7:[m[K [01;36m[Knote: [m[K  candidate expects 1 argument, 0 provided
[3.750s] [01m[K/home/rlagent/jay_ws/jaybot/src/range_publisher.cpp:18:27:[m[K [01;31m[Kerror: [m[Kno matching function for call to â€˜[01m[KRangesensor::Rangesensor()[m[Kâ€™
[3.750s]    18 |   : Node("range_publisher"[01;31m[K)[m[K
[3.750s]       |                           [01;31m[K^[m[K
[3.750s] In file included from [01m[K/home/rlagent/jay_ws/jaybot/src/range_publisher.cpp:10[m[K:
[3.750s] [01m[K/home/rlagent/jay_ws/jaybot/include/jaybot/RangeSensor.h:19:5:[m[K [01;36m[Knote: [m[Kcandidate: â€˜[01m[KRangesensor::Rangesensor(int, int)[m[Kâ€™
[3.751s]    19 |     [01;36m[KRangesensor[m[K(int trigpin, int echopin);
[3.751s]       |     [01;36m[K^~~~~~~~~~~[m[K
[3.751s] [01m[K/home/rlagent/jay_ws/jaybot/include/jaybot/RangeSensor.h:19:5:[m[K [01;36m[Knote: [m[K  candidate expects 2 arguments, 0 provided
[3.751s] [01m[K/home/rlagent/jay_ws/jaybot/include/jaybot/RangeSensor.h:15:7:[m[K [01;36m[Knote: [m[Kcandidate: â€˜[01m[KRangesensor::Rangesensor(const Rangesensor&)[m[Kâ€™
[3.751s]    15 | class [01;36m[KRangesensor[m[K
[3.751s]       |       [01;36m[K^~~~~~~~~~~[m[K
[3.751s] [01m[K/home/rlagent/jay_ws/jaybot/include/jaybot/RangeSensor.h:15:7:[m[K [01;36m[Knote: [m[K  candidate expects 1 argument, 0 provided
[3.752s] [01m[K/home/rlagent/jay_ws/jaybot/include/jaybot/RangeSensor.h:15:7:[m[K [01;36m[Knote: [m[Kcandidate: â€˜[01m[KRangesensor::Rangesensor(Rangesensor&&)[m[Kâ€™
[3.752s] [01m[K/home/rlagent/jay_ws/jaybot/include/jaybot/RangeSensor.h:15:7:[m[K [01;36m[Knote: [m[K  candidate expects 1 argument, 0 provided
[3.752s] [01m[K/home/rlagent/jay_ws/jaybot/src/range_publisher.cpp:18:27:[m[K [01;31m[Kerror: [m[Kno matching function for call to â€˜[01m[KRangesensor::Rangesensor()[m[Kâ€™
[3.752s]    18 |   : Node("range_publisher"[01;31m[K)[m[K
[3.752s]       |                           [01;31m[K^[m[K
[3.752s] In file included from [01m[K/home/rlagent/jay_ws/jaybot/src/range_publisher.cpp:10[m[K:
[3.752s] [01m[K/home/rlagent/jay_ws/jaybot/include/jaybot/RangeSensor.h:19:5:[m[K [01;36m[Knote: [m[Kcandidate: â€˜[01m[KRangesensor::Rangesensor(int, int)[m[Kâ€™
[3.753s]    19 |     [01;36m[KRangesensor[m[K(int trigpin, int echopin);
[3.753s]       |     [01;36m[K^~~~~~~~~~~[m[K
[3.753s] [01m[K/home/rlagent/jay_ws/jaybot/include/jaybot/RangeSensor.h:19:5:[m[K [01;36m[Knote: [m[K  candidate expects 2 arguments, 0 provided
[3.753s] [01m[K/home/rlagent/jay_ws/jaybot/include/jaybot/RangeSensor.h:15:7:[m[K [01;36m[Knote: [m[Kcandidate: â€˜[01m[KRangesensor::Rangesensor(const Rangesensor&)[m[Kâ€™
[3.753s]    15 | class [01;36m[KRangesensor[m[K
[3.753s]       |       [01;36m[K^~~~~~~~~~~[m[K
[3.753s] [01m[K/home/rlagent/jay_ws/jaybot/include/jaybot/RangeSensor.h:15:7:[m[K [01;36m[Knote: [m[K  candidate expects 1 argument, 0 provided
[3.753s] [01m[K/home/rlagent/jay_ws/jaybot/include/jaybot/RangeSensor.h:15:7:[m[K [01;36m[Knote: [m[Kcandidate: â€˜[01m[KRangesensor::Rangesensor(Rangesensor&&)[m[Kâ€™
[3.754s] [01m[K/home/rlagent/jay_ws/jaybot/include/jaybot/RangeSensor.h:15:7:[m[K [01;36m[Knote: [m[K  candidate expects 1 argument, 0 provided
[3.754s] [01m[K/home/rlagent/jay_ws/jaybot/src/range_publisher.cpp:18:27:[m[K [01;31m[Kerror: [m[Kno matching function for call to â€˜[01m[KRangesensor::Rangesensor()[m[Kâ€™
[3.754s]    18 |   : Node("range_publisher"[01;31m[K)[m[K
[3.754s]       |                           [01;31m[K^[m[K
[3.754s] In file included from [01m[K/home/rlagent/jay_ws/jaybot/src/range_publisher.cpp:10[m[K:
[3.754s] [01m[K/home/rlagent/jay_ws/jaybot/include/jaybot/RangeSensor.h:19:5:[m[K [01;36m[Knote: [m[Kcandidate: â€˜[01m[KRangesensor::Rangesensor(int, int)[m[Kâ€™
[3.754s]    19 |     [01;36m[KRangesensor[m[K(int trigpin, int echopin);
[3.755s]       |     [01;36m[K^~~~~~~~~~~[m[K
[3.755s] [01m[K/home/rlagent/jay_ws/jaybot/include/jaybot/RangeSensor.h:19:5:[m[K [01;36m[Knote: [m[K  candidate expects 2 arguments, 0 provided
[3.755s] [01m[K/home/rlagent/jay_ws/jaybot/include/jaybot/RangeSensor.h:15:7:[m[K [01;36m[Knote: [m[Kcandidate: â€˜[01m[KRangesensor::Rangesensor(const Rangesensor&)[m[Kâ€™
[3.755s]    15 | class [01;36m[KRangesensor[m[K
[3.755s]       |       [01;36m[K^~~~~~~~~~~[m[K
[3.755s] [01m[K/home/rlagent/jay_ws/jaybot/include/jaybot/RangeSensor.h:15:7:[m[K [01;36m[Knote: [m[K  candidate expects 1 argument, 0 provided
[3.756s] [01m[K/home/rlagent/jay_ws/jaybot/include/jaybot/RangeSensor.h:15:7:[m[K [01;36m[Knote: [m[Kcandidate: â€˜[01m[KRangesensor::Rangesensor(Rangesensor&&)[m[Kâ€™
[3.762s] [01m[K/home/rlagent/jay_ws/jaybot/include/jaybot/RangeSensor.h:15:7:[m[K [01;36m[Knote: [m[K  candidate expects 1 argument, 0 provided
[3.764s] [01m[K/home/rlagent/jay_ws/jaybot/src/range_publisher.cpp:26:5:[m[K [01;31m[Kerror: [m[Kâ€˜[01m[Kpublisher_[m[Kâ€™ was not declared in this scope; did you mean â€˜[01m[Krmw_publisher_t[m[Kâ€™?
[3.764s]    26 |     [01;31m[Kpublisher_[m[K = this->create_publisher<std_msgs::msg::Float64MultiArray>("range_data", 10);
[3.764s]       |     [01;31m[K^~~~~~~~~~[m[K
[3.764s]       |     [32m[Krmw_publisher_t[m[K
[3.764s] [01m[K/home/rlagent/jay_ws/jaybot/src/range_publisher.cpp:26:41:[m[K [01;31m[Kerror: [m[Kâ€˜[01m[Kstd_msgs[m[Kâ€™ was not declared in this scope
[3.764s]    26 |     publisher_ = this->create_publisher<[01;31m[Kstd_msgs[m[K::msg::Float64MultiArray>("range_data", 10);
[3.764s]       |                                         [01;31m[K^~~~~~~~[m[K
[3.765s] [01m[K/home/rlagent/jay_ws/jaybot/src/range_publisher.cpp:26:24:[m[K [01;31m[Kerror: [m[Kparse error in template argument list
[3.765s]    26 |     publisher_ = this->[01;31m[Kcreate_publisher<std_msgs::msg::Float64MultiArray>[m[K("range_data", 10);
[3.765s]       |                        [01;31m[K^~~~~~~~~~~~~~~~~~~~~~~~~~~~~~~~~~~~~~~~~~~~~~~~~~[m[K
[3.765s] [01m[K/home/rlagent/jay_ws/jaybot/src/range_publisher.cpp:26:74:[m[K [01;31m[Kerror: [m[Kno matching function for call to â€˜[01m[KRangePublisher::create_publisher<<expression error> >(const char [11], int)[m[Kâ€™
[3.765s]    26 | _ = [01;31m[Kthis->create_publisher<std_msgs::msg::Float64MultiArray>("range_data", 10)[m[K;
[3.765s]       |     [01;31m[K~~~~~~~~~~~~~~~~~~~~~~~~~~~~~~~~~~~~~~~~~~~~~~~~~~~~~~~~^~~~~~~~~~~~~~~~~~[m[K
[3.765s] 
[3.766s] In file included from [01m[K/opt/ros/humble/include/rclcpp/rclcpp/executors/single_threaded_executor.hpp:28[m[K,
[3.766s]                  from [01m[K/opt/ros/humble/include/rclcpp/rclcpp/executors.hpp:22[m[K,
[3.766s]                  from [01m[K/opt/ros/humble/include/rclcpp/rclcpp/rclcpp.hpp:155[m[K,
[3.766s]                  from [01m[K/home/rlagent/jay_ws/jaybot/src/range_publisher.cpp:7[m[K:
[3.766s] [01m[K/opt/ros/humble/include/rclcpp/rclcpp/node.hpp:195:3:[m[K [01;36m[Knote: [m[Kcandidate: â€˜[01m[Ktemplate<class MessageT, class AllocatorT, class PublisherT> std::shared_ptr<PublisherT> rclcpp::Node::create_publisher(const string&, const rclcpp::QoS&, const rclcpp::PublisherOptionsWithAllocator<AllocatorT>&)[m[Kâ€™
[3.766s]   195 |   [01;36m[Kcreate_publisher[m[K(
[3.766s]       |   [01;36m[K^~~~~~~~~~~~~~~~[m[K
[3.767s] [01m[K/opt/ros/humble/include/rclcpp/rclcpp/node.hpp:195:3:[m[K [01;36m[Knote: [m[K  template argument deduction/substitution failed:
[3.767s] [01m[K/home/rlagent/jay_ws/jaybot/src/range_publisher.cpp:26:74:[m[K [01;31m[Kerror: [m[Ktemplate argument 1 is invalid
[3.767s]    26 | _ = [01;31m[Kthis->create_publisher<std_msgs::msg::Float64MultiArray>("range_data", 10)[m[K;
[3.767s]       |     [01;31m[K~~~~~~~~~~~~~~~~~~~~~~~~~~~~~~~~~~~~~~~~~~~~~~~~~~~~~~~~^~~~~~~~~~~~~~~~~~[m[K
[3.767s] 
[3.775s] [01m[K/home/rlagent/jay_ws/jaybot/src/range_publisher.cpp:[m[K In member function â€˜[01m[Kvoid RangePublisher::timer_callback()[m[Kâ€™:
[3.775s] [01m[K/home/rlagent/jay_ws/jaybot/src/range_publisher.cpp:33:5:[m[K [01;31m[Kerror: [m[Kâ€˜[01m[Kstd_msgs[m[Kâ€™ has not been declared
[3.776s]    33 |     [01;31m[Kstd_msgs[m[K::msg::Float64MultiArray message; // replace with your message type if not available
[3.776s]       |     [01;31m[K^~~~~~~~[m[K
[3.781s] [01m[K/home/rlagent/jay_ws/jaybot/src/range_publisher.cpp:41:5:[m[K [01;31m[Kerror: [m[Kâ€˜[01m[Kmessage[m[Kâ€™ was not declared in this scope
[3.781s]    41 |     [01;31m[Kmessage[m[K.data = data;
[3.781s]       |     [01;31m[K^~~~~~~[m[K
[3.789s] [01m[K/home/rlagent/jay_ws/jaybot/src/range_publisher.cpp:43:5:[m[K [01;31m[Kerror: [m[Kâ€˜[01m[Kpublisher_[m[Kâ€™ was not declared in this scope; did you mean â€˜[01m[Krmw_publisher_t[m[Kâ€™?
[3.789s]    43 |     [01;31m[Kpublisher_[m[K->publish(message);
[3.789s]       |     [01;31m[K^~~~~~~~~~[m[K
[3.789s]       |     [32m[Krmw_publisher_t[m[K
[4.011s] [01m[K/home/rlagent/jay_ws/jaybot/src/range_subscriber.cpp:20:29:[m[K [01;31m[Kerror: [m[Kâ€˜[01m[Kmy_package[m[Kâ€™ does not name a type
[4.011s]    20 |   void topic_callback(const [01;31m[Kmy_package[m[K::msg::RangeArray::SharedPtr & msg) const // replace "my_package" with your package name
[4.012s]       |                             [01;31m[K^~~~~~~~~~[m[K
[4.012s] [01m[K/home/rlagent/jay_ws/jaybot/src/range_subscriber.cpp:20:44:[m[K [01;31m[Kerror: [m[Kexpected unqualified-id before â€˜[01m[K::[m[Kâ€™ token
[4.012s]    20 |   void topic_callback(const my_package::msg[01;31m[K::[m[KRangeArray::SharedPtr & msg) const // replace "my_package" with your package name
[4.013s]       |                                            [01;31m[K^~[m[K
[4.013s] [01m[K/home/rlagent/jay_ws/jaybot/src/range_subscriber.cpp:20:44:[m[K [01;31m[Kerror: [m[Kexpected â€˜[01m[K)[m[Kâ€™ before â€˜[01m[K::[m[Kâ€™ token
[4.013s]    20 |   void topic_callback[34m[K([m[Kconst my_package::msg[01;31m[K:[m[K[32m[K:[m[KRangeArray::SharedPtr & msg) const // replace "my_package" with your package name
[4.014s]       |                      [34m[K~[m[K                     [01;31m[K^[m[K[32m[K~[m[K
[4.014s]       |                                            [32m[K)[m[K
[4.014s] [01m[K/home/rlagent/jay_ws/jaybot/src/range_subscriber.cpp:20:41:[m[K [01;31m[Kerror: [m[Kexpected â€˜[01m[K;[m[Kâ€™ at end of member declaration
[4.014s]    20 |   void topic_callback(const my_package::[01;31m[Kmsg[m[K::RangeArray::SharedPtr & msg) const // replace "my_package" with your package name
[4.014s]       |                                         [01;31m[K^~~[m[K
[4.015s]       |                                            [32m[K;[m[K
[4.017s] [01m[K/home/rlagent/jay_ws/jaybot/src/range_subscriber.cpp:20:46:[m[K [01;31m[Kerror: [m[Kâ€˜[01m[KRangeArray[m[Kâ€™ in namespace â€˜[01m[K::[m[Kâ€™ does not name a type
[4.018s]    20 |   void topic_callback(const my_package::msg::[01;31m[KRangeArray[m[K::SharedPtr & msg) const // replace "my_package" with your package name
[4.018s]       |                                              [01;31m[K^~~~~~~~~~[m[K
[4.024s] [01m[K/home/rlagent/jay_ws/jaybot/src/range_subscriber.cpp:24:24:[m[K [01;31m[Kerror: [m[Kâ€˜[01m[Kmy_package[m[Kâ€™ was not declared in this scope
[4.024s]    24 |   rclcpp::Subscription<[01;31m[Kmy_package[m[K::msg::RangeArray>::SharedPtr subscription_; // replace "my_package" with your package name
[4.024s]       |                        [01;31m[K^~~~~~~~~~[m[K
[4.025s] [01m[K/home/rlagent/jay_ws/jaybot/src/range_subscriber.cpp:24:51:[m[K [01;31m[Kerror: [m[Ktemplate argument 1 is invalid
[4.025s]    24 |   rclcpp::Subscription<my_package::msg::RangeArray[01;31m[K>[m[K::SharedPtr subscription_; // replace "my_package" with your package name
[4.025s]       |                                                   [01;31m[K^[m[K
[4.025s] [01m[K/home/rlagent/jay_ws/jaybot/src/range_subscriber.cpp:24:51:[m[K [01;31m[Kerror: [m[Ktemplate argument 3 is invalid
[4.026s] [01m[K/home/rlagent/jay_ws/jaybot/src/range_subscriber.cpp:24:51:[m[K [01;31m[Kerror: [m[Ktemplate argument 4 is invalid
[4.026s] [01m[K/home/rlagent/jay_ws/jaybot/src/range_subscriber.cpp:24:51:[m[K [01;31m[Kerror: [m[Ktemplate argument 5 is invalid
[4.026s] [01m[K/home/rlagent/jay_ws/jaybot/src/range_subscriber.cpp:24:54:[m[K [01;31m[Kerror: [m[Kexpected â€˜[01m[K;[m[Kâ€™ at end of member declaration
[4.027s]    24 |   rclcpp::Subscription<my_package::msg::RangeArray>::[01;31m[KSharedPtr[m[K subscription_; // replace "my_package" with your package name
[4.027s]       |                                                      [01;31m[K^~~~~~~~~[m[K
[4.027s]       |                                                               [32m[K;[m[K
[4.030s] [01m[K/home/rlagent/jay_ws/jaybot/src/range_subscriber.cpp:24:64:[m[K [01;31m[Kerror: [m[Kâ€˜[01m[Ksubscription_[m[Kâ€™ does not name a type; did you mean â€˜[01m[Krmw_subscription_t[m[Kâ€™?
[4.030s]    24 |   rclcpp::Subscription<my_package::msg::RangeArray>::SharedPtr [01;31m[Ksubscription_[m[K; // replace "my_package" with your package name
[4.030s]       |                                                                [01;31m[K^~~~~~~~~~~~~[m[K
[4.030s]       |                                                                [32m[Krmw_subscription_t[m[K
[4.037s] [01m[K/home/rlagent/jay_ws/jaybot/src/range_subscriber.cpp:[m[K In constructor â€˜[01m[KRangeSubscriber::RangeSubscriber()[m[Kâ€™:
[4.037s] [01m[K/home/rlagent/jay_ws/jaybot/src/range_subscriber.cpp:15:5:[m[K [01;31m[Kerror: [m[Kâ€˜[01m[Ksubscription_[m[Kâ€™ was not declared in this scope; did you mean â€˜[01m[Krmw_subscription_t[m[Kâ€™?
[4.038s]    15 |     [01;31m[Ksubscription_[m[K = this->create_subscription<my_package::msg::RangeArray>( // replace "my_package" with your package name
[4.038s]       |     [01;31m[K^~~~~~~~~~~~~[m[K
[4.038s]       |     [32m[Krmw_subscription_t[m[K
[4.044s] [01m[K/home/rlagent/jay_ws/jaybot/src/range_subscriber.cpp:15:47:[m[K [01;31m[Kerror: [m[Kâ€˜[01m[Kmy_package[m[Kâ€™ was not declared in this scope
[4.044s]    15 |     subscription_ = this->create_subscription<[01;31m[Kmy_package[m[K::msg::RangeArray>( // replace "my_package" with your package name
[4.044s]       |                                               [01;31m[K^~~~~~~~~~[m[K
[4.045s] [01m[K/home/rlagent/jay_ws/jaybot/src/range_subscriber.cpp:15:27:[m[K [01;31m[Kerror: [m[Kparse error in template argument list
[4.045s]    15 |     subscription_ = this->[01;31m[Kcreate_subscription<my_package::msg::RangeArray>[m[K( // replace "my_package" with your package name
[4.046s]       |                           [01;31m[K^~~~~~~~~~~~~~~~~~~~~~~~~~~~~~~~~~~~~~~~~~~~~~~~[m[K
[4.052s] [01m[K/home/rlagent/jay_ws/jaybot/src/range_subscriber.cpp:15:75:[m[K [01;31m[Kerror: [m[Kno matching function for call to â€˜[01m[KRangeSubscriber::create_subscription<<expression error> >(const char [11], int, std::_Bind_helper<false, void (RangeSubscriber::*)(...), RangeSubscriber*, const std::_Placeholder<1>&>::type)[m[Kâ€™
[4.052s]    15 |     subscription_ = [01;31m[Kthis->create_subscription<my_package::msg::RangeArray>( // replace "my_package" with your package name[m[K
[4.053s]       |                     [01;31m[K~~~~~~~~~~~~~~~~~~~~~~~~~~~~~~~~~~~~~~~~~~~~~~~~~~~~~~^~~~~~~~~~~~~~~~~~~~~~~~~~~~~~~~~~~~~~~~~~~~~~~~[m[K
[4.053s]    16 | [01;31m[K      "range_data", 10, std::bind(&RangeSubscriber::topic_callback, this, _1))[m[K;
[4.053s]       |       [01;31m[K~~~~~~~~~~~~~~~~~~~~~~~~~~~~~~~~~~~~~~~~~~~~~~~~~~~~~~~~~~~~~~~~~~~~~~~~[m[K
[4.054s] In file included from [01m[K/opt/ros/humble/include/rclcpp/rclcpp/executors/single_threaded_executor.hpp:28[m[K,
[4.054s]                  from [01m[K/opt/ros/humble/include/rclcpp/rclcpp/executors.hpp:22[m[K,
[4.054s]                  from [01m[K/opt/ros/humble/include/rclcpp/rclcpp/rclcpp.hpp:155[m[K,
[4.055s]                  from [01m[K/home/rlagent/jay_ws/jaybot/src/range_subscriber.cpp:4[m[K:
[4.055s] [01m[K/opt/ros/humble/include/rclcpp/rclcpp/node.hpp:219:3:[m[K [01;36m[Knote: [m[Kcandidate: â€˜[01m[Ktemplate<class MessageT, class CallbackT, class AllocatorT, class SubscriptionT, class MessageMemoryStrategyT> std::shared_ptr<ROSMessageT> rclcpp::Node::create_subscription(const string&, const rclcpp::QoS&, CallbackT&&, const rclcpp::SubscriptionOptionsWithAllocator<AllocatorT>&, typename MessageMemoryStrategyT::SharedPtr)[m[Kâ€™
[4.055s]   219 |   [01;36m[Kcreate_subscription[m[K(
[4.056s]       |   [01;36m[K^~~~~~~~~~~~~~~~~~~[m[K
[4.056s] [01m[K/opt/ros/humble/include/rclcpp/rclcpp/node.hpp:219:3:[m[K [01;36m[Knote: [m[K  template argument deduction/substitution failed:
[4.056s] [01m[K/home/rlagent/jay_ws/jaybot/src/range_subscriber.cpp:15:75:[m[K [01;31m[Kerror: [m[Ktemplate argument 1 is invalid
[4.057s]    15 |     subscription_ = [01;31m[Kthis->create_subscription<my_package::msg::RangeArray>( // replace "my_package" with your package name[m[K
[4.057s]       |                     [01;31m[K~~~~~~~~~~~~~~~~~~~~~~~~~~~~~~~~~~~~~~~~~~~~~~~~~~~~~~^~~~~~~~~~~~~~~~~~~~~~~~~~~~~~~~~~~~~~~~~~~~~~~~[m[K
[4.057s]    16 | [01;31m[K      "range_data", 10, std::bind(&RangeSubscriber::topic_callback, this, _1))[m[K;
[4.057s]       |       [01;31m[K~~~~~~~~~~~~~~~~~~~~~~~~~~~~~~~~~~~~~~~~~~~~~~~~~~~~~~~~~~~~~~~~~~~~~~~~[m[K
[4.398s] gmake[2]: *** [CMakeFiles/range_publisher.dir/build.make:76: CMakeFiles/range_publisher.dir/src/range_publisher.cpp.o] Error 1
[4.399s] gmake[1]: *** [CMakeFiles/Makefile2:139: CMakeFiles/range_publisher.dir/all] Error 2
[4.399s] gmake[1]: *** Waiting for unfinished jobs....
[4.681s] gmake[2]: *** [CMakeFiles/range_subscriber.dir/build.make:76: CMakeFiles/range_subscriber.dir/src/range_subscriber.cpp.o] Error 1
[4.682s] gmake[1]: *** [CMakeFiles/Makefile2:165: CMakeFiles/range_subscriber.dir/all] Error 2
[4.682s] gmake: *** [Makefile:146: all] Error 2
[4.686s] Invoked command in '/home/rlagent/jay_ws/build/jaybot' returned '2': AMENT_PREFIX_PATH=/home/rlagent/jay_ws/install/rl_custom_messages:${AMENT_PREFIX_PATH} CMAKE_PREFIX_PATH=/home/rlagent/jay_ws/install/rl_custom_messages:/opt/ros/humble LD_LIBRARY_PATH=/home/rlagent/jay_ws/install/rl_custom_messages/lib:${LD_LIBRARY_PATH} PYTHONPATH=/home/rlagent/jay_ws/install/rl_custom_messages/local/lib/python3.10/dist-packages:${PYTHONPATH} /usr/bin/cmake --build /home/rlagent/jay_ws/build/jaybot -- -j2 -l2
