[01m[K/home/rlcontrol/jay_ws/jaybot/src/rl_server.cpp:117:1:[m[K [01;31m[Kerror: [m[Kstray â€˜[01m[K`[m[Kâ€™ in program
  117 | [01;31m[K`[m[K``cpp
      | [01;31m[K^[m[K
[01m[K/home/rlcontrol/jay_ws/jaybot/src/rl_server.cpp:117:2:[m[K [01;31m[Kerror: [m[Kstray â€˜[01m[K`[m[Kâ€™ in program
  117 | `[01;31m[K`[m[K`cpp
      |  [01;31m[K^[m[K
[01m[K/home/rlcontrol/jay_ws/jaybot/src/rl_server.cpp:117:3:[m[K [01;31m[Kerror: [m[Kstray â€˜[01m[K`[m[Kâ€™ in program
  117 | ``[01;31m[K`[m[Kcpp
      |   [01;31m[K^[m[K
[01m[K/home/rlcontrol/jay_ws/jaybot/src/rl_server.cpp:[m[K In member function â€˜[01m[Kvoid ImageServer::service_callback(std::shared_ptr<rl_custom_messages::srv::ImageService_Request_<std::allocator<void> > >, std::shared_ptr<rl_custom_messages::srv::ImageService_Response_<std::allocator<void> > >)[m[Kâ€™:
[01m[K/home/rlcontrol/jay_ws/jaybot/src/rl_server.cpp:89:79:[m[K [01;35m[Kwarning: [m[Kunused parameter â€˜[01m[Krequest[m[Kâ€™ [[01;35m[K]8;;https://gcc.gnu.org/onlinedocs/gcc/Warning-Options.html#index-Wunused-parameter-Wunused-parameter]8;;[m[K]
   89 |         [01;35m[Kconst std::shared_ptr<rl_custom_messages::srv::ImageService::Request> request[m[K,
      |         [01;35m[K~~~~~~~~~~~~~~~~~~~~~~~~~~~~~~~~~~~~~~~~~~~~~~~~~~~~~~~~~~~~~~~~~~~~~~^~~~~~~[m[K
[01m[K/home/rlcontrol/jay_ws/jaybot/src/rl_server.cpp:[m[K In function â€˜[01m[Kint main(int, char**)[m[Kâ€™:
[01m[K/home/rlcontrol/jay_ws/jaybot/src/rl_server.cpp:115:14:[m[K [01;31m[Kerror: [m[Kâ€˜[01m[Kclass rclcpp::executors::MultiThreadedExecutor[m[Kâ€™ has no member named â€˜[01m[KaddApologies[m[Kâ€™
  115 |     executor.[01;31m[KaddApologies[m[K for the cutoff. Here is the rest of the server code:
      |              [01;31m[K^~~~~~~~~~~~[m[K
gmake[2]: *** [CMakeFiles/rl_server.dir/build.make:76: CMakeFiles/rl_server.dir/src/rl_server.cpp.o] Error 1
gmake[1]: *** [CMakeFiles/Makefile2:226: CMakeFiles/rl_server.dir/all] Error 2
gmake: *** [Makefile:146: all] Error 2
